0 0 1 65536 1
1000 0 65537 256 1
2000 0 65793 256 1
3000 0 66049 256 1
9000 0 115457 65536 1
10000 0 180993 256 1
11000 0 181249 256 1
12000 0 181505 256 1
18000 0 230913 65536 1
19000 0 296449 256 1
20000 0 296705 256 1
21000 0 296961 256 1
27000 0 346369 65536 1
28000 0 411905 256 1
29000 0 412161 256 1
30000 0 412417 256 1
36000 0 461825 65536 1
37000 0 527361 256 1
38000 0 527617 256 1
39000 0 527873 256 1
45000 0 577281 65536 1
46000 0 642817 256 1
47000 0 643073 256 1
48000 0 643329 256 1
54000 0 692737 65536 1
55000 0 758273 256 1
56000 0 758529 256 1
57000 0 758785 256 1
63000 0 808193 65536 1
64000 0 873729 256 1
65000 0 873985 256 1
66000 0 874241 256 1
72000 0 923649 65536 1
73000 0 989185 256 1
74000 0 989441 256 1
75000 0 989697 256 1
81000 0 1039105 65536 1
82000 0 1104641 256 1
83000 0 1104897 256 1
84000 0 1105153 256 1
90000 0 1154561 65536 1
91000 0 1220097 256 1
92000 0 1220353 256 1
93000 0 1220609 256 1
99000 0 1270017 65536 1
100000 0 1335553 256 1
101000 0 1335809 256 1
102000 0 1336065 256 1
108000 0 1385473 65536 1
109000 0 1451009 256 1
110000 0 1451265 256 1
111000 0 1451521 256 1
117000 0 1500929 65536 1
118000 0 1566465 256 1
119000 0 1566721 256 1
120000 0 1566977 256 1
126000 0 1616385 65536 1
127000 0 1681921 256 1
128000 0 1682177 256 1
129000 0 1682433 256 1
135000 0 1731841 65536 1
136000 0 1797377 256 1
137000 0 1797633 256 1
138000 0 1797889 256 1
144000 0 1847297 65536 1
145000 0 1912833 4096 1
147000 0 1982465 65536 1
148000 0 2048001 16384 1
151000 0 2588673 16384 1
153000 0 2670593 65536 1
154000 0 2736129 256 1
155000 0 2736385 256 1
156000 0 2736641 256 1
162000 0 2786049 65536 1
163000 0 2851585 256 1
164000 0 2851841 256 1
165000 0 2852097 256 1
171000 0 2901505 65536 1
172000 0 2967041 256 1
173000 0 2967297 256 1
174000 0 2967553 256 1
180000 0 3016961 65536 1
181000 0 3082497 256 1
182000 0 3082753 256 1
183000 0 3083009 256 1
189000 0 3132417 65536 1
190000 0 3197953 256 1
191000 0 3198209 256 1
192000 0 3198465 256 1
198000 0 3247873 65536 1
199000 0 3313409 256 1
200000 0 3313665 256 1
201000 0 3313921 256 1
207000 0 3363329 65536 1
208000 0 3428865 256 1
209000 0 3429121 256 1
210000 0 3429377 256 1
216000 0 3478785 65536 1
217000 0 3544321 256 1
218000 0 3544577 256 1
219000 0 3544833 256 1
225000 0 3594241 65536 1
226000 0 3659777 256 1
227000 0 3660033 256 1
228000 0 3660289 256 1
234000 0 3709697 65536 1
235000 0 3775233 256 1
236000 0 3775489 256 1
237000 0 3775745 256 1
243000 0 3825153 65536 1
244000 0 3890689 256 1
245000 0 3890945 256 1
246000 0 3891201 256 1
252000 0 3940609 65536 1
253000 0 4006145 256 1
254000 0 4006401 256 1
255000 0 4006657 256 1
261000 0 4056065 65536 1
262000 0 4121601 256 1
263000 0 4121857 256 1
264000 0 4122113 256 1
270000 0 4171521 65536 1
271000 0 4237057 256 1
272000 0 4237313 256 1
273000 0 4237569 256 1
279000 0 4286977 65536 1
280000 0 4352513 256 1
281000 0 4352769 256 1
282000 0 4353025 256 1
288000 0 4402433 65536 1
289000 0 4467969 256 1
290000 0 4468225 256 1
291000 0 4468481 256 1
297000 0 4517889 65536 1
298000 0 4583425 4096 1
300000 0 4653057 65536 1
301000 0 4718593 16384 1
304000 0 5259265 16384 1
306000 0 5341185 65536 1
307000 0 5406721 256 1
308000 0 5406977 256 1
309000 0 5407233 256 1
315000 0 5456641 65536 1
316000 0 5522177 256 1
317000 0 5522433 256 1
318000 0 5522689 256 1
324000 0 5572097 65536 1
325000 0 5637633 256 1
326000 0 5637889 256 1
327000 0 5638145 256 1
333000 0 5687553 65536 1
334000 0 5753089 256 1
335000 0 5753345 256 1
336000 0 5753601 256 1
342000 0 5803009 65536 1
343000 0 5868545 256 1
344000 0 5868801 256 1
345000 0 5869057 256 1
351000 0 5918465 65536 1
352000 0 5984001 256 1
353000 0 5984257 256 1
354000 0 5984513 256 1
360000 0 6033921 65536 1
361000 0 6099457 256 1
362000 0 6099713 256 1
363000 0 6099969 256 1
369000 0 6149377 65536 1
370000 0 6214913 256 1
371000 0 6215169 256 1
372000 0 6215425 256 1
378000 0 6264833 65536 1
379000 0 6330369 256 1
380000 0 6330625 256 1
381000 0 6330881 256 1
387000 0 6380289 65536 1
388000 0 6445825 256 1
389000 0 6446081 256 1
390000 0 6446337 256 1
396000 0 6495745 65536 1
397000 0 6561281 256 1
398000 0 6561537 256 1
399000 0 6561793 256 1
405000 0 6611201 65536 1
406000 0 6676737 256 1
407000 0 6676993 256 1
408000 0 6677249 256 1
414000 0 6726657 65536 1
415000 0 6792193 256 1
416000 0 6792449 256 1
417000 0 6792705 256 1
423000 0 6842113 65536 1
424000 0 6907649 256 1
425000 0 6907905 256 1
426000 0 6908161 256 1
432000 0 6957569 65536 1
433000 0 7023105 256 1
434000 0 7023361 256 1
435000 0 7023617 256 1
441000 0 7073025 65536 1
442000 0 7138561 256 1
443000 0 7138817 256 1
444000 0 7139073 256 1
450000 0 7188481 65536 1
451000 0 7254017 4096 1
453000 0 7323649 65536 1
454000 0 7389185 16384 1
457000 0 7929857 16384 1
459000 0 8011777 65536 1
460000 0 8077313 256 1
461000 0 8077569 256 1
462000 0 8077825 256 1
468000 0 8127233 65536 1
469000 0 8192769 256 1
470000 0 8193025 256 1
471000 0 8193281 256 1
477000 0 8242689 65536 1
478000 0 8308225 256 1
479000 0 8308481 256 1
480000 0 8308737 256 1
486000 0 8358145 65536 1
487000 0 8423681 256 1
488000 0 8423937 256 1
489000 0 8424193 256 1
495000 0 8473601 65536 1
496000 0 8539137 256 1
497000 0 8539393 256 1
498000 0 8539649 256 1
504000 0 8589057 65536 1
505000 0 8654593 256 1
506000 0 8654849 256 1
507000 0 8655105 256 1
513000 0 8704513 65536 1
514000 0 8770049 256 1
515000 0 8770305 256 1
516000 0 8770561 256 1
522000 0 8819969 65536 1
523000 0 8885505 256 1
524000 0 8885761 256 1
525000 0 8886017 256 1
531000 0 8935425 65536 1
532000 0 9000961 256 1
533000 0 9001217 256 1
534000 0 9001473 256 1
540000 0 9050881 65536 1
541000 0 9116417 256 1
542000 0 9116673 256 1
543000 0 9116929 256 1
549000 0 9166337 65536 1
550000 0 9231873 256 1
551000 0 9232129 256 1
552000 0 9232385 256 1
558000 0 9281793 65536 1
559000 0 9347329 256 1
560000 0 9347585 256 1
561000 0 9347841 256 1
567000 0 9397249 65536 1
568000 0 9462785 256 1
569000 0 9463041 256 1
570000 0 9463297 256 1
576000 0 9512705 65536 1
577000 0 9578241 256 1
578000 0 9578497 256 1
579000 0 9578753 256 1
585000 0 9628161 65536 1
586000 0 9693697 256 1
587000 0 9693953 256 1
588000 0 9694209 256 1
594000 0 9743617 65536 1
595000 0 9809153 256 1
596000 0 9809409 256 1
597000 0 9809665 256 1
603000 0 9859073 65536 1
604000 0 9924609 4096 1
606000 0 9994241 65536 1
607000 0 10059777 16384 1
610000 0 10600449 16384 1
612000 0 10682369 65536 1
613000 0 10747905 256 1
614000 0 10748161 256 1
615000 0 10748417 256 1
621000 0 10797825 65536 1
622000 0 10863361 256 1
623000 0 10863617 256 1
624000 0 10863873 256 1
630000 0 10913281 65536 1
631000 0 10978817 256 1
632000 0 10979073 256 1
633000 0 10979329 256 1
639000 0 11028737 65536 1
640000 0 11094273 256 1
641000 0 11094529 256 1
642000 0 11094785 256 1
648000 0 11144193 65536 1
649000 0 11209729 256 1
650000 0 11209985 256 1
651000 0 11210241 256 1
657000 0 11259649 65536 1
658000 0 11325185 256 1
659000 0 11325441 256 1
660000 0 11325697 256 1
666000 0 11375105 65536 1
667000 0 11440641 256 1
668000 0 11440897 256 1
669000 0 11441153 256 1
675000 0 11490561 65536 1
676000 0 11556097 256 1
677000 0 11556353 256 1
678000 0 11556609 256 1
684000 0 11606017 65536 1
685000 0 11671553 256 1
686000 0 11671809 256 1
687000 0 11672065 256 1
693000 0 11721473 65536 1
694000 0 11787009 256 1
695000 0 11787265 256 1
696000 0 11787521 256 1
702000 0 11836929 65536 1
703000 0 11902465 256 1
704000 0 11902721 256 1
705000 0 11902977 256 1
711000 0 11952385 65536 1
712000 0 12017921 256 1
713000 0 12018177 256 1
714000 0 12018433 256 1
720000 0 12067841 65536 1
721000 0 12133377 256 1
722000 0 12133633 256 1
723000 0 12133889 256 1
729000 0 12183297 65536 1
730000 0 12248833 256 1
731000 0 12249089 256 1
732000 0 12249345 256 1
738000 0 12298753 65536 1
739000 0 12364289 256 1
740000 0 12364545 256 1
741000 0 12364801 256 1
747000 0 12414209 65536 1
748000 0 12479745 256 1
749000 0 12480001 256 1
750000 0 12480257 256 1
756000 0 12529665 65536 1
757000 0 12595201 4096 1
759000 0 12664833 65536 1
760000 0 12730369 16384 1
763000 0 13271041 16384 1
765000 0 13352961 65536 1
766000 0 13418497 256 1
767000 0 13418753 256 1
768000 0 13419009 256 1
774000 0 13468417 65536 1
775000 0 13533953 256 1
776000 0 13534209 256 1
777000 0 13534465 256 1
783000 0 13583873 65536 1
784000 0 13649409 256 1
785000 0 13649665 256 1
786000 0 13649921 256 1
792000 0 13699329 65536 1
793000 0 13764865 256 1
794000 0 13765121 256 1
795000 0 13765377 256 1
801000 0 13814785 65536 1
802000 0 13880321 256 1
803000 0 13880577 256 1
804000 0 13880833 256 1
810000 0 13930241 65536 1
811000 0 13995777 256 1
812000 0 13996033 256 1
813000 0 13996289 256 1
819000 0 14045697 65536 1
820000 0 14111233 256 1
821000 0 14111489 256 1
822000 0 14111745 256 1
828000 0 14161153 65536 1
829000 0 14226689 256 1
830000 0 14226945 256 1
831000 0 14227201 256 1
837000 0 14276609 65536 1
838000 0 14342145 256 1
839000 0 14342401 256 1
840000 0 14342657 256 1
846000 0 14392065 65536 1
847000 0 14457601 256 1
848000 0 14457857 256 1
849000 0 14458113 256 1
855000 0 14507521 65536 1
856000 0 14573057 256 1
857000 0 14573313 256 1
858000 0 14573569 256 1
864000 0 14622977 65536 1
865000 0 14688513 256 1
866000 0 14688769 256 1
867000 0 14689025 256 1
873000 0 14738433 65536 1
874000 0 14803969 256 1
875000 0 14804225 256 1
876000 0 14804481 256 1
882000 0 14853889 65536 1
883000 0 14919425 256 1
884000 0 14919681 256 1
885000 0 14919937 256 1
891000 0 14969345 65536 1
892000 0 15034881 256 1
893000 0 15035137 256 1
894000 0 15035393 256 1
900000 0 15084801 65536 1
901000 0 15150337 256 1
902000 0 15150593 256 1
903000 0 15150849 256 1
909000 0 15200257 65536 1
910000 0 15265793 4096 1
912000 0 15335425 65536 1
913000 0 15400961 16384 1
916000 0 15941633 16384 1
918000 0 16023553 65536 1
919000 0 16089089 256 1
920000 0 16089345 256 1
921000 0 16089601 256 1
927000 0 16139009 65536 1
928000 0 16204545 256 1
929000 0 16204801 256 1
930000 0 16205057 256 1
936000 0 16254465 65536 1
937000 0 16320001 256 1
938000 0 16320257 256 1
939000 0 16320513 256 1
945000 0 16369921 65536 1
946000 0 16435457 256 1
947000 0 16435713 256 1
948000 0 16435969 256 1
954000 0 16485377 65536 1
955000 0 16550913 256 1
956000 0 16551169 256 1
957000 0 16551425 256 1
963000 0 16600833 65536 1
964000 0 16666369 256 1
965000 0 16666625 256 1
966000 0 16666881 256 1
972000 0 16716289 65536 1
973000 0 16781825 256 1
974000 0 16782081 256 1
975000 0 16782337 256 1
981000 0 16831745 65536 1
982000 0 16897281 256 1
983000 0 16897537 256 1
984000 0 16897793 256 1
990000 0 16947201 65536 1
991000 0 17012737 256 1
992000 0 17012993 256 1
993000 0 17013249 256 1
999000 0 17062657 65536 1
1000000 0 17128193 256 1
1001000 0 17128449 256 1
1002000 0 17128705 256 1
1008000 0 17178113 65536 1
1009000 0 17243649 256 1
1010000 0 17243905 256 1
1011000 0 17244161 256 1
1017000 0 17293569 65536 1
1018000 0 17359105 256 1
1019000 0 17359361 256 1
1020000 0 17359617 256 1
1026000 0 17409025 65536 1
1027000 0 17474561 256 1
1028000 0 17474817 256 1
1029000 0 17475073 256 1
1035000 0 17524481 65536 1
1036000 0 17590017 256 1
1037000 0 17590273 256 1
1038000 0 17590529 256 1
1044000 0 17639937 65536 1
1045000 0 17705473 256 1
1046000 0 17705729 256 1
1047000 0 17705985 256 1
1053000 0 17755393 65536 1
1054000 0 17820929 256 1
1055000 0 17821185 256 1
1056000 0 17821441 256 1
1062000 0 17870849 65536 1
1063000 0 17936385 4096 1
1065000 0 18006017 65536 1
1066000 0 18071553 16384 1
1069000 0 18612225 16384 1
1071000 0 18694145 65536 1
1072000 0 18759681 256 1
1073000 0 18759937 256 1
1074000 0 18760193 256 1
1080000 0 18809601 65536 1
1081000 0 18875137 256 1
1082000 0 18875393 256 1
1083000 0 18875649 256 1
1089000 0 18925057 65536 1
1090000 0 18990593 256 1
1091000 0 18990849 256 1
1092000 0 18991105 256 1
1098000 0 19040513 65536 1
1099000 0 19106049 256 1
1100000 0 19106305 256 1
1101000 0 19106561 256 1
1107000 0 19155969 65536 1
1108000 0 19221505 256 1
1109000 0 19221761 256 1
1110000 0 19222017 256 1
1116000 0 19271425 65536 1
1117000 0 19336961 256 1
1118000 0 19337217 256 1
1119000 0 19337473 256 1
1125000 0 19386881 65536 1
1126000 0 19452417 256 1
1127000 0 19452673 256 1
1128000 0 19452929 256 1
1134000 0 19502337 65536 1
1135000 0 19567873 256 1
1136000 0 19568129 256 1
1137000 0 19568385 256 1
1143000 0 19617793 65536 1
1144000 0 19683329 256 1
1145000 0 19683585 256 1
1146000 0 19683841 256 1
1152000 0 19733249 65536 1
1153000 0 19798785 256 1
1154000 0 19799041 256 1
1155000 0 19799297 256 1
1161000 0 19848705 65536 1
1162000 0 19914241 256 1
1163000 0 19914497 256 1
1164000 0 19914753 256 1
1170000 0 19964161 65536 1
1171000 0 20029697 256 1
1172000 0 20029953 256 1
1173000 0 20030209 256 1
1179000 0 20079617 65536 1
1180000 0 20145153 256 1
1181000 0 20145409 256 1
1182000 0 20145665 256 1
1188000 0 20195073 65536 1
1189000 0 20260609 256 1
1190000 0 20260865 256 1
1191000 0 20261121 256 1
1197000 0 20310529 65536 1
1198000 0 20376065 256 1
1199000 0 20376321 256 1
1200000 0 20376577 256 1
1206000 0 20425985 65536 1
1207000 0 20491521 256 1
1208000 0 20491777 256 1
1209000 0 20492033 256 1
1215000 0 20541441 65536 1
1216000 0 20606977 4096 1
1218000 0 20676609 65536 1
1219000 0 20742145 16384 1
1222000 0 21282817 16384 1
1224000 0 21364737 65536 1
1225000 0 21430273 256 1
1226000 0 21430529 256 1
1227000 0 21430785 256 1
1233000 0 21480193 65536 1
1234000 0 21545729 256 1
1235000 0 21545985 256 1
1236000 0 21546241 256 1
1242000 0 21595649 65536 1
1243000 0 21661185 256 1
1244000 0 21661441 256 1
1245000 0 21661697 256 1
1251000 0 21711105 65536 1
1252000 0 21776641 256 1
1253000 0 21776897 256 1
1254000 0 21777153 256 1
1260000 0 21826561 65536 1
1261000 0 21892097 256 1
1262000 0 21892353 256 1
1263000 0 21892609 256 1
1269000 0 21942017 65536 1
1270000 0 22007553 256 1
1271000 0 22007809 256 1
1272000 0 22008065 256 1
1278000 0 22057473 65536 1
1279000 0 22123009 256 1
1280000 0 22123265 256 1
1281000 0 22123521 256 1
1287000 0 22172929 65536 1
1288000 0 22238465 256 1
1289000 0 22238721 256 1
1290000 0 22238977 256 1
1296000 0 22288385 65536 1
1297000 0 22353921 256 1
1298000 0 22354177 256 1
1299000 0 22354433 256 1
1305000 0 22403841 65536 1
1306000 0 22469377 256 1
1307000 0 22469633 256 1
1308000 0 22469889 256 1
1314000 0 22519297 65536 1
1315000 0 22584833 256 1
1316000 0 22585089 256 1
1317000 0 22585345 256 1
1323000 0 22634753 65536 1
1324000 0 22700289 256 1
1325000 0 22700545 256 1
1326000 0 22700801 256 1
1332000 0 22750209 65536 1
1333000 0 22815745 256 1
1334000 0 22816001 256 1
1335000 0 22816257 256 1
1341000 0 22865665 65536 1
1342000 0 22931201 256 1
1343000 0 22931457 256 1
1344000 0 22931713 256 1
1350000 0 22981121 65536 1
1351000 0 23046657 256 1
1352000 0 23046913 256 1
1353000 0 23047169 256 1
1359000 0 23096577 65536 1
1360000 0 23162113 256 1
1361000 0 23162369 256 1
1362000 0 23162625 256 1
1368000 0 23212033 65536 1
1369000 0 23277569 4096 1
1371000 0 23347201 65536 1
1372000 0 23412737 16384 1
1375000 0 23953409 16384 1
1377000 0 24035329 65536 1
1378000 0 24100865 256 1
1379000 0 24101121 256 1
1380000 0 24101377 256 1
1386000 0 24150785 65536 1
1387000 0 24216321 256 1
1388000 0 24216577 256 1
1389000 0 24216833 256 1
1395000 0 24266241 65536 1
1396000 0 24331777 256 1
1397000 0 24332033 256 1
1398000 0 24332289 256 1
1404000 0 24381697 65536 1
1405000 0 24447233 256 1
1406000 0 24447489 256 1
1407000 0 24447745 256 1
1413000 0 24497153 65536 1
1414000 0 24562689 256 1
1415000 0 24562945 256 1
1416000 0 24563201 256 1
1422000 0 24612609 65536 1
1423000 0 24678145 256 1
1424000 0 24678401 256 1
1425000 0 24678657 256 1
1431000 0 24728065 65536 1
1432000 0 24793601 256 1
1433000 0 24793857 256 1
1434000 0 24794113 256 1
1440000 0 24843521 65536 1
1441000 0 24909057 256 1
1442000 0 24909313 256 1
1443000 0 24909569 256 1
1449000 0 24958977 65536 1
1450000 0 25024513 256 1
1451000 0 25024769 256 1
1452000 0 25025025 256 1
1458000 0 25074433 65536 1
1459000 0 25139969 256 1
1460000 0 25140225 256 1
1461000 0 25140481 256 1
1467000 0 25189889 65536 1
1468000 0 25255425 256 1
1469000 0 25255681 256 1
1470000 0 25255937 256 1
1476000 0 25305345 65536 1
1477000 0 25370881 256 1
1478000 0 25371137 256 1
1479000 0 25371393 256 1
1485000 0 25420801 65536 1
1486000 0 25486337 256 1
1487000 0 25486593 256 1
1488000 0 25486849 256 1
1494000 0 25536257 65536 1
1495000 0 25601793 256 1
1496000 0 25602049 256 1
1497000 0 25602305 256 1
1503000 0 25651713 65536 1
1504000 0 25717249 256 1
1505000 0 25717505 256 1
1506000 0 25717761 256 1
1512000 0 25767169 65536 1
1513000 0 25832705 256 1
1514000 0 25832961 256 1
1515000 0 25833217 256 1
1521000 0 25882625 65536 1
1522000 0 25948161 4096 1
1524000 0 26017793 65536 1
1525000 0 26083329 16384 1
1528000 0 26624001 16384 1
1530000 0 26705921 65536 1
1531000 0 26771457 256 1
1532000 0 26771713 256 1
1533000 0 26771969 256 1
1539000 0 26821377 65536 1
1540000 0 26886913 256 1
1541000 0 26887169 256 1
1542000 0 26887425 256 1
1548000 0 26936833 65536 1
1549000 0 27002369 256 1
1550000 0 27002625 256 1
1551000 0 27002881 256 1
1557000 0 27052289 65536 1
1558000 0 27117825 256 1
1559000 0 27118081 256 1
1560000 0 27118337 256 1
1566000 0 27167745 65536 1
1567000 0 27233281 256 1
1568000 0 27233537 256 1
1569000 0 27233793 256 1
1575000 0 27283201 65536 1
1576000 0 27348737 256 1
1577000 0 27348993 256 1
1578000 0 27349249 256 1
1584000 0 27398657 65536 1
1585000 0 27464193 256 1
1586000 0 27464449 256 1
1587000 0 27464705 256 1
1593000 0 27514113 65536 1
1594000 0 27579649 256 1
1595000 0 27579905 256 1
1596000 0 27580161 256 1
1602000 0 27629569 65536 1
1603000 0 27695105 256 1
1604000 0 27695361 256 1
1605000 0 27695617 256 1
1611000 0 27745025 65536 1
1612000 0 27810561 256 1
1613000 0 27810817 256 1
1614000 0 27811073 256 1
1620000 0 27860481 65536 1
1621000 0 27926017 256 1
1622000 0 27926273 256 1
1623000 0 27926529 256 1
1629000 0 27975937 65536 1
1630000 0 28041473 256 1
1631000 0 28041729 256 1
1632000 0 28041985 256 1
1638000 0 28091393 65536 1
1639000 0 28156929 256 1
1640000 0 28157185 256 1
1641000 0 28157441 256 1
1647000 0 28206849 65536 1
1648000 0 28272385 256 1
1649000 0 28272641 256 1
1650000 0 28272897 256 1
1656000 0 28322305 65536 1
1657000 0 28387841 256 1
1658000 0 28388097 256 1
1659000 0 28388353 256 1
1665000 0 28437761 65536 1
1666000 0 28503297 256 1
1667000 0 28503553 256 1
1668000 0 28503809 256 1
1674000 0 28553217 65536 1
1675000 0 28618753 4096 1
1677000 0 28688385 65536 1
1678000 0 28753921 16384 1
1681000 0 29294593 16384 1
1683000 0 29376513 65536 1
1684000 0 29442049 256 1
1685000 0 29442305 256 1
1686000 0 29442561 256 1
1692000 0 29491969 65536 1
1693000 0 29557505 256 1
1694000 0 29557761 256 1
1695000 0 29558017 256 1
1701000 0 29607425 65536 1
1702000 0 29672961 256 1
1703000 0 29673217 256 1
1704000 0 29673473 256 1
1710000 0 29722881 65536 1
1711000 0 29788417 256 1
1712000 0 29788673 256 1
1713000 0 29788929 256 1
1719000 0 29838337 65536 1
1720000 0 29903873 256 1
1721000 0 29904129 256 1
1722000 0 29904385 256 1
1728000 0 29953793 65536 1
1729000 0 30019329 256 1
1730000 0 30019585 256 1
1731000 0 30019841 256 1
1737000 0 30069249 65536 1
1738000 0 30134785 256 1
1739000 0 30135041 256 1
1740000 0 30135297 256 1
1746000 0 30184705 65536 1
1747000 0 30250241 256 1
1748000 0 30250497 256 1
1749000 0 30250753 256 1
1755000 0 30300161 65536 1
1756000 0 30365697 256 1
1757000 0 30365953 256 1
1758000 0 30366209 256 1
1764000 0 30415617 65536 1
1765000 0 30481153 256 1
1766000 0 30481409 256 1
1767000 0 30481665 256 1
1773000 0 30531073 65536 1
1774000 0 30596609 256 1
1775000 0 30596865 256 1
1776000 0 30597121 256 1
1782000 0 30646529 65536 1
1783000 0 30712065 256 1
1784000 0 30712321 256 1
1785000 0 30712577 256 1
1791000 0 30761985 65536 1
1792000 0 30827521 256 1
1793000 0 30827777 256 1
1794000 0 30828033 256 1
1800000 0 30877441 65536 1
1801000 0 30942977 256 1
1802000 0 30943233 256 1
1803000 0 30943489 256 1
1809000 0 30992897 65536 1
1810000 0 31058433 256 1
1811000 0 31058689 256 1
1812000 0 31058945 256 1
1818000 0 31108353 65536 1
1819000 0 31173889 256 1
1820000 0 31174145 256 1
1821000 0 31174401 256 1
1827000 0 31223809 65536 1
1828000 0 31289345 4096 1
1830000 0 31358977 65536 1
1831000 0 31424513 16384 1
1834000 0 31965185 16384 1
1836000 0 32047105 65536 1
1837000 0 32112641 256 1
1838000 0 32112897 256 1
1839000 0 32113153 256 1
1845000 0 32162561 65536 1
1846000 0 32228097 256 1
1847000 0 32228353 256 1
1848000 0 32228609 256 1
1854000 0 32278017 65536 1
1855000 0 32343553 256 1
1856000 0 32343809 256 1
1857000 0 32344065 256 1
1863000 0 32393473 65536 1
1864000 0 32459009 256 1
1865000 0 32459265 256 1
1866000 0 32459521 256 1
1872000 0 32508929 65536 1
1873000 0 32574465 256 1
1874000 0 32574721 256 1
1875000 0 32574977 256 1
1881000 0 32624385 65536 1
1882000 0 32689921 256 1
1883000 0 32690177 256 1
1884000 0 32690433 256 1
1890000 0 32739841 65536 1
1891000 0 32805377 256 1
1892000 0 32805633 256 1
1893000 0 32805889 256 1
1899000 0 32855297 65536 1
1900000 0 32920833 256 1
1901000 0 32921089 256 1
1902000 0 32921345 256 1
1908000 0 32970753 65536 1
1909000 0 33036289 256 1
1910000 0 33036545 256 1
1911000 0 33036801 256 1
1917000 0 33086209 65536 1
1918000 0 33151745 256 1
1919000 0 33152001 256 1
1920000 0 33152257 256 1
1926000 0 33201665 65536 1
1927000 0 33267201 256 1
1928000 0 33267457 256 1
1929000 0 33267713 256 1
1935000 0 33317121 65536 1
1936000 0 33382657 256 1
1937000 0 33382913 256 1
1938000 0 33383169 256 1
1944000 0 33432577 65536 1
1945000 0 33498113 256 1
1946000 0 33498369 256 1
1947000 0 33498625 256 1
1953000 0 33548033 65536 1
1954000 0 33613569 256 1
1955000 0 33613825 256 1
1956000 0 33614081 256 1
1962000 0 33663489 65536 1
1963000 0 33729025 256 1
1964000 0 33729281 256 1
1965000 0 33729537 256 1
1971000 0 33778945 65536 1
1972000 0 33844481 256 1
1973000 0 33844737 256 1
1974000 0 33844993 256 1
1980000 0 33894401 65536 1
1981000 0 33959937 4096 1
1983000 0 34029569 65536 1
1984000 0 34095105 16384 1
1987000 0 34635777 16384 1
1989000 0 34717697 65536 1
1990000 0 34783233 256 1
1991000 0 34783489 256 1
1992000 0 34783745 256 1
1998000 0 34833153 65536 1
1999000 0 34898689 256 1
2000000 0 34898945 256 1
2001000 0 34899201 256 1
2007000 0 34948609 65536 1
2008000 0 35014145 256 1
2009000 0 35014401 256 1
2010000 0 35014657 256 1
2016000 0 35064065 65536 1
2017000 0 35129601 256 1
2018000 0 35129857 256 1
2019000 0 35130113 256 1
2025000 0 35179521 65536 1
2026000 0 35245057 256 1
2027000 0 35245313 256 1
2028000 0 35245569 256 1
2034000 0 35294977 65536 1
2035000 0 35360513 256 1
2036000 0 35360769 256 1
2037000 0 35361025 256 1
2043000 0 35410433 65536 1
2044000 0 35475969 256 1
2045000 0 35476225 256 1
2046000 0 35476481 256 1
2052000 0 35525889 65536 1
2053000 0 35591425 256 1
2054000 0 35591681 256 1
2055000 0 35591937 256 1
2061000 0 35641345 65536 1
2062000 0 35706881 256 1
2063000 0 35707137 256 1
2064000 0 35707393 256 1
2070000 0 35756801 65536 1
2071000 0 35822337 256 1
2072000 0 35822593 256 1
2073000 0 35822849 256 1
2079000 0 35872257 65536 1
2080000 0 35937793 256 1
2081000 0 35938049 256 1
2082000 0 35938305 256 1
2088000 0 35987713 65536 1
2089000 0 36053249 256 1
2090000 0 36053505 256 1
2091000 0 36053761 256 1
2097000 0 36103169 65536 1
2098000 0 36168705 256 1
2099000 0 36168961 256 1
2100000 0 36169217 256 1
2106000 0 36218625 65536 1
2107000 0 36284161 256 1
2108000 0 36284417 256 1
2109000 0 36284673 256 1
2115000 0 36334081 65536 1
2116000 0 36399617 256 1
2117000 0 36399873 256 1
2118000 0 36400129 256 1
2124000 0 36449537 65536 1
2125000 0 36515073 256 1
2126000 0 36515329 256 1
2127000 0 36515585 256 1
2133000 0 36564993 65536 1
2134000 0 36630529 4096 1
2136000 0 36700161 65536 1
2137000 0 36765697 16384 1
2140000 0 37306369 16384 1
2142000 0 37388289 65536 1
2143000 0 37453825 256 1
2144000 0 37454081 256 1
2145000 0 37454337 256 1
2151000 0 37503745 65536 1
2152000 0 37569281 256 1
2153000 0 37569537 256 1
2154000 0 37569793 256 1
2160000 0 37619201 65536 1
2161000 0 37684737 256 1
2162000 0 37684993 256 1
2163000 0 37685249 256 1
2169000 0 37734657 65536 1
2170000 0 37800193 256 1
2171000 0 37800449 256 1
2172000 0 37800705 256 1
2178000 0 37850113 65536 1
2179000 0 37915649 256 1
2180000 0 37915905 256 1
2181000 0 37916161 256 1
2187000 0 37965569 65536 1
2188000 0 38031105 256 1
2189000 0 38031361 256 1
2190000 0 38031617 256 1
2196000 0 38081025 65536 1
2197000 0 38146561 256 1
2198000 0 38146817 256 1
2199000 0 38147073 256 1
2205000 0 38196481 65536 1
2206000 0 38262017 256 1
2207000 0 38262273 256 1
2208000 0 38262529 256 1
2214000 0 38311937 65536 1
2215000 0 38377473 256 1
2216000 0 38377729 256 1
2217000 0 38377985 256 1
2223000 0 38427393 65536 1
2224000 0 38492929 256 1
2225000 0 38493185 256 1
2226000 0 38493441 256 1
2232000 0 38542849 65536 1
2233000 0 38608385 256 1
2234000 0 38608641 256 1
2235000 0 38608897 256 1
2241000 0 38658305 65536 1
2242000 0 38723841 256 1
2243000 0 38724097 256 1
2244000 0 38724353 256 1
2250000 0 38773761 65536 1
2251000 0 38839297 256 1
2252000 0 38839553 256 1
2253000 0 38839809 256 1
2259000 0 38889217 65536 1
2260000 0 38954753 256 1
2261000 0 38955009 256 1
2262000 0 38955265 256 1
2268000 0 39004673 65536 1
2269000 0 39070209 256 1
2270000 0 39070465 256 1
2271000 0 39070721 256 1
2277000 0 39120129 65536 1
2278000 0 39185665 256 1
2279000 0 39185921 256 1
2280000 0 39186177 256 1
2286000 0 39235585 65536 1
2287000 0 39301121 4096 1
2289000 0 39370753 65536 1
2290000 0 39436289 16384 1
2293000 0 39976961 16384 1
2295000 0 40058881 65536 1
2296000 0 40124417 256 1
2297000 0 40124673 256 1
2298000 0 40124929 256 1
2304000 0 40174337 65536 1
2305000 0 40239873 256 1
2306000 0 40240129 256 1
2307000 0 40240385 256 1
2313000 0 40289793 65536 1
2314000 0 40355329 256 1
2315000 0 40355585 256 1
2316000 0 40355841 256 1
2322000 0 40405249 65536 1
2323000 0 40470785 256 1
2324000 0 40471041 256 1
2325000 0 40471297 256 1
2331000 0 40520705 65536 1
2332000 0 40586241 256 1
2333000 0 40586497 256 1
2334000 0 40586753 256 1
2340000 0 40636161 65536 1
2341000 0 40701697 256 1
2342000 0 40701953 256 1
2343000 0 40702209 256 1
2349000 0 40751617 65536 1
2350000 0 40817153 256 1
2351000 0 40817409 256 1
2352000 0 40817665 256 1
2358000 0 40867073 65536 1
2359000 0 40932609 256 1
2360000 0 40932865 256 1
2361000 0 40933121 256 1
2367000 0 40982529 65536 1
2368000 0 41048065 256 1
2369000 0 41048321 256 1
2370000 0 41048577 256 1
2376000 0 41097985 65536 1
2377000 0 41163521 256 1
2378000 0 41163777 256 1
2379000 0 41164033 256 1
2385000 0 41213441 65536 1
2386000 0 41278977 256 1
2387000 0 41279233 256 1
2388000 0 41279489 256 1
2394000 0 41328897 65536 1
2395000 0 41394433 256 1
2396000 0 41394689 256 1
2397000 0 41394945 256 1
2403000 0 41444353 65536 1
2404000 0 41509889 256 1
2405000 0 41510145 256 1
2406000 0 41510401 256 1
2412000 0 41559809 65536 1
2413000 0 41625345 256 1
2414000 0 41625601 256 1
2415000 0 41625857 256 1
2421000 0 41675265 65536 1
2422000 0 41740801 256 1
2423000 0 41741057 256 1
2424000 0 41741313 256 1
2430000 0 41790721 65536 1
2431000 0 41856257 256 1
2432000 0 41856513 256 1
2433000 0 41856769 256 1
2439000 0 41906177 65536 1
2440000 0 41971713 4096 1
2442000 0 42041345 65536 1
2443000 0 42106881 16384 1
2446000 0 42647553 16384 1
2448000 0 42729473 65536 1
2449000 0 42795009 256 1
2450000 0 42795265 256 1
2451000 0 42795521 256 1
2457000 0 42844929 65536 1
2458000 0 42910465 256 1
2459000 0 42910721 256 1
2460000 0 42910977 256 1
2466000 0 42960385 65536 1
2467000 0 43025921 256 1
2468000 0 43026177 256 1
2469000 0 43026433 256 1
2475000 0 43075841 65536 1
2476000 0 43141377 256 1
2477000 0 43141633 256 1
2478000 0 43141889 256 1
2484000 0 43191297 65536 1
2485000 0 43256833 256 1
2486000 0 43257089 256 1
2487000 0 43257345 256 1
2493000 0 43306753 65536 1
2494000 0 43372289 256 1
2495000 0 43372545 256 1
2496000 0 43372801 256 1
2502000 0 43422209 65536 1
2503000 0 43487745 256 1
2504000 0 43488001 256 1
2505000 0 43488257 256 1
2511000 0 43537665 65536 1
2512000 0 43603201 256 1
2513000 0 43603457 256 1
2514000 0 43603713 256 1
2520000 0 43653121 65536 1
2521000 0 43718657 256 1
2522000 0 43718913 256 1
2523000 0 43719169 256 1
2529000 0 43768577 65536 1
2530000 0 43834113 256 1
2531000 0 43834369 256 1
2532000 0 43834625 256 1
2538000 0 43884033 65536 1
2539000 0 43949569 256 1
2540000 0 43949825 256 1
2541000 0 43950081 256 1
2547000 0 43999489 65536 1
2548000 0 44065025 256 1
2549000 0 44065281 256 1
2550000 0 44065537 256 1
2556000 0 44114945 65536 1
2557000 0 44180481 256 1
2558000 0 44180737 256 1
2559000 0 44180993 256 1
2565000 0 44230401 65536 1
2566000 0 44295937 256 1
2567000 0 44296193 256 1
2568000 0 44296449 256 1
2574000 0 44345857 65536 1
2575000 0 44411393 256 1
2576000 0 44411649 256 1
2577000 0 44411905 256 1
2583000 0 44461313 65536 1
2584000 0 44526849 256 1
2585000 0 44527105 256 1
2586000 0 44527361 256 1
2592000 0 44576769 65536 1
2593000 0 44642305 4096 1
2595000 0 44711937 65536 1
2596000 0 44777473 16384 1
2599000 0 45318145 16384 1
2601000 0 45400065 65536 1
2602000 0 45465601 256 1
2603000 0 45465857 256 1
2604000 0 45466113 256 1
2610000 0 45515521 65536 1
2611000 0 45581057 256 1
2612000 0 45581313 256 1
2613000 0 45581569 256 1
2619000 0 45630977 65536 1
2620000 0 45696513 256 1
2621000 0 45696769 256 1
2622000 0 45697025 256 1
2628000 0 45746433 65536 1
2629000 0 45811969 256 1
2630000 0 45812225 256 1
2631000 0 45812481 256 1
2637000 0 45861889 65536 1
2638000 0 45927425 256 1
2639000 0 45927681 256 1
2640000 0 45927937 256 1
2646000 0 45977345 65536 1
2647000 0 46042881 256 1
2648000 0 46043137 256 1
2649000 0 46043393 256 1
2655000 0 46092801 65536 1
2656000 0 46158337 256 1
2657000 0 46158593 256 1
2658000 0 46158849 256 1
2664000 0 46208257 65536 1
2665000 0 46273793 256 1
2666000 0 46274049 256 1
2667000 0 46274305 256 1
2673000 0 46323713 65536 1
2674000 0 46389249 256 1
2675000 0 46389505 256 1
2676000 0 46389761 256 1
2682000 0 46439169 65536 1
2683000 0 46504705 256 1
2684000 0 46504961 256 1
2685000 0 46505217 256 1
2691000 0 46554625 65536 1
2692000 0 46620161 256 1
2693000 0 46620417 256 1
2694000 0 46620673 256 1
2700000 0 46670081 65536 1
2701000 0 46735617 256 1
2702000 0 46735873 256 1
2703000 0 46736129 256 1
2709000 0 46785537 65536 1
2710000 0 46851073 256 1
2711000 0 46851329 256 1
2712000 0 46851585 256 1
2718000 0 46900993 65536 1
2719000 0 46966529 256 1
2720000 0 46966785 256 1
2721000 0 46967041 256 1
2727000 0 47016449 65536 1
2728000 0 47081985 256 1
2729000 0 47082241 256 1
2730000 0 47082497 256 1
2736000 0 47131905 65536 1
2737000 0 47197441 256 1
2738000 0 47197697 256 1
2739000 0 47197953 256 1
2745000 0 47247361 65536 1
2746000 0 47312897 4096 1
2748000 0 47382529 65536 1
2749000 0 47448065 16384 1
2752000 0 47988737 16384 1
2754000 0 48070657 65536 1
2755000 0 48136193 256 1
2756000 0 48136449 256 1
2757000 0 48136705 256 1
2763000 0 48186113 65536 1
2764000 0 48251649 256 1
2765000 0 48251905 256 1
2766000 0 48252161 256 1
2772000 0 48301569 65536 1
2773000 0 48367105 256 1
2774000 0 48367361 256 1
2775000 0 48367617 256 1
2781000 0 48417025 65536 1
2782000 0 48482561 256 1
2783000 0 48482817 256 1
2784000 0 48483073 256 1
2790000 0 48532481 65536 1
2791000 0 48598017 256 1
2792000 0 48598273 256 1
2793000 0 48598529 256 1
2799000 0 48647937 65536 1
2800000 0 48713473 256 1
2801000 0 48713729 256 1
2802000 0 48713985 256 1
2808000 0 48763393 65536 1
2809000 0 48828929 256 1
2810000 0 48829185 256 1
2811000 0 48829441 256 1
2817000 0 48878849 65536 1
2818000 0 48944385 256 1
2819000 0 48944641 256 1
2820000 0 48944897 256 1
2826000 0 48994305 65536 1
2827000 0 49059841 256 1
2828000 0 49060097 256 1
2829000 0 49060353 256 1
2835000 0 49109761 65536 1
2836000 0 49175297 256 1
2837000 0 49175553 256 1
2838000 0 49175809 256 1
2844000 0 49225217 65536 1
2845000 0 49290753 256 1
2846000 0 49291009 256 1
2847000 0 49291265 256 1
2853000 0 49340673 65536 1
2854000 0 49406209 256 1
2855000 0 49406465 256 1
2856000 0 49406721 256 1
2862000 0 49456129 65536 1
2863000 0 49521665 256 1
2864000 0 49521921 256 1
2865000 0 49522177 256 1
2871000 0 49571585 65536 1
2872000 0 49637121 256 1
2873000 0 49637377 256 1
2874000 0 49637633 256 1
2880000 0 49687041 65536 1
2881000 0 49752577 256 1
2882000 0 49752833 256 1
2883000 0 49753089 256 1
2889000 0 49802497 65536 1
2890000 0 49868033 256 1
2891000 0 49868289 256 1
2892000 0 49868545 256 1
2898000 0 49917953 65536 1
2899000 0 49983489 4096 1
2901000 0 50053121 65536 1
2902000 0 50118657 16384 1
2905000 0 50659329 16384 1
2907000 0 50741249 65536 1
2908000 0 50806785 256 1
2909000 0 50807041 256 1
2910000 0 50807297 256 1
2916000 0 50856705 65536 1
2917000 0 50922241 256 1
2918000 0 50922497 256 1
2919000 0 50922753 256 1
2925000 0 50972161 65536 1
2926000 0 51037697 256 1
2927000 0 51037953 256 1
2928000 0 51038209 256 1
2934000 0 51087617 65536 1
2935000 0 51153153 256 1
2936000 0 51153409 256 1
2937000 0 51153665 256 1
2943000 0 51203073 65536 1
2944000 0 51268609 256 1
2945000 0 51268865 256 1
2946000 0 51269121 256 1
2952000 0 51318529 65536 1
2953000 0 51384065 256 1
2954000 0 51384321 256 1
2955000 0 51384577 256 1
2961000 0 51433985 65536 1
2962000 0 51499521 256 1
2963000 0 51499777 256 1
2964000 0 51500033 256 1
2970000 0 51549441 65536 1
2971000 0 51614977 256 1
2972000 0 51615233 256 1
2973000 0 51615489 256 1
2979000 0 51664897 65536 1
2980000 0 51730433 256 1
2981000 0 51730689 256 1
2982000 0 51730945 256 1
2988000 0 51780353 65536 1
2989000 0 51845889 256 1
2990000 0 51846145 256 1
2991000 0 51846401 256 1
2997000 0 51895809 65536 1
2998000 0 51961345 256 1
2999000 0 51961601 256 1
3000000 0 51961857 256 1
3006000 0 52011265 65536 1
3007000 0 52076801 256 1
3008000 0 52077057 256 1
3009000 0 52077313 256 1
3015000 0 52126721 65536 1
3016000 0 52192257 256 1
3017000 0 52192513 256 1
3018000 0 52192769 256 1
3024000 0 52242177 65536 1
3025000 0 52307713 256 1
3026000 0 52307969 256 1
3027000 0 52308225 256 1
3033000 0 52357633 65536 1
3034000 0 52423169 256 1
3035000 0 52423425 256 1
3036000 0 52423681 256 1
3042000 0 52473089 65536 1
3043000 0 52538625 256 1
3044000 0 52538881 256 1
3045000 0 52539137 256 1
3051000 0 52588545 65536 1
3052000 0 52654081 4096 1
3054000 0 52723713 65536 1
3055000 0 52789249 16384 1
3058000 0 53329921 16384 1
3060000 0 53411841 65536 1
3061000 0 53477377 256 1
3062000 0 53477633 256 1
3063000 0 53477889 256 1
3069000 0 53527297 65536 1
3070000 0 53592833 256 1
3071000 0 53593089 256 1
3072000 0 53593345 256 1
3078000 0 53642753 65536 1
3079000 0 53708289 256 1
3080000 0 53708545 256 1
3081000 0 53708801 256 1
3087000 0 53758209 65536 1
3088000 0 53823745 256 1
3089000 0 53824001 256 1
3090000 0 53824257 256 1
3096000 0 53873665 65536 1
3097000 0 53939201 256 1
3098000 0 53939457 256 1
3099000 0 53939713 256 1
3105000 0 53989121 65536 1
3106000 0 54054657 256 1
3107000 0 54054913 256 1
3108000 0 54055169 256 1
3114000 0 54104577 65536 1
3115000 0 54170113 256 1
3116000 0 54170369 256 1
3117000 0 54170625 256 1
3123000 0 54220033 65536 1
3124000 0 54285569 256 1
3125000 0 54285825 256 1
3126000 0 54286081 256 1
3132000 0 54335489 65536 1
3133000 0 54401025 256 1
3134000 0 54401281 256 1
3135000 0 54401537 256 1
3141000 0 54450945 65536 1
3142000 0 54516481 256 1
3143000 0 54516737 256 1
3144000 0 54516993 256 1
3150000 0 54566401 65536 1
3151000 0 54631937 256 1
3152000 0 54632193 256 1
3153000 0 54632449 256 1
3159000 0 54681857 65536 1
3160000 0 54747393 256 1
3161000 0 54747649 256 1
3162000 0 54747905 256 1
3168000 0 54797313 65536 1
3169000 0 54862849 256 1
3170000 0 54863105 256 1
3171000 0 54863361 256 1
3177000 0 54912769 65536 1
3178000 0 54978305 256 1
3179000 0 54978561 256 1
3180000 0 54978817 256 1
3186000 0 55028225 65536 1
3187000 0 55093761 256 1
3188000 0 55094017 256 1
3189000 0 55094273 256 1
3195000 0 55143681 65536 1
3196000 0 55209217 256 1
3197000 0 55209473 256 1
3198000 0 55209729 256 1
3204000 0 55259137 65536 1
3205000 0 55324673 4096 1
3207000 0 55394305 65536 1
3208000 0 55459841 16384 1
3211000 0 56000513 16384 1
3213000 0 56082433 65536 1
3214000 0 56147969 256 1
3215000 0 56148225 256 1
3216000 0 56148481 256 1
3222000 0 56197889 65536 1
3223000 0 56263425 256 1
3224000 0 56263681 256 1
3225000 0 56263937 256 1
3231000 0 56313345 65536 1
3232000 0 56378881 256 1
3233000 0 56379137 256 1
3234000 0 56379393 256 1
3240000 0 56428801 65536 1
3241000 0 56494337 256 1
3242000 0 56494593 256 1
3243000 0 56494849 256 1
3249000 0 56544257 65536 1
3250000 0 56609793 256 1
3251000 0 56610049 256 1
3252000 0 56610305 256 1
3258000 0 56659713 65536 1
3259000 0 56725249 256 1
3260000 0 56725505 256 1
3261000 0 56725761 256 1
3267000 0 56775169 65536 1
3268000 0 56840705 256 1
3269000 0 56840961 256 1
3270000 0 56841217 256 1
3276000 0 56890625 65536 1
3277000 0 56956161 256 1
3278000 0 56956417 256 1
3279000 0 56956673 256 1
3285000 0 57006081 65536 1
3286000 0 57071617 256 1
3287000 0 57071873 256 1
3288000 0 57072129 256 1
3294000 0 57121537 65536 1
3295000 0 57187073 256 1
3296000 0 57187329 256 1
3297000 0 57187585 256 1
3303000 0 57236993 65536 1
3304000 0 57302529 256 1
3305000 0 57302785 256 1
3306000 0 57303041 256 1
3312000 0 57352449 65536 1
3313000 0 57417985 256 1
3314000 0 57418241 256 1
3315000 0 57418497 256 1
3321000 0 57467905 65536 1
3322000 0 57533441 256 1
3323000 0 57533697 256 1
3324000 0 57533953 256 1
3330000 0 57583361 65536 1
3331000 0 57648897 256 1
3332000 0 57649153 256 1
3333000 0 57649409 256 1
3339000 0 57698817 65536 1
3340000 0 57764353 256 1
3341000 0 57764609 256 1
3342000 0 57764865 256 1
3348000 0 57814273 65536 1
3349000 0 57879809 256 1
3350000 0 57880065 256 1
3351000 0 57880321 256 1
3357000 0 57929729 65536 1
3358000 0 57995265 4096 1
3360000 0 58064897 65536 1
3361000 0 58130433 16384 1
3364000 0 58671105 16384 1
3366000 0 58753025 65536 1
3367000 0 58818561 256 1
3368000 0 58818817 256 1
3369000 0 58819073 256 1
3375000 0 58868481 65536 1
3376000 0 58934017 256 1
3377000 0 58934273 256 1
3378000 0 58934529 256 1
3384000 0 58983937 65536 1
3385000 0 59049473 256 1
3386000 0 59049729 256 1
3387000 0 59049985 256 1
3393000 0 59099393 65536 1
3394000 0 59164929 256 1
3395000 0 59165185 256 1
3396000 0 59165441 256 1
3402000 0 59214849 65536 1
3403000 0 59280385 256 1
3404000 0 59280641 256 1
3405000 0 59280897 256 1
3411000 0 59330305 65536 1
3412000 0 59395841 256 1
3413000 0 59396097 256 1
3414000 0 59396353 256 1
3420000 0 59445761 65536 1
3421000 0 59511297 256 1
3422000 0 59511553 256 1
3423000 0 59511809 256 1
3429000 0 59561217 65536 1
3430000 0 59626753 256 1
3431000 0 59627009 256 1
3432000 0 59627265 256 1
3438000 0 59676673 65536 1
3439000 0 59742209 256 1
3440000 0 59742465 256 1
3441000 0 59742721 256 1
3447000 0 59792129 65536 1
3448000 0 59857665 256 1
3449000 0 59857921 256 1
3450000 0 59858177 256 1
3456000 0 59907585 65536 1
3457000 0 59973121 256 1
3458000 0 59973377 256 1
3459000 0 59973633 256 1
3465000 0 60023041 65536 1
3466000 0 60088577 256 1
3467000 0 60088833 256 1
3468000 0 60089089 256 1
3474000 0 60138497 65536 1
3475000 0 60204033 256 1
3476000 0 60204289 256 1
3477000 0 60204545 256 1
3483000 0 60253953 65536 1
3484000 0 60319489 256 1
3485000 0 60319745 256 1
3486000 0 60320001 256 1
3492000 0 60369409 65536 1
3493000 0 60434945 256 1
3494000 0 60435201 256 1
3495000 0 60435457 256 1
3501000 0 60484865 65536 1
3502000 0 60550401 256 1
3503000 0 60550657 256 1
3504000 0 60550913 256 1
3510000 0 60600321 65536 1
3511000 0 60665857 4096 1
3513000 0 60735489 65536 1
3514000 0 60801025 16384 1
3517000 0 61341697 16384 1
3519000 0 61423617 65536 1
3520000 0 61489153 256 1
3521000 0 61489409 256 1
3522000 0 61489665 256 1
3528000 0 61539073 65536 1
3529000 0 61604609 256 1
3530000 0 61604865 256 1
3531000 0 61605121 256 1
3537000 0 61654529 65536 1
3538000 0 61720065 256 1
3539000 0 61720321 256 1
3540000 0 61720577 256 1
3546000 0 61769985 65536 1
3547000 0 61835521 256 1
3548000 0 61835777 256 1
3549000 0 61836033 256 1
3555000 0 61885441 65536 1
3556000 0 61950977 256 1
3557000 0 61951233 256 1
3558000 0 61951489 256 1
3564000 0 62000897 65536 1
3565000 0 62066433 256 1
3566000 0 62066689 256 1
3567000 0 62066945 256 1
3573000 0 62116353 65536 1
3574000 0 62181889 256 1
3575000 0 62182145 256 1
3576000 0 62182401 256 1
3582000 0 62231809 65536 1
3583000 0 62297345 256 1
3584000 0 62297601 256 1
3585000 0 62297857 256 1
3591000 0 62347265 65536 1
3592000 0 62412801 256 1
3593000 0 62413057 256 1
3594000 0 62413313 256 1
3600000 0 62462721 65536 1
3601000 0 62528257 256 1
3602000 0 62528513 256 1
3603000 0 62528769 256 1
3609000 0 62578177 65536 1
3610000 0 62643713 256 1
3611000 0 62643969 256 1
3612000 0 62644225 256 1
3618000 0 62693633 65536 1
3619000 0 62759169 256 1
3620000 0 62759425 256 1
3621000 0 62759681 256 1
3627000 0 62809089 65536 1
3628000 0 62874625 256 1
3629000 0 62874881 256 1
3630000 0 62875137 256 1
3636000 0 62924545 65536 1
3637000 0 62990081 256 1
3638000 0 62990337 256 1
3639000 0 62990593 256 1
3645000 0 63040001 65536 1
3646000 0 63105537 256 1
3647000 0 63105793 256 1
3648000 0 63106049 256 1
3654000 0 63155457 65536 1
3655000 0 63220993 256 1
3656000 0 63221249 256 1
3657000 0 63221505 256 1
3663000 0 63270913 65536 1
3664000 0 63336449 4096 1
3666000 0 63406081 65536 1
3667000 0 63471617 16384 1
3670000 0 64012289 16384 1
