4000 0 66305 4096 0
5000 0 70401 4096 0
6000 0 74497 4096 0
7000 0 78593 32768 0
8000 0 111361 4096 0
13000 0 181761 4096 0
14000 0 185857 4096 0
15000 0 189953 4096 0
16000 0 194049 32768 0
17000 0 226817 4096 0
22000 0 297217 4096 0
23000 0 301313 4096 0
24000 0 305409 4096 0
25000 0 309505 32768 0
26000 0 342273 4096 0
31000 0 412673 4096 0
32000 0 416769 4096 0
33000 0 420865 4096 0
34000 0 424961 32768 0
35000 0 457729 4096 0
40000 0 528129 4096 0
41000 0 532225 4096 0
42000 0 536321 4096 0
43000 0 540417 32768 0
44000 0 573185 4096 0
49000 0 643585 4096 0
50000 0 647681 4096 0
51000 0 651777 4096 0
52000 0 655873 32768 0
53000 0 688641 4096 0
58000 0 759041 4096 0
59000 0 763137 4096 0
60000 0 767233 4096 0
61000 0 771329 32768 0
62000 0 804097 4096 0
67000 0 874497 4096 0
68000 0 878593 4096 0
69000 0 882689 4096 0
70000 0 886785 32768 0
71000 0 919553 4096 0
76000 0 989953 4096 0
77000 0 994049 4096 0
78000 0 998145 4096 0
79000 0 1002241 32768 0
80000 0 1035009 4096 0
85000 0 1105409 4096 0
86000 0 1109505 4096 0
87000 0 1113601 4096 0
88000 0 1117697 32768 0
89000 0 1150465 4096 0
94000 0 1220865 4096 0
95000 0 1224961 4096 0
96000 0 1229057 4096 0
97000 0 1233153 32768 0
98000 0 1265921 4096 0
103000 0 1336321 4096 0
104000 0 1340417 4096 0
105000 0 1344513 4096 0
106000 0 1348609 32768 0
107000 0 1381377 4096 0
112000 0 1451777 4096 0
113000 0 1455873 4096 0
114000 0 1459969 4096 0
115000 0 1464065 32768 0
116000 0 1496833 4096 0
121000 0 1567233 4096 0
122000 0 1571329 4096 0
123000 0 1575425 4096 0
124000 0 1579521 32768 0
125000 0 1612289 4096 0
130000 0 1682689 4096 0
131000 0 1686785 4096 0
132000 0 1690881 4096 0
133000 0 1694977 32768 0
134000 0 1727745 4096 0
139000 0 1798145 4096 0
140000 0 1802241 4096 0
141000 0 1806337 4096 0
142000 0 1810433 32768 0
143000 0 1843201 4096 0
146000 0 1916929 65536 0
149000 0 2064385 262144 0
150000 0 2326529 262144 0
152000 0 2605057 65536 0
157000 0 2736897 4096 0
158000 0 2740993 4096 0
159000 0 2745089 4096 0
160000 0 2749185 32768 0
161000 0 2781953 4096 0
166000 0 2852353 4096 0
167000 0 2856449 4096 0
168000 0 2860545 4096 0
169000 0 2864641 32768 0
170000 0 2897409 4096 0
175000 0 2967809 4096 0
176000 0 2971905 4096 0
177000 0 2976001 4096 0
178000 0 2980097 32768 0
179000 0 3012865 4096 0
184000 0 3083265 4096 0
185000 0 3087361 4096 0
186000 0 3091457 4096 0
187000 0 3095553 32768 0
188000 0 3128321 4096 0
193000 0 3198721 4096 0
194000 0 3202817 4096 0
195000 0 3206913 4096 0
196000 0 3211009 32768 0
197000 0 3243777 4096 0
202000 0 3314177 4096 0
203000 0 3318273 4096 0
204000 0 3322369 4096 0
205000 0 3326465 32768 0
206000 0 3359233 4096 0
211000 0 3429633 4096 0
212000 0 3433729 4096 0
213000 0 3437825 4096 0
214000 0 3441921 32768 0
215000 0 3474689 4096 0
220000 0 3545089 4096 0
221000 0 3549185 4096 0
222000 0 3553281 4096 0
223000 0 3557377 32768 0
224000 0 3590145 4096 0
229000 0 3660545 4096 0
230000 0 3664641 4096 0
231000 0 3668737 4096 0
232000 0 3672833 32768 0
233000 0 3705601 4096 0
238000 0 3776001 4096 0
239000 0 3780097 4096 0
240000 0 3784193 4096 0
241000 0 3788289 32768 0
242000 0 3821057 4096 0
247000 0 3891457 4096 0
248000 0 3895553 4096 0
249000 0 3899649 4096 0
250000 0 3903745 32768 0
251000 0 3936513 4096 0
256000 0 4006913 4096 0
257000 0 4011009 4096 0
258000 0 4015105 4096 0
259000 0 4019201 32768 0
260000 0 4051969 4096 0
265000 0 4122369 4096 0
266000 0 4126465 4096 0
267000 0 4130561 4096 0
268000 0 4134657 32768 0
269000 0 4167425 4096 0
274000 0 4237825 4096 0
275000 0 4241921 4096 0
276000 0 4246017 4096 0
277000 0 4250113 32768 0
278000 0 4282881 4096 0
283000 0 4353281 4096 0
284000 0 4357377 4096 0
285000 0 4361473 4096 0
286000 0 4365569 32768 0
287000 0 4398337 4096 0
292000 0 4468737 4096 0
293000 0 4472833 4096 0
294000 0 4476929 4096 0
295000 0 4481025 32768 0
296000 0 4513793 4096 0
299000 0 4587521 65536 0
302000 0 4734977 262144 0
303000 0 4997121 262144 0
305000 0 5275649 65536 0
310000 0 5407489 4096 0
311000 0 5411585 4096 0
312000 0 5415681 4096 0
313000 0 5419777 32768 0
314000 0 5452545 4096 0
319000 0 5522945 4096 0
320000 0 5527041 4096 0
321000 0 5531137 4096 0
322000 0 5535233 32768 0
323000 0 5568001 4096 0
328000 0 5638401 4096 0
329000 0 5642497 4096 0
330000 0 5646593 4096 0
331000 0 5650689 32768 0
332000 0 5683457 4096 0
337000 0 5753857 4096 0
338000 0 5757953 4096 0
339000 0 5762049 4096 0
340000 0 5766145 32768 0
341000 0 5798913 4096 0
346000 0 5869313 4096 0
347000 0 5873409 4096 0
348000 0 5877505 4096 0
349000 0 5881601 32768 0
350000 0 5914369 4096 0
355000 0 5984769 4096 0
356000 0 5988865 4096 0
357000 0 5992961 4096 0
358000 0 5997057 32768 0
359000 0 6029825 4096 0
364000 0 6100225 4096 0
365000 0 6104321 4096 0
366000 0 6108417 4096 0
367000 0 6112513 32768 0
368000 0 6145281 4096 0
373000 0 6215681 4096 0
374000 0 6219777 4096 0
375000 0 6223873 4096 0
376000 0 6227969 32768 0
377000 0 6260737 4096 0
382000 0 6331137 4096 0
383000 0 6335233 4096 0
384000 0 6339329 4096 0
385000 0 6343425 32768 0
386000 0 6376193 4096 0
391000 0 6446593 4096 0
392000 0 6450689 4096 0
393000 0 6454785 4096 0
394000 0 6458881 32768 0
395000 0 6491649 4096 0
400000 0 6562049 4096 0
401000 0 6566145 4096 0
402000 0 6570241 4096 0
403000 0 6574337 32768 0
404000 0 6607105 4096 0
409000 0 6677505 4096 0
410000 0 6681601 4096 0
411000 0 6685697 4096 0
412000 0 6689793 32768 0
413000 0 6722561 4096 0
418000 0 6792961 4096 0
419000 0 6797057 4096 0
420000 0 6801153 4096 0
421000 0 6805249 32768 0
422000 0 6838017 4096 0
427000 0 6908417 4096 0
428000 0 6912513 4096 0
429000 0 6916609 4096 0
430000 0 6920705 32768 0
431000 0 6953473 4096 0
436000 0 7023873 4096 0
437000 0 7027969 4096 0
438000 0 7032065 4096 0
439000 0 7036161 32768 0
440000 0 7068929 4096 0
445000 0 7139329 4096 0
446000 0 7143425 4096 0
447000 0 7147521 4096 0
448000 0 7151617 32768 0
449000 0 7184385 4096 0
452000 0 7258113 65536 0
455000 0 7405569 262144 0
456000 0 7667713 262144 0
458000 0 7946241 65536 0
463000 0 8078081 4096 0
464000 0 8082177 4096 0
465000 0 8086273 4096 0
466000 0 8090369 32768 0
467000 0 8123137 4096 0
472000 0 8193537 4096 0
473000 0 8197633 4096 0
474000 0 8201729 4096 0
475000 0 8205825 32768 0
476000 0 8238593 4096 0
481000 0 8308993 4096 0
482000 0 8313089 4096 0
483000 0 8317185 4096 0
484000 0 8321281 32768 0
485000 0 8354049 4096 0
490000 0 8424449 4096 0
491000 0 8428545 4096 0
492000 0 8432641 4096 0
493000 0 8436737 32768 0
494000 0 8469505 4096 0
499000 0 8539905 4096 0
500000 0 8544001 4096 0
501000 0 8548097 4096 0
502000 0 8552193 32768 0
503000 0 8584961 4096 0
508000 0 8655361 4096 0
509000 0 8659457 4096 0
510000 0 8663553 4096 0
511000 0 8667649 32768 0
512000 0 8700417 4096 0
517000 0 8770817 4096 0
518000 0 8774913 4096 0
519000 0 8779009 4096 0
520000 0 8783105 32768 0
521000 0 8815873 4096 0
526000 0 8886273 4096 0
527000 0 8890369 4096 0
528000 0 8894465 4096 0
529000 0 8898561 32768 0
530000 0 8931329 4096 0
535000 0 9001729 4096 0
536000 0 9005825 4096 0
537000 0 9009921 4096 0
538000 0 9014017 32768 0
539000 0 9046785 4096 0
544000 0 9117185 4096 0
545000 0 9121281 4096 0
546000 0 9125377 4096 0
547000 0 9129473 32768 0
548000 0 9162241 4096 0
553000 0 9232641 4096 0
554000 0 9236737 4096 0
555000 0 9240833 4096 0
556000 0 9244929 32768 0
557000 0 9277697 4096 0
562000 0 9348097 4096 0
563000 0 9352193 4096 0
564000 0 9356289 4096 0
565000 0 9360385 32768 0
566000 0 9393153 4096 0
571000 0 9463553 4096 0
572000 0 9467649 4096 0
573000 0 9471745 4096 0
574000 0 9475841 32768 0
575000 0 9508609 4096 0
580000 0 9579009 4096 0
581000 0 9583105 4096 0
582000 0 9587201 4096 0
583000 0 9591297 32768 0
584000 0 9624065 4096 0
589000 0 9694465 4096 0
590000 0 9698561 4096 0
591000 0 9702657 4096 0
592000 0 9706753 32768 0
593000 0 9739521 4096 0
598000 0 9809921 4096 0
599000 0 9814017 4096 0
600000 0 9818113 4096 0
601000 0 9822209 32768 0
602000 0 9854977 4096 0
605000 0 9928705 65536 0
608000 0 10076161 262144 0
609000 0 10338305 262144 0
611000 0 10616833 65536 0
616000 0 10748673 4096 0
617000 0 10752769 4096 0
618000 0 10756865 4096 0
619000 0 10760961 32768 0
620000 0 10793729 4096 0
625000 0 10864129 4096 0
626000 0 10868225 4096 0
627000 0 10872321 4096 0
628000 0 10876417 32768 0
629000 0 10909185 4096 0
634000 0 10979585 4096 0
635000 0 10983681 4096 0
636000 0 10987777 4096 0
637000 0 10991873 32768 0
638000 0 11024641 4096 0
643000 0 11095041 4096 0
644000 0 11099137 4096 0
645000 0 11103233 4096 0
646000 0 11107329 32768 0
647000 0 11140097 4096 0
652000 0 11210497 4096 0
653000 0 11214593 4096 0
654000 0 11218689 4096 0
655000 0 11222785 32768 0
656000 0 11255553 4096 0
661000 0 11325953 4096 0
662000 0 11330049 4096 0
663000 0 11334145 4096 0
664000 0 11338241 32768 0
665000 0 11371009 4096 0
670000 0 11441409 4096 0
671000 0 11445505 4096 0
672000 0 11449601 4096 0
673000 0 11453697 32768 0
674000 0 11486465 4096 0
679000 0 11556865 4096 0
680000 0 11560961 4096 0
681000 0 11565057 4096 0
682000 0 11569153 32768 0
683000 0 11601921 4096 0
688000 0 11672321 4096 0
689000 0 11676417 4096 0
690000 0 11680513 4096 0
691000 0 11684609 32768 0
692000 0 11717377 4096 0
697000 0 11787777 4096 0
698000 0 11791873 4096 0
699000 0 11795969 4096 0
700000 0 11800065 32768 0
701000 0 11832833 4096 0
706000 0 11903233 4096 0
707000 0 11907329 4096 0
708000 0 11911425 4096 0
709000 0 11915521 32768 0
710000 0 11948289 4096 0
715000 0 12018689 4096 0
716000 0 12022785 4096 0
717000 0 12026881 4096 0
718000 0 12030977 32768 0
719000 0 12063745 4096 0
724000 0 12134145 4096 0
725000 0 12138241 4096 0
726000 0 12142337 4096 0
727000 0 12146433 32768 0
728000 0 12179201 4096 0
733000 0 12249601 4096 0
734000 0 12253697 4096 0
735000 0 12257793 4096 0
736000 0 12261889 32768 0
737000 0 12294657 4096 0
742000 0 12365057 4096 0
743000 0 12369153 4096 0
744000 0 12373249 4096 0
745000 0 12377345 32768 0
746000 0 12410113 4096 0
751000 0 12480513 4096 0
752000 0 12484609 4096 0
753000 0 12488705 4096 0
754000 0 12492801 32768 0
755000 0 12525569 4096 0
758000 0 12599297 65536 0
761000 0 12746753 262144 0
762000 0 13008897 262144 0
764000 0 13287425 65536 0
769000 0 13419265 4096 0
770000 0 13423361 4096 0
771000 0 13427457 4096 0
772000 0 13431553 32768 0
773000 0 13464321 4096 0
778000 0 13534721 4096 0
779000 0 13538817 4096 0
780000 0 13542913 4096 0
781000 0 13547009 32768 0
782000 0 13579777 4096 0
787000 0 13650177 4096 0
788000 0 13654273 4096 0
789000 0 13658369 4096 0
790000 0 13662465 32768 0
791000 0 13695233 4096 0
796000 0 13765633 4096 0
797000 0 13769729 4096 0
798000 0 13773825 4096 0
799000 0 13777921 32768 0
800000 0 13810689 4096 0
805000 0 13881089 4096 0
806000 0 13885185 4096 0
807000 0 13889281 4096 0
808000 0 13893377 32768 0
809000 0 13926145 4096 0
814000 0 13996545 4096 0
815000 0 14000641 4096 0
816000 0 14004737 4096 0
817000 0 14008833 32768 0
818000 0 14041601 4096 0
823000 0 14112001 4096 0
824000 0 14116097 4096 0
825000 0 14120193 4096 0
826000 0 14124289 32768 0
827000 0 14157057 4096 0
832000 0 14227457 4096 0
833000 0 14231553 4096 0
834000 0 14235649 4096 0
835000 0 14239745 32768 0
836000 0 14272513 4096 0
841000 0 14342913 4096 0
842000 0 14347009 4096 0
843000 0 14351105 4096 0
844000 0 14355201 32768 0
845000 0 14387969 4096 0
850000 0 14458369 4096 0
851000 0 14462465 4096 0
852000 0 14466561 4096 0
853000 0 14470657 32768 0
854000 0 14503425 4096 0
859000 0 14573825 4096 0
860000 0 14577921 4096 0
861000 0 14582017 4096 0
862000 0 14586113 32768 0
863000 0 14618881 4096 0
868000 0 14689281 4096 0
869000 0 14693377 4096 0
870000 0 14697473 4096 0
871000 0 14701569 32768 0
872000 0 14734337 4096 0
877000 0 14804737 4096 0
878000 0 14808833 4096 0
879000 0 14812929 4096 0
880000 0 14817025 32768 0
881000 0 14849793 4096 0
886000 0 14920193 4096 0
887000 0 14924289 4096 0
888000 0 14928385 4096 0
889000 0 14932481 32768 0
890000 0 14965249 4096 0
895000 0 15035649 4096 0
896000 0 15039745 4096 0
897000 0 15043841 4096 0
898000 0 15047937 32768 0
899000 0 15080705 4096 0
904000 0 15151105 4096 0
905000 0 15155201 4096 0
906000 0 15159297 4096 0
907000 0 15163393 32768 0
908000 0 15196161 4096 0
911000 0 15269889 65536 0
914000 0 15417345 262144 0
915000 0 15679489 262144 0
917000 0 15958017 65536 0
922000 0 16089857 4096 0
923000 0 16093953 4096 0
924000 0 16098049 4096 0
925000 0 16102145 32768 0
926000 0 16134913 4096 0
931000 0 16205313 4096 0
932000 0 16209409 4096 0
933000 0 16213505 4096 0
934000 0 16217601 32768 0
935000 0 16250369 4096 0
940000 0 16320769 4096 0
941000 0 16324865 4096 0
942000 0 16328961 4096 0
943000 0 16333057 32768 0
944000 0 16365825 4096 0
949000 0 16436225 4096 0
950000 0 16440321 4096 0
951000 0 16444417 4096 0
952000 0 16448513 32768 0
953000 0 16481281 4096 0
958000 0 16551681 4096 0
959000 0 16555777 4096 0
960000 0 16559873 4096 0
961000 0 16563969 32768 0
962000 0 16596737 4096 0
967000 0 16667137 4096 0
968000 0 16671233 4096 0
969000 0 16675329 4096 0
970000 0 16679425 32768 0
971000 0 16712193 4096 0
976000 0 16782593 4096 0
977000 0 16786689 4096 0
978000 0 16790785 4096 0
979000 0 16794881 32768 0
980000 0 16827649 4096 0
985000 0 16898049 4096 0
986000 0 16902145 4096 0
987000 0 16906241 4096 0
988000 0 16910337 32768 0
989000 0 16943105 4096 0
994000 0 17013505 4096 0
995000 0 17017601 4096 0
996000 0 17021697 4096 0
997000 0 17025793 32768 0
998000 0 17058561 4096 0
1003000 0 17128961 4096 0
1004000 0 17133057 4096 0
1005000 0 17137153 4096 0
1006000 0 17141249 32768 0
1007000 0 17174017 4096 0
1012000 0 17244417 4096 0
1013000 0 17248513 4096 0
1014000 0 17252609 4096 0
1015000 0 17256705 32768 0
1016000 0 17289473 4096 0
1021000 0 17359873 4096 0
1022000 0 17363969 4096 0
1023000 0 17368065 4096 0
1024000 0 17372161 32768 0
1025000 0 17404929 4096 0
1030000 0 17475329 4096 0
1031000 0 17479425 4096 0
1032000 0 17483521 4096 0
1033000 0 17487617 32768 0
1034000 0 17520385 4096 0
1039000 0 17590785 4096 0
1040000 0 17594881 4096 0
1041000 0 17598977 4096 0
1042000 0 17603073 32768 0
1043000 0 17635841 4096 0
1048000 0 17706241 4096 0
1049000 0 17710337 4096 0
1050000 0 17714433 4096 0
1051000 0 17718529 32768 0
1052000 0 17751297 4096 0
1057000 0 17821697 4096 0
1058000 0 17825793 4096 0
1059000 0 17829889 4096 0
1060000 0 17833985 32768 0
1061000 0 17866753 4096 0
1064000 0 17940481 65536 0
1067000 0 18087937 262144 0
1068000 0 18350081 262144 0
1070000 0 18628609 65536 0
1075000 0 18760449 4096 0
1076000 0 18764545 4096 0
1077000 0 18768641 4096 0
1078000 0 18772737 32768 0
1079000 0 18805505 4096 0
1084000 0 18875905 4096 0
1085000 0 18880001 4096 0
1086000 0 18884097 4096 0
1087000 0 18888193 32768 0
1088000 0 18920961 4096 0
1093000 0 18991361 4096 0
1094000 0 18995457 4096 0
1095000 0 18999553 4096 0
1096000 0 19003649 32768 0
1097000 0 19036417 4096 0
1102000 0 19106817 4096 0
1103000 0 19110913 4096 0
1104000 0 19115009 4096 0
1105000 0 19119105 32768 0
1106000 0 19151873 4096 0
1111000 0 19222273 4096 0
1112000 0 19226369 4096 0
1113000 0 19230465 4096 0
1114000 0 19234561 32768 0
1115000 0 19267329 4096 0
1120000 0 19337729 4096 0
1121000 0 19341825 4096 0
1122000 0 19345921 4096 0
1123000 0 19350017 32768 0
1124000 0 19382785 4096 0
1129000 0 19453185 4096 0
1130000 0 19457281 4096 0
1131000 0 19461377 4096 0
1132000 0 19465473 32768 0
1133000 0 19498241 4096 0
1138000 0 19568641 4096 0
1139000 0 19572737 4096 0
1140000 0 19576833 4096 0
1141000 0 19580929 32768 0
1142000 0 19613697 4096 0
1147000 0 19684097 4096 0
1148000 0 19688193 4096 0
1149000 0 19692289 4096 0
1150000 0 19696385 32768 0
1151000 0 19729153 4096 0
1156000 0 19799553 4096 0
1157000 0 19803649 4096 0
1158000 0 19807745 4096 0
1159000 0 19811841 32768 0
1160000 0 19844609 4096 0
1165000 0 19915009 4096 0
1166000 0 19919105 4096 0
1167000 0 19923201 4096 0
1168000 0 19927297 32768 0
1169000 0 19960065 4096 0
1174000 0 20030465 4096 0
1175000 0 20034561 4096 0
1176000 0 20038657 4096 0
1177000 0 20042753 32768 0
1178000 0 20075521 4096 0
1183000 0 20145921 4096 0
1184000 0 20150017 4096 0
1185000 0 20154113 4096 0
1186000 0 20158209 32768 0
1187000 0 20190977 4096 0
1192000 0 20261377 4096 0
1193000 0 20265473 4096 0
1194000 0 20269569 4096 0
1195000 0 20273665 32768 0
1196000 0 20306433 4096 0
1201000 0 20376833 4096 0
1202000 0 20380929 4096 0
1203000 0 20385025 4096 0
1204000 0 20389121 32768 0
1205000 0 20421889 4096 0
1210000 0 20492289 4096 0
1211000 0 20496385 4096 0
1212000 0 20500481 4096 0
1213000 0 20504577 32768 0
1214000 0 20537345 4096 0
1217000 0 20611073 65536 0
1220000 0 20758529 262144 0
1221000 0 21020673 262144 0
1223000 0 21299201 65536 0
1228000 0 21431041 4096 0
1229000 0 21435137 4096 0
1230000 0 21439233 4096 0
1231000 0 21443329 32768 0
1232000 0 21476097 4096 0
1237000 0 21546497 4096 0
1238000 0 21550593 4096 0
1239000 0 21554689 4096 0
1240000 0 21558785 32768 0
1241000 0 21591553 4096 0
1246000 0 21661953 4096 0
1247000 0 21666049 4096 0
1248000 0 21670145 4096 0
1249000 0 21674241 32768 0
1250000 0 21707009 4096 0
1255000 0 21777409 4096 0
1256000 0 21781505 4096 0
1257000 0 21785601 4096 0
1258000 0 21789697 32768 0
1259000 0 21822465 4096 0
1264000 0 21892865 4096 0
1265000 0 21896961 4096 0
1266000 0 21901057 4096 0
1267000 0 21905153 32768 0
1268000 0 21937921 4096 0
1273000 0 22008321 4096 0
1274000 0 22012417 4096 0
1275000 0 22016513 4096 0
1276000 0 22020609 32768 0
1277000 0 22053377 4096 0
1282000 0 22123777 4096 0
1283000 0 22127873 4096 0
1284000 0 22131969 4096 0
1285000 0 22136065 32768 0
1286000 0 22168833 4096 0
1291000 0 22239233 4096 0
1292000 0 22243329 4096 0
1293000 0 22247425 4096 0
1294000 0 22251521 32768 0
1295000 0 22284289 4096 0
1300000 0 22354689 4096 0
1301000 0 22358785 4096 0
1302000 0 22362881 4096 0
1303000 0 22366977 32768 0
1304000 0 22399745 4096 0
1309000 0 22470145 4096 0
1310000 0 22474241 4096 0
1311000 0 22478337 4096 0
1312000 0 22482433 32768 0
1313000 0 22515201 4096 0
1318000 0 22585601 4096 0
1319000 0 22589697 4096 0
1320000 0 22593793 4096 0
1321000 0 22597889 32768 0
1322000 0 22630657 4096 0
1327000 0 22701057 4096 0
1328000 0 22705153 4096 0
1329000 0 22709249 4096 0
1330000 0 22713345 32768 0
1331000 0 22746113 4096 0
1336000 0 22816513 4096 0
1337000 0 22820609 4096 0
1338000 0 22824705 4096 0
1339000 0 22828801 32768 0
1340000 0 22861569 4096 0
1345000 0 22931969 4096 0
1346000 0 22936065 4096 0
1347000 0 22940161 4096 0
1348000 0 22944257 32768 0
1349000 0 22977025 4096 0
1354000 0 23047425 4096 0
1355000 0 23051521 4096 0
1356000 0 23055617 4096 0
1357000 0 23059713 32768 0
1358000 0 23092481 4096 0
1363000 0 23162881 4096 0
1364000 0 23166977 4096 0
1365000 0 23171073 4096 0
1366000 0 23175169 32768 0
1367000 0 23207937 4096 0
1370000 0 23281665 65536 0
1373000 0 23429121 262144 0
1374000 0 23691265 262144 0
1376000 0 23969793 65536 0
1381000 0 24101633 4096 0
1382000 0 24105729 4096 0
1383000 0 24109825 4096 0
1384000 0 24113921 32768 0
1385000 0 24146689 4096 0
1390000 0 24217089 4096 0
1391000 0 24221185 4096 0
1392000 0 24225281 4096 0
1393000 0 24229377 32768 0
1394000 0 24262145 4096 0
1399000 0 24332545 4096 0
1400000 0 24336641 4096 0
1401000 0 24340737 4096 0
1402000 0 24344833 32768 0
1403000 0 24377601 4096 0
1408000 0 24448001 4096 0
1409000 0 24452097 4096 0
1410000 0 24456193 4096 0
1411000 0 24460289 32768 0
1412000 0 24493057 4096 0
1417000 0 24563457 4096 0
1418000 0 24567553 4096 0
1419000 0 24571649 4096 0
1420000 0 24575745 32768 0
1421000 0 24608513 4096 0
1426000 0 24678913 4096 0
1427000 0 24683009 4096 0
1428000 0 24687105 4096 0
1429000 0 24691201 32768 0
1430000 0 24723969 4096 0
1435000 0 24794369 4096 0
1436000 0 24798465 4096 0
1437000 0 24802561 4096 0
1438000 0 24806657 32768 0
1439000 0 24839425 4096 0
1444000 0 24909825 4096 0
1445000 0 24913921 4096 0
1446000 0 24918017 4096 0
1447000 0 24922113 32768 0
1448000 0 24954881 4096 0
1453000 0 25025281 4096 0
1454000 0 25029377 4096 0
1455000 0 25033473 4096 0
1456000 0 25037569 32768 0
1457000 0 25070337 4096 0
1462000 0 25140737 4096 0
1463000 0 25144833 4096 0
1464000 0 25148929 4096 0
1465000 0 25153025 32768 0
1466000 0 25185793 4096 0
1471000 0 25256193 4096 0
1472000 0 25260289 4096 0
1473000 0 25264385 4096 0
1474000 0 25268481 32768 0
1475000 0 25301249 4096 0
1480000 0 25371649 4096 0
1481000 0 25375745 4096 0
1482000 0 25379841 4096 0
1483000 0 25383937 32768 0
1484000 0 25416705 4096 0
1489000 0 25487105 4096 0
1490000 0 25491201 4096 0
1491000 0 25495297 4096 0
1492000 0 25499393 32768 0
1493000 0 25532161 4096 0
1498000 0 25602561 4096 0
1499000 0 25606657 4096 0
1500000 0 25610753 4096 0
1501000 0 25614849 32768 0
1502000 0 25647617 4096 0
1507000 0 25718017 4096 0
1508000 0 25722113 4096 0
1509000 0 25726209 4096 0
1510000 0 25730305 32768 0
1511000 0 25763073 4096 0
1516000 0 25833473 4096 0
1517000 0 25837569 4096 0
1518000 0 25841665 4096 0
1519000 0 25845761 32768 0
1520000 0 25878529 4096 0
1523000 0 25952257 65536 0
1526000 0 26099713 262144 0
1527000 0 26361857 262144 0
1529000 0 26640385 65536 0
1534000 0 26772225 4096 0
1535000 0 26776321 4096 0
1536000 0 26780417 4096 0
1537000 0 26784513 32768 0
1538000 0 26817281 4096 0
1543000 0 26887681 4096 0
1544000 0 26891777 4096 0
1545000 0 26895873 4096 0
1546000 0 26899969 32768 0
1547000 0 26932737 4096 0
1552000 0 27003137 4096 0
1553000 0 27007233 4096 0
1554000 0 27011329 4096 0
1555000 0 27015425 32768 0
1556000 0 27048193 4096 0
1561000 0 27118593 4096 0
1562000 0 27122689 4096 0
1563000 0 27126785 4096 0
1564000 0 27130881 32768 0
1565000 0 27163649 4096 0
1570000 0 27234049 4096 0
1571000 0 27238145 4096 0
1572000 0 27242241 4096 0
1573000 0 27246337 32768 0
1574000 0 27279105 4096 0
1579000 0 27349505 4096 0
1580000 0 27353601 4096 0
1581000 0 27357697 4096 0
1582000 0 27361793 32768 0
1583000 0 27394561 4096 0
1588000 0 27464961 4096 0
1589000 0 27469057 4096 0
1590000 0 27473153 4096 0
1591000 0 27477249 32768 0
1592000 0 27510017 4096 0
1597000 0 27580417 4096 0
1598000 0 27584513 4096 0
1599000 0 27588609 4096 0
1600000 0 27592705 32768 0
1601000 0 27625473 4096 0
1606000 0 27695873 4096 0
1607000 0 27699969 4096 0
1608000 0 27704065 4096 0
1609000 0 27708161 32768 0
1610000 0 27740929 4096 0
1615000 0 27811329 4096 0
1616000 0 27815425 4096 0
1617000 0 27819521 4096 0
1618000 0 27823617 32768 0
1619000 0 27856385 4096 0
1624000 0 27926785 4096 0
1625000 0 27930881 4096 0
1626000 0 27934977 4096 0
1627000 0 27939073 32768 0
1628000 0 27971841 4096 0
1633000 0 28042241 4096 0
1634000 0 28046337 4096 0
1635000 0 28050433 4096 0
1636000 0 28054529 32768 0
1637000 0 28087297 4096 0
1642000 0 28157697 4096 0
1643000 0 28161793 4096 0
1644000 0 28165889 4096 0
1645000 0 28169985 32768 0
1646000 0 28202753 4096 0
1651000 0 28273153 4096 0
1652000 0 28277249 4096 0
1653000 0 28281345 4096 0
1654000 0 28285441 32768 0
1655000 0 28318209 4096 0
1660000 0 28388609 4096 0
1661000 0 28392705 4096 0
1662000 0 28396801 4096 0
1663000 0 28400897 32768 0
1664000 0 28433665 4096 0
1669000 0 28504065 4096 0
1670000 0 28508161 4096 0
1671000 0 28512257 4096 0
1672000 0 28516353 32768 0
1673000 0 28549121 4096 0
1676000 0 28622849 65536 0
1679000 0 28770305 262144 0
1680000 0 29032449 262144 0
1682000 0 29310977 65536 0
1687000 0 29442817 4096 0
1688000 0 29446913 4096 0
1689000 0 29451009 4096 0
1690000 0 29455105 32768 0
1691000 0 29487873 4096 0
1696000 0 29558273 4096 0
1697000 0 29562369 4096 0
1698000 0 29566465 4096 0
1699000 0 29570561 32768 0
1700000 0 29603329 4096 0
1705000 0 29673729 4096 0
1706000 0 29677825 4096 0
1707000 0 29681921 4096 0
1708000 0 29686017 32768 0
1709000 0 29718785 4096 0
1714000 0 29789185 4096 0
1715000 0 29793281 4096 0
1716000 0 29797377 4096 0
1717000 0 29801473 32768 0
1718000 0 29834241 4096 0
1723000 0 29904641 4096 0
1724000 0 29908737 4096 0
1725000 0 29912833 4096 0
1726000 0 29916929 32768 0
1727000 0 29949697 4096 0
1732000 0 30020097 4096 0
1733000 0 30024193 4096 0
1734000 0 30028289 4096 0
1735000 0 30032385 32768 0
1736000 0 30065153 4096 0
1741000 0 30135553 4096 0
1742000 0 30139649 4096 0
1743000 0 30143745 4096 0
1744000 0 30147841 32768 0
1745000 0 30180609 4096 0
1750000 0 30251009 4096 0
1751000 0 30255105 4096 0
1752000 0 30259201 4096 0
1753000 0 30263297 32768 0
1754000 0 30296065 4096 0
1759000 0 30366465 4096 0
1760000 0 30370561 4096 0
1761000 0 30374657 4096 0
1762000 0 30378753 32768 0
1763000 0 30411521 4096 0
1768000 0 30481921 4096 0
1769000 0 30486017 4096 0
1770000 0 30490113 4096 0
1771000 0 30494209 32768 0
1772000 0 30526977 4096 0
1777000 0 30597377 4096 0
1778000 0 30601473 4096 0
1779000 0 30605569 4096 0
1780000 0 30609665 32768 0
1781000 0 30642433 4096 0
1786000 0 30712833 4096 0
1787000 0 30716929 4096 0
1788000 0 30721025 4096 0
1789000 0 30725121 32768 0
1790000 0 30757889 4096 0
1795000 0 30828289 4096 0
1796000 0 30832385 4096 0
1797000 0 30836481 4096 0
1798000 0 30840577 32768 0
1799000 0 30873345 4096 0
1804000 0 30943745 4096 0
1805000 0 30947841 4096 0
1806000 0 30951937 4096 0
1807000 0 30956033 32768 0
1808000 0 30988801 4096 0
1813000 0 31059201 4096 0
1814000 0 31063297 4096 0
1815000 0 31067393 4096 0
1816000 0 31071489 32768 0
1817000 0 31104257 4096 0
1822000 0 31174657 4096 0
1823000 0 31178753 4096 0
1824000 0 31182849 4096 0
1825000 0 31186945 32768 0
1826000 0 31219713 4096 0
1829000 0 31293441 65536 0
1832000 0 31440897 262144 0
1833000 0 31703041 262144 0
1835000 0 31981569 65536 0
1840000 0 32113409 4096 0
1841000 0 32117505 4096 0
1842000 0 32121601 4096 0
1843000 0 32125697 32768 0
1844000 0 32158465 4096 0
1849000 0 32228865 4096 0
1850000 0 32232961 4096 0
1851000 0 32237057 4096 0
1852000 0 32241153 32768 0
1853000 0 32273921 4096 0
1858000 0 32344321 4096 0
1859000 0 32348417 4096 0
1860000 0 32352513 4096 0
1861000 0 32356609 32768 0
1862000 0 32389377 4096 0
1867000 0 32459777 4096 0
1868000 0 32463873 4096 0
1869000 0 32467969 4096 0
1870000 0 32472065 32768 0
1871000 0 32504833 4096 0
1876000 0 32575233 4096 0
1877000 0 32579329 4096 0
1878000 0 32583425 4096 0
1879000 0 32587521 32768 0
1880000 0 32620289 4096 0
1885000 0 32690689 4096 0
1886000 0 32694785 4096 0
1887000 0 32698881 4096 0
1888000 0 32702977 32768 0
1889000 0 32735745 4096 0
1894000 0 32806145 4096 0
1895000 0 32810241 4096 0
1896000 0 32814337 4096 0
1897000 0 32818433 32768 0
1898000 0 32851201 4096 0
1903000 0 32921601 4096 0
1904000 0 32925697 4096 0
1905000 0 32929793 4096 0
1906000 0 32933889 32768 0
1907000 0 32966657 4096 0
1912000 0 33037057 4096 0
1913000 0 33041153 4096 0
1914000 0 33045249 4096 0
1915000 0 33049345 32768 0
1916000 0 33082113 4096 0
1921000 0 33152513 4096 0
1922000 0 33156609 4096 0
1923000 0 33160705 4096 0
1924000 0 33164801 32768 0
1925000 0 33197569 4096 0
1930000 0 33267969 4096 0
1931000 0 33272065 4096 0
1932000 0 33276161 4096 0
1933000 0 33280257 32768 0
1934000 0 33313025 4096 0
1939000 0 33383425 4096 0
1940000 0 33387521 4096 0
1941000 0 33391617 4096 0
1942000 0 33395713 32768 0
1943000 0 33428481 4096 0
1948000 0 33498881 4096 0
1949000 0 33502977 4096 0
1950000 0 33507073 4096 0
1951000 0 33511169 32768 0
1952000 0 33543937 4096 0
1957000 0 33614337 4096 0
1958000 0 33618433 4096 0
1959000 0 33622529 4096 0
1960000 0 33626625 32768 0
1961000 0 33659393 4096 0
1966000 0 33729793 4096 0
1967000 0 33733889 4096 0
1968000 0 33737985 4096 0
1969000 0 33742081 32768 0
1970000 0 33774849 4096 0
1975000 0 33845249 4096 0
1976000 0 33849345 4096 0
1977000 0 33853441 4096 0
1978000 0 33857537 32768 0
1979000 0 33890305 4096 0
1982000 0 33964033 65536 0
1985000 0 34111489 262144 0
1986000 0 34373633 262144 0
1988000 0 34652161 65536 0
1993000 0 34784001 4096 0
1994000 0 34788097 4096 0
1995000 0 34792193 4096 0
1996000 0 34796289 32768 0
1997000 0 34829057 4096 0
2002000 0 34899457 4096 0
2003000 0 34903553 4096 0
2004000 0 34907649 4096 0
2005000 0 34911745 32768 0
2006000 0 34944513 4096 0
2011000 0 35014913 4096 0
2012000 0 35019009 4096 0
2013000 0 35023105 4096 0
2014000 0 35027201 32768 0
2015000 0 35059969 4096 0
2020000 0 35130369 4096 0
2021000 0 35134465 4096 0
2022000 0 35138561 4096 0
2023000 0 35142657 32768 0
2024000 0 35175425 4096 0
2029000 0 35245825 4096 0
2030000 0 35249921 4096 0
2031000 0 35254017 4096 0
2032000 0 35258113 32768 0
2033000 0 35290881 4096 0
2038000 0 35361281 4096 0
2039000 0 35365377 4096 0
2040000 0 35369473 4096 0
2041000 0 35373569 32768 0
2042000 0 35406337 4096 0
2047000 0 35476737 4096 0
2048000 0 35480833 4096 0
2049000 0 35484929 4096 0
2050000 0 35489025 32768 0
2051000 0 35521793 4096 0
2056000 0 35592193 4096 0
2057000 0 35596289 4096 0
2058000 0 35600385 4096 0
2059000 0 35604481 32768 0
2060000 0 35637249 4096 0
2065000 0 35707649 4096 0
2066000 0 35711745 4096 0
2067000 0 35715841 4096 0
2068000 0 35719937 32768 0
2069000 0 35752705 4096 0
2074000 0 35823105 4096 0
2075000 0 35827201 4096 0
2076000 0 35831297 4096 0
2077000 0 35835393 32768 0
2078000 0 35868161 4096 0
2083000 0 35938561 4096 0
2084000 0 35942657 4096 0
2085000 0 35946753 4096 0
2086000 0 35950849 32768 0
2087000 0 35983617 4096 0
2092000 0 36054017 4096 0
2093000 0 36058113 4096 0
2094000 0 36062209 4096 0
2095000 0 36066305 32768 0
2096000 0 36099073 4096 0
2101000 0 36169473 4096 0
2102000 0 36173569 4096 0
2103000 0 36177665 4096 0
2104000 0 36181761 32768 0
2105000 0 36214529 4096 0
2110000 0 36284929 4096 0
2111000 0 36289025 4096 0
2112000 0 36293121 4096 0
2113000 0 36297217 32768 0
2114000 0 36329985 4096 0
2119000 0 36400385 4096 0
2120000 0 36404481 4096 0
2121000 0 36408577 4096 0
2122000 0 36412673 32768 0
2123000 0 36445441 4096 0
2128000 0 36515841 4096 0
2129000 0 36519937 4096 0
2130000 0 36524033 4096 0
2131000 0 36528129 32768 0
2132000 0 36560897 4096 0
2135000 0 36634625 65536 0
2138000 0 36782081 262144 0
2139000 0 37044225 262144 0
2141000 0 37322753 65536 0
2146000 0 37454593 4096 0
2147000 0 37458689 4096 0
2148000 0 37462785 4096 0
2149000 0 37466881 32768 0
2150000 0 37499649 4096 0
2155000 0 37570049 4096 0
2156000 0 37574145 4096 0
2157000 0 37578241 4096 0
2158000 0 37582337 32768 0
2159000 0 37615105 4096 0
2164000 0 37685505 4096 0
2165000 0 37689601 4096 0
2166000 0 37693697 4096 0
2167000 0 37697793 32768 0
2168000 0 37730561 4096 0
2173000 0 37800961 4096 0
2174000 0 37805057 4096 0
2175000 0 37809153 4096 0
2176000 0 37813249 32768 0
2177000 0 37846017 4096 0
2182000 0 37916417 4096 0
2183000 0 37920513 4096 0
2184000 0 37924609 4096 0
2185000 0 37928705 32768 0
2186000 0 37961473 4096 0
2191000 0 38031873 4096 0
2192000 0 38035969 4096 0
2193000 0 38040065 4096 0
2194000 0 38044161 32768 0
2195000 0 38076929 4096 0
2200000 0 38147329 4096 0
2201000 0 38151425 4096 0
2202000 0 38155521 4096 0
2203000 0 38159617 32768 0
2204000 0 38192385 4096 0
2209000 0 38262785 4096 0
2210000 0 38266881 4096 0
2211000 0 38270977 4096 0
2212000 0 38275073 32768 0
2213000 0 38307841 4096 0
2218000 0 38378241 4096 0
2219000 0 38382337 4096 0
2220000 0 38386433 4096 0
2221000 0 38390529 32768 0
2222000 0 38423297 4096 0
2227000 0 38493697 4096 0
2228000 0 38497793 4096 0
2229000 0 38501889 4096 0
2230000 0 38505985 32768 0
2231000 0 38538753 4096 0
2236000 0 38609153 4096 0
2237000 0 38613249 4096 0
2238000 0 38617345 4096 0
2239000 0 38621441 32768 0
2240000 0 38654209 4096 0
2245000 0 38724609 4096 0
2246000 0 38728705 4096 0
2247000 0 38732801 4096 0
2248000 0 38736897 32768 0
2249000 0 38769665 4096 0
2254000 0 38840065 4096 0
2255000 0 38844161 4096 0
2256000 0 38848257 4096 0
2257000 0 38852353 32768 0
2258000 0 38885121 4096 0
2263000 0 38955521 4096 0
2264000 0 38959617 4096 0
2265000 0 38963713 4096 0
2266000 0 38967809 32768 0
2267000 0 39000577 4096 0
2272000 0 39070977 4096 0
2273000 0 39075073 4096 0
2274000 0 39079169 4096 0
2275000 0 39083265 32768 0
2276000 0 39116033 4096 0
2281000 0 39186433 4096 0
2282000 0 39190529 4096 0
2283000 0 39194625 4096 0
2284000 0 39198721 32768 0
2285000 0 39231489 4096 0
2288000 0 39305217 65536 0
2291000 0 39452673 262144 0
2292000 0 39714817 262144 0
2294000 0 39993345 65536 0
2299000 0 40125185 4096 0
2300000 0 40129281 4096 0
2301000 0 40133377 4096 0
2302000 0 40137473 32768 0
2303000 0 40170241 4096 0
2308000 0 40240641 4096 0
2309000 0 40244737 4096 0
2310000 0 40248833 4096 0
2311000 0 40252929 32768 0
2312000 0 40285697 4096 0
2317000 0 40356097 4096 0
2318000 0 40360193 4096 0
2319000 0 40364289 4096 0
2320000 0 40368385 32768 0
2321000 0 40401153 4096 0
2326000 0 40471553 4096 0
2327000 0 40475649 4096 0
2328000 0 40479745 4096 0
2329000 0 40483841 32768 0
2330000 0 40516609 4096 0
2335000 0 40587009 4096 0
2336000 0 40591105 4096 0
2337000 0 40595201 4096 0
2338000 0 40599297 32768 0
2339000 0 40632065 4096 0
2344000 0 40702465 4096 0
2345000 0 40706561 4096 0
2346000 0 40710657 4096 0
2347000 0 40714753 32768 0
2348000 0 40747521 4096 0
2353000 0 40817921 4096 0
2354000 0 40822017 4096 0
2355000 0 40826113 4096 0
2356000 0 40830209 32768 0
2357000 0 40862977 4096 0
2362000 0 40933377 4096 0
2363000 0 40937473 4096 0
2364000 0 40941569 4096 0
2365000 0 40945665 32768 0
2366000 0 40978433 4096 0
2371000 0 41048833 4096 0
2372000 0 41052929 4096 0
2373000 0 41057025 4096 0
2374000 0 41061121 32768 0
2375000 0 41093889 4096 0
2380000 0 41164289 4096 0
2381000 0 41168385 4096 0
2382000 0 41172481 4096 0
2383000 0 41176577 32768 0
2384000 0 41209345 4096 0
2389000 0 41279745 4096 0
2390000 0 41283841 4096 0
2391000 0 41287937 4096 0
2392000 0 41292033 32768 0
2393000 0 41324801 4096 0
2398000 0 41395201 4096 0
2399000 0 41399297 4096 0
2400000 0 41403393 4096 0
2401000 0 41407489 32768 0
2402000 0 41440257 4096 0
2407000 0 41510657 4096 0
2408000 0 41514753 4096 0
2409000 0 41518849 4096 0
2410000 0 41522945 32768 0
2411000 0 41555713 4096 0
2416000 0 41626113 4096 0
2417000 0 41630209 4096 0
2418000 0 41634305 4096 0
2419000 0 41638401 32768 0
2420000 0 41671169 4096 0
2425000 0 41741569 4096 0
2426000 0 41745665 4096 0
2427000 0 41749761 4096 0
2428000 0 41753857 32768 0
2429000 0 41786625 4096 0
2434000 0 41857025 4096 0
2435000 0 41861121 4096 0
2436000 0 41865217 4096 0
2437000 0 41869313 32768 0
2438000 0 41902081 4096 0
2441000 0 41975809 65536 0
2444000 0 42123265 262144 0
2445000 0 42385409 262144 0
2447000 0 42663937 65536 0
2452000 0 42795777 4096 0
2453000 0 42799873 4096 0
2454000 0 42803969 4096 0
2455000 0 42808065 32768 0
2456000 0 42840833 4096 0
2461000 0 42911233 4096 0
2462000 0 42915329 4096 0
2463000 0 42919425 4096 0
2464000 0 42923521 32768 0
2465000 0 42956289 4096 0
2470000 0 43026689 4096 0
2471000 0 43030785 4096 0
2472000 0 43034881 4096 0
2473000 0 43038977 32768 0
2474000 0 43071745 4096 0
2479000 0 43142145 4096 0
2480000 0 43146241 4096 0
2481000 0 43150337 4096 0
2482000 0 43154433 32768 0
2483000 0 43187201 4096 0
2488000 0 43257601 4096 0
2489000 0 43261697 4096 0
2490000 0 43265793 4096 0
2491000 0 43269889 32768 0
2492000 0 43302657 4096 0
2497000 0 43373057 4096 0
2498000 0 43377153 4096 0
2499000 0 43381249 4096 0
2500000 0 43385345 32768 0
2501000 0 43418113 4096 0
2506000 0 43488513 4096 0
2507000 0 43492609 4096 0
2508000 0 43496705 4096 0
2509000 0 43500801 32768 0
2510000 0 43533569 4096 0
2515000 0 43603969 4096 0
2516000 0 43608065 4096 0
2517000 0 43612161 4096 0
2518000 0 43616257 32768 0
2519000 0 43649025 4096 0
2524000 0 43719425 4096 0
2525000 0 43723521 4096 0
2526000 0 43727617 4096 0
2527000 0 43731713 32768 0
2528000 0 43764481 4096 0
2533000 0 43834881 4096 0
2534000 0 43838977 4096 0
2535000 0 43843073 4096 0
2536000 0 43847169 32768 0
2537000 0 43879937 4096 0
2542000 0 43950337 4096 0
2543000 0 43954433 4096 0
2544000 0 43958529 4096 0
2545000 0 43962625 32768 0
2546000 0 43995393 4096 0
2551000 0 44065793 4096 0
2552000 0 44069889 4096 0
2553000 0 44073985 4096 0
2554000 0 44078081 32768 0
2555000 0 44110849 4096 0
2560000 0 44181249 4096 0
2561000 0 44185345 4096 0
2562000 0 44189441 4096 0
2563000 0 44193537 32768 0
2564000 0 44226305 4096 0
2569000 0 44296705 4096 0
2570000 0 44300801 4096 0
2571000 0 44304897 4096 0
2572000 0 44308993 32768 0
2573000 0 44341761 4096 0
2578000 0 44412161 4096 0
2579000 0 44416257 4096 0
2580000 0 44420353 4096 0
2581000 0 44424449 32768 0
2582000 0 44457217 4096 0
2587000 0 44527617 4096 0
2588000 0 44531713 4096 0
2589000 0 44535809 4096 0
2590000 0 44539905 32768 0
2591000 0 44572673 4096 0
2594000 0 44646401 65536 0
2597000 0 44793857 262144 0
2598000 0 45056001 262144 0
2600000 0 45334529 65536 0
2605000 0 45466369 4096 0
2606000 0 45470465 4096 0
2607000 0 45474561 4096 0
2608000 0 45478657 32768 0
2609000 0 45511425 4096 0
2614000 0 45581825 4096 0
2615000 0 45585921 4096 0
2616000 0 45590017 4096 0
2617000 0 45594113 32768 0
2618000 0 45626881 4096 0
2623000 0 45697281 4096 0
2624000 0 45701377 4096 0
2625000 0 45705473 4096 0
2626000 0 45709569 32768 0
2627000 0 45742337 4096 0
2632000 0 45812737 4096 0
2633000 0 45816833 4096 0
2634000 0 45820929 4096 0
2635000 0 45825025 32768 0
2636000 0 45857793 4096 0
2641000 0 45928193 4096 0
2642000 0 45932289 4096 0
2643000 0 45936385 4096 0
2644000 0 45940481 32768 0
2645000 0 45973249 4096 0
2650000 0 46043649 4096 0
2651000 0 46047745 4096 0
2652000 0 46051841 4096 0
2653000 0 46055937 32768 0
2654000 0 46088705 4096 0
2659000 0 46159105 4096 0
2660000 0 46163201 4096 0
2661000 0 46167297 4096 0
2662000 0 46171393 32768 0
2663000 0 46204161 4096 0
2668000 0 46274561 4096 0
2669000 0 46278657 4096 0
2670000 0 46282753 4096 0
2671000 0 46286849 32768 0
2672000 0 46319617 4096 0
2677000 0 46390017 4096 0
2678000 0 46394113 4096 0
2679000 0 46398209 4096 0
2680000 0 46402305 32768 0
2681000 0 46435073 4096 0
2686000 0 46505473 4096 0
2687000 0 46509569 4096 0
2688000 0 46513665 4096 0
2689000 0 46517761 32768 0
2690000 0 46550529 4096 0
2695000 0 46620929 4096 0
2696000 0 46625025 4096 0
2697000 0 46629121 4096 0
2698000 0 46633217 32768 0
2699000 0 46665985 4096 0
2704000 0 46736385 4096 0
2705000 0 46740481 4096 0
2706000 0 46744577 4096 0
2707000 0 46748673 32768 0
2708000 0 46781441 4096 0
2713000 0 46851841 4096 0
2714000 0 46855937 4096 0
2715000 0 46860033 4096 0
2716000 0 46864129 32768 0
2717000 0 46896897 4096 0
2722000 0 46967297 4096 0
2723000 0 46971393 4096 0
2724000 0 46975489 4096 0
2725000 0 46979585 32768 0
2726000 0 47012353 4096 0
2731000 0 47082753 4096 0
2732000 0 47086849 4096 0
2733000 0 47090945 4096 0
2734000 0 47095041 32768 0
2735000 0 47127809 4096 0
2740000 0 47198209 4096 0
2741000 0 47202305 4096 0
2742000 0 47206401 4096 0
2743000 0 47210497 32768 0
2744000 0 47243265 4096 0
2747000 0 47316993 65536 0
2750000 0 47464449 262144 0
2751000 0 47726593 262144 0
2753000 0 48005121 65536 0
2758000 0 48136961 4096 0
2759000 0 48141057 4096 0
2760000 0 48145153 4096 0
2761000 0 48149249 32768 0
2762000 0 48182017 4096 0
2767000 0 48252417 4096 0
2768000 0 48256513 4096 0
2769000 0 48260609 4096 0
2770000 0 48264705 32768 0
2771000 0 48297473 4096 0
2776000 0 48367873 4096 0
2777000 0 48371969 4096 0
2778000 0 48376065 4096 0
2779000 0 48380161 32768 0
2780000 0 48412929 4096 0
2785000 0 48483329 4096 0
2786000 0 48487425 4096 0
2787000 0 48491521 4096 0
2788000 0 48495617 32768 0
2789000 0 48528385 4096 0
2794000 0 48598785 4096 0
2795000 0 48602881 4096 0
2796000 0 48606977 4096 0
2797000 0 48611073 32768 0
2798000 0 48643841 4096 0
2803000 0 48714241 4096 0
2804000 0 48718337 4096 0
2805000 0 48722433 4096 0
2806000 0 48726529 32768 0
2807000 0 48759297 4096 0
2812000 0 48829697 4096 0
2813000 0 48833793 4096 0
2814000 0 48837889 4096 0
2815000 0 48841985 32768 0
2816000 0 48874753 4096 0
2821000 0 48945153 4096 0
2822000 0 48949249 4096 0
2823000 0 48953345 4096 0
2824000 0 48957441 32768 0
2825000 0 48990209 4096 0
2830000 0 49060609 4096 0
2831000 0 49064705 4096 0
2832000 0 49068801 4096 0
2833000 0 49072897 32768 0
2834000 0 49105665 4096 0
2839000 0 49176065 4096 0
2840000 0 49180161 4096 0
2841000 0 49184257 4096 0
2842000 0 49188353 32768 0
2843000 0 49221121 4096 0
2848000 0 49291521 4096 0
2849000 0 49295617 4096 0
2850000 0 49299713 4096 0
2851000 0 49303809 32768 0
2852000 0 49336577 4096 0
2857000 0 49406977 4096 0
2858000 0 49411073 4096 0
2859000 0 49415169 4096 0
2860000 0 49419265 32768 0
2861000 0 49452033 4096 0
2866000 0 49522433 4096 0
2867000 0 49526529 4096 0
2868000 0 49530625 4096 0
2869000 0 49534721 32768 0
2870000 0 49567489 4096 0
2875000 0 49637889 4096 0
2876000 0 49641985 4096 0
2877000 0 49646081 4096 0
2878000 0 49650177 32768 0
2879000 0 49682945 4096 0
2884000 0 49753345 4096 0
2885000 0 49757441 4096 0
2886000 0 49761537 4096 0
2887000 0 49765633 32768 0
2888000 0 49798401 4096 0
2893000 0 49868801 4096 0
2894000 0 49872897 4096 0
2895000 0 49876993 4096 0
2896000 0 49881089 32768 0
2897000 0 49913857 4096 0
2900000 0 49987585 65536 0
2903000 0 50135041 262144 0
2904000 0 50397185 262144 0
2906000 0 50675713 65536 0
2911000 0 50807553 4096 0
2912000 0 50811649 4096 0
2913000 0 50815745 4096 0
2914000 0 50819841 32768 0
2915000 0 50852609 4096 0
2920000 0 50923009 4096 0
2921000 0 50927105 4096 0
2922000 0 50931201 4096 0
2923000 0 50935297 32768 0
2924000 0 50968065 4096 0
2929000 0 51038465 4096 0
2930000 0 51042561 4096 0
2931000 0 51046657 4096 0
2932000 0 51050753 32768 0
2933000 0 51083521 4096 0
2938000 0 51153921 4096 0
2939000 0 51158017 4096 0
2940000 0 51162113 4096 0
2941000 0 51166209 32768 0
2942000 0 51198977 4096 0
2947000 0 51269377 4096 0
2948000 0 51273473 4096 0
2949000 0 51277569 4096 0
2950000 0 51281665 32768 0
2951000 0 51314433 4096 0
2956000 0 51384833 4096 0
2957000 0 51388929 4096 0
2958000 0 51393025 4096 0
2959000 0 51397121 32768 0
2960000 0 51429889 4096 0
2965000 0 51500289 4096 0
2966000 0 51504385 4096 0
2967000 0 51508481 4096 0
2968000 0 51512577 32768 0
2969000 0 51545345 4096 0
2974000 0 51615745 4096 0
2975000 0 51619841 4096 0
2976000 0 51623937 4096 0
2977000 0 51628033 32768 0
2978000 0 51660801 4096 0
2983000 0 51731201 4096 0
2984000 0 51735297 4096 0
2985000 0 51739393 4096 0
2986000 0 51743489 32768 0
2987000 0 51776257 4096 0
2992000 0 51846657 4096 0
2993000 0 51850753 4096 0
2994000 0 51854849 4096 0
2995000 0 51858945 32768 0
2996000 0 51891713 4096 0
3001000 0 51962113 4096 0
3002000 0 51966209 4096 0
3003000 0 51970305 4096 0
3004000 0 51974401 32768 0
3005000 0 52007169 4096 0
3010000 0 52077569 4096 0
3011000 0 52081665 4096 0
3012000 0 52085761 4096 0
3013000 0 52089857 32768 0
3014000 0 52122625 4096 0
3019000 0 52193025 4096 0
3020000 0 52197121 4096 0
3021000 0 52201217 4096 0
3022000 0 52205313 32768 0
3023000 0 52238081 4096 0
3028000 0 52308481 4096 0
3029000 0 52312577 4096 0
3030000 0 52316673 4096 0
3031000 0 52320769 32768 0
3032000 0 52353537 4096 0
3037000 0 52423937 4096 0
3038000 0 52428033 4096 0
3039000 0 52432129 4096 0
3040000 0 52436225 32768 0
3041000 0 52468993 4096 0
3046000 0 52539393 4096 0
3047000 0 52543489 4096 0
3048000 0 52547585 4096 0
3049000 0 52551681 32768 0
3050000 0 52584449 4096 0
3053000 0 52658177 65536 0
3056000 0 52805633 262144 0
3057000 0 53067777 262144 0
3059000 0 53346305 65536 0
3064000 0 53478145 4096 0
3065000 0 53482241 4096 0
3066000 0 53486337 4096 0
3067000 0 53490433 32768 0
3068000 0 53523201 4096 0
3073000 0 53593601 4096 0
3074000 0 53597697 4096 0
3075000 0 53601793 4096 0
3076000 0 53605889 32768 0
3077000 0 53638657 4096 0
3082000 0 53709057 4096 0
3083000 0 53713153 4096 0
3084000 0 53717249 4096 0
3085000 0 53721345 32768 0
3086000 0 53754113 4096 0
3091000 0 53824513 4096 0
3092000 0 53828609 4096 0
3093000 0 53832705 4096 0
3094000 0 53836801 32768 0
3095000 0 53869569 4096 0
3100000 0 53939969 4096 0
3101000 0 53944065 4096 0
3102000 0 53948161 4096 0
3103000 0 53952257 32768 0
3104000 0 53985025 4096 0
3109000 0 54055425 4096 0
3110000 0 54059521 4096 0
3111000 0 54063617 4096 0
3112000 0 54067713 32768 0
3113000 0 54100481 4096 0
3118000 0 54170881 4096 0
3119000 0 54174977 4096 0
3120000 0 54179073 4096 0
3121000 0 54183169 32768 0
3122000 0 54215937 4096 0
3127000 0 54286337 4096 0
3128000 0 54290433 4096 0
3129000 0 54294529 4096 0
3130000 0 54298625 32768 0
3131000 0 54331393 4096 0
3136000 0 54401793 4096 0
3137000 0 54405889 4096 0
3138000 0 54409985 4096 0
3139000 0 54414081 32768 0
3140000 0 54446849 4096 0
3145000 0 54517249 4096 0
3146000 0 54521345 4096 0
3147000 0 54525441 4096 0
3148000 0 54529537 32768 0
3149000 0 54562305 4096 0
3154000 0 54632705 4096 0
3155000 0 54636801 4096 0
3156000 0 54640897 4096 0
3157000 0 54644993 32768 0
3158000 0 54677761 4096 0
3163000 0 54748161 4096 0
3164000 0 54752257 4096 0
3165000 0 54756353 4096 0
3166000 0 54760449 32768 0
3167000 0 54793217 4096 0
3172000 0 54863617 4096 0
3173000 0 54867713 4096 0
3174000 0 54871809 4096 0
3175000 0 54875905 32768 0
3176000 0 54908673 4096 0
3181000 0 54979073 4096 0
3182000 0 54983169 4096 0
3183000 0 54987265 4096 0
3184000 0 54991361 32768 0
3185000 0 55024129 4096 0
3190000 0 55094529 4096 0
3191000 0 55098625 4096 0
3192000 0 55102721 4096 0
3193000 0 55106817 32768 0
3194000 0 55139585 4096 0
3199000 0 55209985 4096 0
3200000 0 55214081 4096 0
3201000 0 55218177 4096 0
3202000 0 55222273 32768 0
3203000 0 55255041 4096 0
3206000 0 55328769 65536 0
3209000 0 55476225 262144 0
3210000 0 55738369 262144 0
3212000 0 56016897 65536 0
3217000 0 56148737 4096 0
3218000 0 56152833 4096 0
3219000 0 56156929 4096 0
3220000 0 56161025 32768 0
3221000 0 56193793 4096 0
3226000 0 56264193 4096 0
3227000 0 56268289 4096 0
3228000 0 56272385 4096 0
3229000 0 56276481 32768 0
3230000 0 56309249 4096 0
3235000 0 56379649 4096 0
3236000 0 56383745 4096 0
3237000 0 56387841 4096 0
3238000 0 56391937 32768 0
3239000 0 56424705 4096 0
3244000 0 56495105 4096 0
3245000 0 56499201 4096 0
3246000 0 56503297 4096 0
3247000 0 56507393 32768 0
3248000 0 56540161 4096 0
3253000 0 56610561 4096 0
3254000 0 56614657 4096 0
3255000 0 56618753 4096 0
3256000 0 56622849 32768 0
3257000 0 56655617 4096 0
3262000 0 56726017 4096 0
3263000 0 56730113 4096 0
3264000 0 56734209 4096 0
3265000 0 56738305 32768 0
3266000 0 56771073 4096 0
3271000 0 56841473 4096 0
3272000 0 56845569 4096 0
3273000 0 56849665 4096 0
3274000 0 56853761 32768 0
3275000 0 56886529 4096 0
3280000 0 56956929 4096 0
3281000 0 56961025 4096 0
3282000 0 56965121 4096 0
3283000 0 56969217 32768 0
3284000 0 57001985 4096 0
3289000 0 57072385 4096 0
3290000 0 57076481 4096 0
3291000 0 57080577 4096 0
3292000 0 57084673 32768 0
3293000 0 57117441 4096 0
3298000 0 57187841 4096 0
3299000 0 57191937 4096 0
3300000 0 57196033 4096 0
3301000 0 57200129 32768 0
3302000 0 57232897 4096 0
3307000 0 57303297 4096 0
3308000 0 57307393 4096 0
3309000 0 57311489 4096 0
3310000 0 57315585 32768 0
3311000 0 57348353 4096 0
3316000 0 57418753 4096 0
3317000 0 57422849 4096 0
3318000 0 57426945 4096 0
3319000 0 57431041 32768 0
3320000 0 57463809 4096 0
3325000 0 57534209 4096 0
3326000 0 57538305 4096 0
3327000 0 57542401 4096 0
3328000 0 57546497 32768 0
3329000 0 57579265 4096 0
3334000 0 57649665 4096 0
3335000 0 57653761 4096 0
3336000 0 57657857 4096 0
3337000 0 57661953 32768 0
3338000 0 57694721 4096 0
3343000 0 57765121 4096 0
3344000 0 57769217 4096 0
3345000 0 57773313 4096 0
3346000 0 57777409 32768 0
3347000 0 57810177 4096 0
3352000 0 57880577 4096 0
3353000 0 57884673 4096 0
3354000 0 57888769 4096 0
3355000 0 57892865 32768 0
3356000 0 57925633 4096 0
3359000 0 57999361 65536 0
3362000 0 58146817 262144 0
3363000 0 58408961 262144 0
3365000 0 58687489 65536 0
3370000 0 58819329 4096 0
3371000 0 58823425 4096 0
3372000 0 58827521 4096 0
3373000 0 58831617 32768 0
3374000 0 58864385 4096 0
3379000 0 58934785 4096 0
3380000 0 58938881 4096 0
3381000 0 58942977 4096 0
3382000 0 58947073 32768 0
3383000 0 58979841 4096 0
3388000 0 59050241 4096 0
3389000 0 59054337 4096 0
3390000 0 59058433 4096 0
3391000 0 59062529 32768 0
3392000 0 59095297 4096 0
3397000 0 59165697 4096 0
3398000 0 59169793 4096 0
3399000 0 59173889 4096 0
3400000 0 59177985 32768 0
3401000 0 59210753 4096 0
3406000 0 59281153 4096 0
3407000 0 59285249 4096 0
3408000 0 59289345 4096 0
3409000 0 59293441 32768 0
3410000 0 59326209 4096 0
3415000 0 59396609 4096 0
3416000 0 59400705 4096 0
3417000 0 59404801 4096 0
3418000 0 59408897 32768 0
3419000 0 59441665 4096 0
3424000 0 59512065 4096 0
3425000 0 59516161 4096 0
3426000 0 59520257 4096 0
3427000 0 59524353 32768 0
3428000 0 59557121 4096 0
3433000 0 59627521 4096 0
3434000 0 59631617 4096 0
3435000 0 59635713 4096 0
3436000 0 59639809 32768 0
3437000 0 59672577 4096 0
3442000 0 59742977 4096 0
3443000 0 59747073 4096 0
3444000 0 59751169 4096 0
3445000 0 59755265 32768 0
3446000 0 59788033 4096 0
3451000 0 59858433 4096 0
3452000 0 59862529 4096 0
3453000 0 59866625 4096 0
3454000 0 59870721 32768 0
3455000 0 59903489 4096 0
3460000 0 59973889 4096 0
3461000 0 59977985 4096 0
3462000 0 59982081 4096 0
3463000 0 59986177 32768 0
3464000 0 60018945 4096 0
3469000 0 60089345 4096 0
3470000 0 60093441 4096 0
3471000 0 60097537 4096 0
3472000 0 60101633 32768 0
3473000 0 60134401 4096 0
3478000 0 60204801 4096 0
3479000 0 60208897 4096 0
3480000 0 60212993 4096 0
3481000 0 60217089 32768 0
3482000 0 60249857 4096 0
3487000 0 60320257 4096 0
3488000 0 60324353 4096 0
3489000 0 60328449 4096 0
3490000 0 60332545 32768 0
3491000 0 60365313 4096 0
3496000 0 60435713 4096 0
3497000 0 60439809 4096 0
3498000 0 60443905 4096 0
3499000 0 60448001 32768 0
3500000 0 60480769 4096 0
3505000 0 60551169 4096 0
3506000 0 60555265 4096 0
3507000 0 60559361 4096 0
3508000 0 60563457 32768 0
3509000 0 60596225 4096 0
3512000 0 60669953 65536 0
3515000 0 60817409 262144 0
3516000 0 61079553 262144 0
3518000 0 61358081 65536 0
3523000 0 61489921 4096 0
3524000 0 61494017 4096 0
3525000 0 61498113 4096 0
3526000 0 61502209 32768 0
3527000 0 61534977 4096 0
3532000 0 61605377 4096 0
3533000 0 61609473 4096 0
3534000 0 61613569 4096 0
3535000 0 61617665 32768 0
3536000 0 61650433 4096 0
3541000 0 61720833 4096 0
3542000 0 61724929 4096 0
3543000 0 61729025 4096 0
3544000 0 61733121 32768 0
3545000 0 61765889 4096 0
3550000 0 61836289 4096 0
3551000 0 61840385 4096 0
3552000 0 61844481 4096 0
3553000 0 61848577 32768 0
3554000 0 61881345 4096 0
3559000 0 61951745 4096 0
3560000 0 61955841 4096 0
3561000 0 61959937 4096 0
3562000 0 61964033 32768 0
3563000 0 61996801 4096 0
3568000 0 62067201 4096 0
3569000 0 62071297 4096 0
3570000 0 62075393 4096 0
3571000 0 62079489 32768 0
3572000 0 62112257 4096 0
3577000 0 62182657 4096 0
3578000 0 62186753 4096 0
3579000 0 62190849 4096 0
3580000 0 62194945 32768 0
3581000 0 62227713 4096 0
3586000 0 62298113 4096 0
3587000 0 62302209 4096 0
3588000 0 62306305 4096 0
3589000 0 62310401 32768 0
3590000 0 62343169 4096 0
3595000 0 62413569 4096 0
3596000 0 62417665 4096 0
3597000 0 62421761 4096 0
3598000 0 62425857 32768 0
3599000 0 62458625 4096 0
3604000 0 62529025 4096 0
3605000 0 62533121 4096 0
3606000 0 62537217 4096 0
3607000 0 62541313 32768 0
3608000 0 62574081 4096 0
3613000 0 62644481 4096 0
3614000 0 62648577 4096 0
3615000 0 62652673 4096 0
3616000 0 62656769 32768 0
3617000 0 62689537 4096 0
3622000 0 62759937 4096 0
3623000 0 62764033 4096 0
3624000 0 62768129 4096 0
3625000 0 62772225 32768 0
3626000 0 62804993 4096 0
3631000 0 62875393 4096 0
3632000 0 62879489 4096 0
3633000 0 62883585 4096 0
3634000 0 62887681 32768 0
3635000 0 62920449 4096 0
3640000 0 62990849 4096 0
3641000 0 62994945 4096 0
3642000 0 62999041 4096 0
3643000 0 63003137 32768 0
3644000 0 63035905 4096 0
3649000 0 63106305 4096 0
3650000 0 63110401 4096 0
3651000 0 63114497 4096 0
3652000 0 63118593 32768 0
3653000 0 63151361 4096 0
3658000 0 63221761 4096 0
3659000 0 63225857 4096 0
3660000 0 63229953 4096 0
3661000 0 63234049 32768 0
3662000 0 63266817 4096 0
3665000 0 63340545 65536 0
3668000 0 63488001 262144 0
3669000 0 63750145 262144 0
3671000 0 64028673 65536 0
