0 0 1 65536 1
1000 0 65537 256 1
2000 0 65793 256 1
3000 0 66049 256 1
4000 0 66305 4096 0
5000 0 70401 4096 0
6000 0 74497 4096 0
7000 0 78593 32768 0
8000 0 111361 4096 0
9000 0 115457 65536 1
10000 0 180993 256 1
11000 0 181249 256 1
12000 0 181505 256 1
13000 0 181761 4096 0
14000 0 185857 4096 0
15000 0 189953 4096 0
16000 0 194049 32768 0
17000 0 226817 4096 0
18000 0 230913 65536 1
19000 0 296449 256 1
20000 0 296705 256 1
21000 0 296961 256 1
22000 0 297217 4096 0
23000 0 301313 4096 0
24000 0 305409 4096 0
25000 0 309505 32768 0
26000 0 342273 4096 0
27000 0 346369 65536 1
28000 0 411905 256 1
29000 0 412161 256 1
30000 0 412417 256 1
31000 0 412673 4096 0
32000 0 416769 4096 0
33000 0 420865 4096 0
34000 0 424961 32768 0
35000 0 457729 4096 0
36000 0 461825 65536 1
37000 0 527361 256 1
38000 0 527617 256 1
39000 0 527873 256 1
40000 0 528129 4096 0
41000 0 532225 4096 0
42000 0 536321 4096 0
43000 0 540417 32768 0
44000 0 573185 4096 0
45000 0 577281 65536 1
46000 0 642817 256 1
47000 0 643073 256 1
48000 0 643329 256 1
49000 0 643585 4096 0
50000 0 647681 4096 0
51000 0 651777 4096 0
52000 0 655873 32768 0
53000 0 688641 4096 0
54000 0 692737 65536 1
55000 0 758273 256 1
56000 0 758529 256 1
57000 0 758785 256 1
58000 0 759041 4096 0
59000 0 763137 4096 0
60000 0 767233 4096 0
61000 0 771329 32768 0
62000 0 804097 4096 0
63000 0 808193 65536 1
64000 0 873729 256 1
65000 0 873985 256 1
66000 0 874241 256 1
67000 0 874497 4096 0
68000 0 878593 4096 0
69000 0 882689 4096 0
70000 0 886785 32768 0
71000 0 919553 4096 0
72000 0 923649 65536 1
73000 0 989185 256 1
74000 0 989441 256 1
75000 0 989697 256 1
76000 0 989953 4096 0
77000 0 994049 4096 0
78000 0 998145 4096 0
79000 0 1002241 32768 0
80000 0 1035009 4096 0
81000 0 1039105 65536 1
82000 0 1104641 256 1
83000 0 1104897 256 1
84000 0 1105153 256 1
85000 0 1105409 4096 0
86000 0 1109505 4096 0
87000 0 1113601 4096 0
88000 0 1117697 32768 0
89000 0 1150465 4096 0
90000 0 1154561 65536 1
91000 0 1220097 256 1
92000 0 1220353 256 1
93000 0 1220609 256 1
94000 0 1220865 4096 0
95000 0 1224961 4096 0
96000 0 1229057 4096 0
97000 0 1233153 32768 0
98000 0 1265921 4096 0
99000 0 1270017 65536 1
100000 0 1335553 256 1
101000 0 1335809 256 1
102000 0 1336065 256 1
103000 0 1336321 4096 0
104000 0 1340417 4096 0
105000 0 1344513 4096 0
106000 0 1348609 32768 0
107000 0 1381377 4096 0
108000 0 1385473 65536 1
109000 0 1451009 256 1
110000 0 1451265 256 1
111000 0 1451521 256 1
112000 0 1451777 4096 0
113000 0 1455873 4096 0
114000 0 1459969 4096 0
115000 0 1464065 32768 0
116000 0 1496833 4096 0
117000 0 1500929 65536 1
118000 0 1566465 256 1
119000 0 1566721 256 1
120000 0 1566977 256 1
121000 0 1567233 4096 0
122000 0 1571329 4096 0
123000 0 1575425 4096 0
124000 0 1579521 32768 0
125000 0 1612289 4096 0
126000 0 1616385 65536 1
127000 0 1681921 256 1
128000 0 1682177 256 1
129000 0 1682433 256 1
130000 0 1682689 4096 0
131000 0 1686785 4096 0
132000 0 1690881 4096 0
133000 0 1694977 32768 0
134000 0 1727745 4096 0
135000 0 1731841 65536 1
136000 0 1797377 256 1
137000 0 1797633 256 1
138000 0 1797889 256 1
139000 0 1798145 4096 0
140000 0 1802241 4096 0
141000 0 1806337 4096 0
142000 0 1810433 32768 0
143000 0 1843201 4096 0
144000 0 1847297 65536 1
145000 0 1912833 4096 1
146000 0 1916929 65536 0
147000 0 1982465 65536 1
148000 0 2048001 16384 1
149000 0 2064385 262144 0
150000 0 2326529 262144 0
151000 0 2588673 16384 1
152000 0 2605057 65536 0
153000 0 2670593 65536 1
154000 0 2736129 256 1
155000 0 2736385 256 1
156000 0 2736641 256 1
157000 0 2736897 4096 0
158000 0 2740993 4096 0
159000 0 2745089 4096 0
160000 0 2749185 32768 0
161000 0 2781953 4096 0
162000 0 2786049 65536 1
163000 0 2851585 256 1
164000 0 2851841 256 1
165000 0 2852097 256 1
166000 0 2852353 4096 0
167000 0 2856449 4096 0
168000 0 2860545 4096 0
169000 0 2864641 32768 0
170000 0 2897409 4096 0
171000 0 2901505 65536 1
172000 0 2967041 256 1
173000 0 2967297 256 1
174000 0 2967553 256 1
175000 0 2967809 4096 0
176000 0 2971905 4096 0
177000 0 2976001 4096 0
178000 0 2980097 32768 0
179000 0 3012865 4096 0
180000 0 3016961 65536 1
181000 0 3082497 256 1
182000 0 3082753 256 1
183000 0 3083009 256 1
184000 0 3083265 4096 0
185000 0 3087361 4096 0
186000 0 3091457 4096 0
187000 0 3095553 32768 0
188000 0 3128321 4096 0
189000 0 3132417 65536 1
190000 0 3197953 256 1
191000 0 3198209 256 1
192000 0 3198465 256 1
193000 0 3198721 4096 0
194000 0 3202817 4096 0
195000 0 3206913 4096 0
196000 0 3211009 32768 0
197000 0 3243777 4096 0
198000 0 3247873 65536 1
199000 0 3313409 256 1
200000 0 3313665 256 1
201000 0 3313921 256 1
202000 0 3314177 4096 0
203000 0 3318273 4096 0
204000 0 3322369 4096 0
205000 0 3326465 32768 0
206000 0 3359233 4096 0
207000 0 3363329 65536 1
208000 0 3428865 256 1
209000 0 3429121 256 1
210000 0 3429377 256 1
211000 0 3429633 4096 0
212000 0 3433729 4096 0
213000 0 3437825 4096 0
214000 0 3441921 32768 0
215000 0 3474689 4096 0
216000 0 3478785 65536 1
217000 0 3544321 256 1
218000 0 3544577 256 1
219000 0 3544833 256 1
220000 0 3545089 4096 0
221000 0 3549185 4096 0
222000 0 3553281 4096 0
223000 0 3557377 32768 0
224000 0 3590145 4096 0
225000 0 3594241 65536 1
226000 0 3659777 256 1
227000 0 3660033 256 1
228000 0 3660289 256 1
229000 0 3660545 4096 0
230000 0 3664641 4096 0
231000 0 3668737 4096 0
232000 0 3672833 32768 0
233000 0 3705601 4096 0
234000 0 3709697 65536 1
235000 0 3775233 256 1
236000 0 3775489 256 1
237000 0 3775745 256 1
238000 0 3776001 4096 0
239000 0 3780097 4096 0
240000 0 3784193 4096 0
241000 0 3788289 32768 0
242000 0 3821057 4096 0
243000 0 3825153 65536 1
244000 0 3890689 256 1
245000 0 3890945 256 1
246000 0 3891201 256 1
247000 0 3891457 4096 0
248000 0 3895553 4096 0
249000 0 3899649 4096 0
250000 0 3903745 32768 0
251000 0 3936513 4096 0
252000 0 3940609 65536 1
253000 0 4006145 256 1
254000 0 4006401 256 1
255000 0 4006657 256 1
256000 0 4006913 4096 0
257000 0 4011009 4096 0
258000 0 4015105 4096 0
259000 0 4019201 32768 0
260000 0 4051969 4096 0
261000 0 4056065 65536 1
262000 0 4121601 256 1
263000 0 4121857 256 1
264000 0 4122113 256 1
265000 0 4122369 4096 0
266000 0 4126465 4096 0
267000 0 4130561 4096 0
268000 0 4134657 32768 0
269000 0 4167425 4096 0
270000 0 4171521 65536 1
271000 0 4237057 256 1
272000 0 4237313 256 1
273000 0 4237569 256 1
274000 0 4237825 4096 0
275000 0 4241921 4096 0
276000 0 4246017 4096 0
277000 0 4250113 32768 0
278000 0 4282881 4096 0
279000 0 4286977 65536 1
280000 0 4352513 256 1
281000 0 4352769 256 1
282000 0 4353025 256 1
283000 0 4353281 4096 0
284000 0 4357377 4096 0
285000 0 4361473 4096 0
286000 0 4365569 32768 0
287000 0 4398337 4096 0
288000 0 4402433 65536 1
289000 0 4467969 256 1
290000 0 4468225 256 1
291000 0 4468481 256 1
292000 0 4468737 4096 0
293000 0 4472833 4096 0
294000 0 4476929 4096 0
295000 0 4481025 32768 0
296000 0 4513793 4096 0
297000 0 4517889 65536 1
298000 0 4583425 4096 1
299000 0 4587521 65536 0
300000 0 4653057 65536 1
301000 0 4718593 16384 1
302000 0 4734977 262144 0
303000 0 4997121 262144 0
304000 0 5259265 16384 1
305000 0 5275649 65536 0
306000 0 5341185 65536 1
307000 0 5406721 256 1
308000 0 5406977 256 1
309000 0 5407233 256 1
310000 0 5407489 4096 0
311000 0 5411585 4096 0
312000 0 5415681 4096 0
313000 0 5419777 32768 0
314000 0 5452545 4096 0
315000 0 5456641 65536 1
316000 0 5522177 256 1
317000 0 5522433 256 1
318000 0 5522689 256 1
319000 0 5522945 4096 0
320000 0 5527041 4096 0
321000 0 5531137 4096 0
322000 0 5535233 32768 0
323000 0 5568001 4096 0
324000 0 5572097 65536 1
325000 0 5637633 256 1
326000 0 5637889 256 1
327000 0 5638145 256 1
328000 0 5638401 4096 0
329000 0 5642497 4096 0
330000 0 5646593 4096 0
331000 0 5650689 32768 0
332000 0 5683457 4096 0
333000 0 5687553 65536 1
334000 0 5753089 256 1
335000 0 5753345 256 1
336000 0 5753601 256 1
337000 0 5753857 4096 0
338000 0 5757953 4096 0
339000 0 5762049 4096 0
340000 0 5766145 32768 0
341000 0 5798913 4096 0
342000 0 5803009 65536 1
343000 0 5868545 256 1
344000 0 5868801 256 1
345000 0 5869057 256 1
346000 0 5869313 4096 0
347000 0 5873409 4096 0
348000 0 5877505 4096 0
349000 0 5881601 32768 0
350000 0 5914369 4096 0
351000 0 5918465 65536 1
352000 0 5984001 256 1
353000 0 5984257 256 1
354000 0 5984513 256 1
355000 0 5984769 4096 0
356000 0 5988865 4096 0
357000 0 5992961 4096 0
358000 0 5997057 32768 0
359000 0 6029825 4096 0
360000 0 6033921 65536 1
361000 0 6099457 256 1
362000 0 6099713 256 1
363000 0 6099969 256 1
364000 0 6100225 4096 0
365000 0 6104321 4096 0
366000 0 6108417 4096 0
367000 0 6112513 32768 0
368000 0 6145281 4096 0
369000 0 6149377 65536 1
370000 0 6214913 256 1
371000 0 6215169 256 1
372000 0 6215425 256 1
373000 0 6215681 4096 0
374000 0 6219777 4096 0
375000 0 6223873 4096 0
376000 0 6227969 32768 0
377000 0 6260737 4096 0
378000 0 6264833 65536 1
379000 0 6330369 256 1
380000 0 6330625 256 1
381000 0 6330881 256 1
382000 0 6331137 4096 0
383000 0 6335233 4096 0
384000 0 6339329 4096 0
385000 0 6343425 32768 0
386000 0 6376193 4096 0
387000 0 6380289 65536 1
388000 0 6445825 256 1
389000 0 6446081 256 1
390000 0 6446337 256 1
391000 0 6446593 4096 0
392000 0 6450689 4096 0
393000 0 6454785 4096 0
394000 0 6458881 32768 0
395000 0 6491649 4096 0
396000 0 6495745 65536 1
397000 0 6561281 256 1
398000 0 6561537 256 1
399000 0 6561793 256 1
400000 0 6562049 4096 0
401000 0 6566145 4096 0
402000 0 6570241 4096 0
403000 0 6574337 32768 0
404000 0 6607105 4096 0
405000 0 6611201 65536 1
406000 0 6676737 256 1
407000 0 6676993 256 1
408000 0 6677249 256 1
409000 0 6677505 4096 0
410000 0 6681601 4096 0
411000 0 6685697 4096 0
412000 0 6689793 32768 0
413000 0 6722561 4096 0
414000 0 6726657 65536 1
415000 0 6792193 256 1
416000 0 6792449 256 1
417000 0 6792705 256 1
418000 0 6792961 4096 0
419000 0 6797057 4096 0
420000 0 6801153 4096 0
421000 0 6805249 32768 0
422000 0 6838017 4096 0
423000 0 6842113 65536 1
424000 0 6907649 256 1
425000 0 6907905 256 1
426000 0 6908161 256 1
427000 0 6908417 4096 0
428000 0 6912513 4096 0
429000 0 6916609 4096 0
430000 0 6920705 32768 0
431000 0 6953473 4096 0
432000 0 6957569 65536 1
433000 0 7023105 256 1
434000 0 7023361 256 1
435000 0 7023617 256 1
436000 0 7023873 4096 0
437000 0 7027969 4096 0
438000 0 7032065 4096 0
439000 0 7036161 32768 0
440000 0 7068929 4096 0
441000 0 7073025 65536 1
442000 0 7138561 256 1
443000 0 7138817 256 1
444000 0 7139073 256 1
445000 0 7139329 4096 0
446000 0 7143425 4096 0
447000 0 7147521 4096 0
448000 0 7151617 32768 0
449000 0 7184385 4096 0
450000 0 7188481 65536 1
451000 0 7254017 4096 1
452000 0 7258113 65536 0
453000 0 7323649 65536 1
454000 0 7389185 16384 1
455000 0 7405569 262144 0
456000 0 7667713 262144 0
457000 0 7929857 16384 1
458000 0 7946241 65536 0
459000 0 8011777 65536 1
460000 0 8077313 256 1
461000 0 8077569 256 1
462000 0 8077825 256 1
463000 0 8078081 4096 0
464000 0 8082177 4096 0
465000 0 8086273 4096 0
466000 0 8090369 32768 0
467000 0 8123137 4096 0
468000 0 8127233 65536 1
469000 0 8192769 256 1
470000 0 8193025 256 1
471000 0 8193281 256 1
472000 0 8193537 4096 0
473000 0 8197633 4096 0
474000 0 8201729 4096 0
475000 0 8205825 32768 0
476000 0 8238593 4096 0
477000 0 8242689 65536 1
478000 0 8308225 256 1
479000 0 8308481 256 1
480000 0 8308737 256 1
481000 0 8308993 4096 0
482000 0 8313089 4096 0
483000 0 8317185 4096 0
484000 0 8321281 32768 0
485000 0 8354049 4096 0
486000 0 8358145 65536 1
487000 0 8423681 256 1
488000 0 8423937 256 1
489000 0 8424193 256 1
490000 0 8424449 4096 0
491000 0 8428545 4096 0
492000 0 8432641 4096 0
493000 0 8436737 32768 0
494000 0 8469505 4096 0
495000 0 8473601 65536 1
496000 0 8539137 256 1
497000 0 8539393 256 1
498000 0 8539649 256 1
499000 0 8539905 4096 0
500000 0 8544001 4096 0
501000 0 8548097 4096 0
502000 0 8552193 32768 0
503000 0 8584961 4096 0
504000 0 8589057 65536 1
505000 0 8654593 256 1
506000 0 8654849 256 1
507000 0 8655105 256 1
508000 0 8655361 4096 0
509000 0 8659457 4096 0
510000 0 8663553 4096 0
511000 0 8667649 32768 0
512000 0 8700417 4096 0
513000 0 8704513 65536 1
514000 0 8770049 256 1
515000 0 8770305 256 1
516000 0 8770561 256 1
517000 0 8770817 4096 0
518000 0 8774913 4096 0
519000 0 8779009 4096 0
520000 0 8783105 32768 0
521000 0 8815873 4096 0
522000 0 8819969 65536 1
523000 0 8885505 256 1
524000 0 8885761 256 1
525000 0 8886017 256 1
526000 0 8886273 4096 0
527000 0 8890369 4096 0
528000 0 8894465 4096 0
529000 0 8898561 32768 0
530000 0 8931329 4096 0
531000 0 8935425 65536 1
532000 0 9000961 256 1
533000 0 9001217 256 1
534000 0 9001473 256 1
535000 0 9001729 4096 0
536000 0 9005825 4096 0
537000 0 9009921 4096 0
538000 0 9014017 32768 0
539000 0 9046785 4096 0
540000 0 9050881 65536 1
541000 0 9116417 256 1
542000 0 9116673 256 1
543000 0 9116929 256 1
544000 0 9117185 4096 0
545000 0 9121281 4096 0
546000 0 9125377 4096 0
547000 0 9129473 32768 0
548000 0 9162241 4096 0
549000 0 9166337 65536 1
550000 0 9231873 256 1
551000 0 9232129 256 1
552000 0 9232385 256 1
553000 0 9232641 4096 0
554000 0 9236737 4096 0
555000 0 9240833 4096 0
556000 0 9244929 32768 0
557000 0 9277697 4096 0
558000 0 9281793 65536 1
559000 0 9347329 256 1
560000 0 9347585 256 1
561000 0 9347841 256 1
562000 0 9348097 4096 0
563000 0 9352193 4096 0
564000 0 9356289 4096 0
565000 0 9360385 32768 0
566000 0 9393153 4096 0
567000 0 9397249 65536 1
568000 0 9462785 256 1
569000 0 9463041 256 1
570000 0 9463297 256 1
571000 0 9463553 4096 0
572000 0 9467649 4096 0
573000 0 9471745 4096 0
574000 0 9475841 32768 0
575000 0 9508609 4096 0
576000 0 9512705 65536 1
577000 0 9578241 256 1
578000 0 9578497 256 1
579000 0 9578753 256 1
580000 0 9579009 4096 0
581000 0 9583105 4096 0
582000 0 9587201 4096 0
583000 0 9591297 32768 0
584000 0 9624065 4096 0
585000 0 9628161 65536 1
586000 0 9693697 256 1
587000 0 9693953 256 1
588000 0 9694209 256 1
589000 0 9694465 4096 0
590000 0 9698561 4096 0
591000 0 9702657 4096 0
592000 0 9706753 32768 0
593000 0 9739521 4096 0
594000 0 9743617 65536 1
595000 0 9809153 256 1
596000 0 9809409 256 1
597000 0 9809665 256 1
598000 0 9809921 4096 0
599000 0 9814017 4096 0
600000 0 9818113 4096 0
601000 0 9822209 32768 0
602000 0 9854977 4096 0
603000 0 9859073 65536 1
604000 0 9924609 4096 1
605000 0 9928705 65536 0
606000 0 9994241 65536 1
607000 0 10059777 16384 1
608000 0 10076161 262144 0
609000 0 10338305 262144 0
610000 0 10600449 16384 1
611000 0 10616833 65536 0
612000 0 10682369 65536 1
613000 0 10747905 256 1
614000 0 10748161 256 1
615000 0 10748417 256 1
616000 0 10748673 4096 0
617000 0 10752769 4096 0
618000 0 10756865 4096 0
619000 0 10760961 32768 0
620000 0 10793729 4096 0
621000 0 10797825 65536 1
622000 0 10863361 256 1
623000 0 10863617 256 1
624000 0 10863873 256 1
625000 0 10864129 4096 0
626000 0 10868225 4096 0
627000 0 10872321 4096 0
628000 0 10876417 32768 0
629000 0 10909185 4096 0
630000 0 10913281 65536 1
631000 0 10978817 256 1
632000 0 10979073 256 1
633000 0 10979329 256 1
634000 0 10979585 4096 0
635000 0 10983681 4096 0
636000 0 10987777 4096 0
637000 0 10991873 32768 0
638000 0 11024641 4096 0
639000 0 11028737 65536 1
640000 0 11094273 256 1
641000 0 11094529 256 1
642000 0 11094785 256 1
643000 0 11095041 4096 0
644000 0 11099137 4096 0
645000 0 11103233 4096 0
646000 0 11107329 32768 0
647000 0 11140097 4096 0
648000 0 11144193 65536 1
649000 0 11209729 256 1
650000 0 11209985 256 1
651000 0 11210241 256 1
652000 0 11210497 4096 0
653000 0 11214593 4096 0
654000 0 11218689 4096 0
655000 0 11222785 32768 0
656000 0 11255553 4096 0
657000 0 11259649 65536 1
658000 0 11325185 256 1
659000 0 11325441 256 1
660000 0 11325697 256 1
661000 0 11325953 4096 0
662000 0 11330049 4096 0
663000 0 11334145 4096 0
664000 0 11338241 32768 0
665000 0 11371009 4096 0
666000 0 11375105 65536 1
667000 0 11440641 256 1
668000 0 11440897 256 1
669000 0 11441153 256 1
670000 0 11441409 4096 0
671000 0 11445505 4096 0
672000 0 11449601 4096 0
673000 0 11453697 32768 0
674000 0 11486465 4096 0
675000 0 11490561 65536 1
676000 0 11556097 256 1
677000 0 11556353 256 1
678000 0 11556609 256 1
679000 0 11556865 4096 0
680000 0 11560961 4096 0
681000 0 11565057 4096 0
682000 0 11569153 32768 0
683000 0 11601921 4096 0
684000 0 11606017 65536 1
685000 0 11671553 256 1
686000 0 11671809 256 1
687000 0 11672065 256 1
688000 0 11672321 4096 0
689000 0 11676417 4096 0
690000 0 11680513 4096 0
691000 0 11684609 32768 0
692000 0 11717377 4096 0
693000 0 11721473 65536 1
694000 0 11787009 256 1
695000 0 11787265 256 1
696000 0 11787521 256 1
697000 0 11787777 4096 0
698000 0 11791873 4096 0
699000 0 11795969 4096 0
700000 0 11800065 32768 0
701000 0 11832833 4096 0
702000 0 11836929 65536 1
703000 0 11902465 256 1
704000 0 11902721 256 1
705000 0 11902977 256 1
706000 0 11903233 4096 0
707000 0 11907329 4096 0
708000 0 11911425 4096 0
709000 0 11915521 32768 0
710000 0 11948289 4096 0
711000 0 11952385 65536 1
712000 0 12017921 256 1
713000 0 12018177 256 1
714000 0 12018433 256 1
715000 0 12018689 4096 0
716000 0 12022785 4096 0
717000 0 12026881 4096 0
718000 0 12030977 32768 0
719000 0 12063745 4096 0
720000 0 12067841 65536 1
721000 0 12133377 256 1
722000 0 12133633 256 1
723000 0 12133889 256 1
724000 0 12134145 4096 0
725000 0 12138241 4096 0
726000 0 12142337 4096 0
727000 0 12146433 32768 0
728000 0 12179201 4096 0
729000 0 12183297 65536 1
730000 0 12248833 256 1
731000 0 12249089 256 1
732000 0 12249345 256 1
733000 0 12249601 4096 0
734000 0 12253697 4096 0
735000 0 12257793 4096 0
736000 0 12261889 32768 0
737000 0 12294657 4096 0
738000 0 12298753 65536 1
739000 0 12364289 256 1
740000 0 12364545 256 1
741000 0 12364801 256 1
742000 0 12365057 4096 0
743000 0 12369153 4096 0
744000 0 12373249 4096 0
745000 0 12377345 32768 0
746000 0 12410113 4096 0
747000 0 12414209 65536 1
748000 0 12479745 256 1
749000 0 12480001 256 1
750000 0 12480257 256 1
751000 0 12480513 4096 0
752000 0 12484609 4096 0
753000 0 12488705 4096 0
754000 0 12492801 32768 0
755000 0 12525569 4096 0
756000 0 12529665 65536 1
757000 0 12595201 4096 1
758000 0 12599297 65536 0
759000 0 12664833 65536 1
760000 0 12730369 16384 1
761000 0 12746753 262144 0
762000 0 13008897 262144 0
763000 0 13271041 16384 1
764000 0 13287425 65536 0
765000 0 13352961 65536 1
766000 0 13418497 256 1
767000 0 13418753 256 1
768000 0 13419009 256 1
769000 0 13419265 4096 0
770000 0 13423361 4096 0
771000 0 13427457 4096 0
772000 0 13431553 32768 0
773000 0 13464321 4096 0
774000 0 13468417 65536 1
775000 0 13533953 256 1
776000 0 13534209 256 1
777000 0 13534465 256 1
778000 0 13534721 4096 0
779000 0 13538817 4096 0
780000 0 13542913 4096 0
781000 0 13547009 32768 0
782000 0 13579777 4096 0
783000 0 13583873 65536 1
784000 0 13649409 256 1
785000 0 13649665 256 1
786000 0 13649921 256 1
787000 0 13650177 4096 0
788000 0 13654273 4096 0
789000 0 13658369 4096 0
790000 0 13662465 32768 0
791000 0 13695233 4096 0
792000 0 13699329 65536 1
793000 0 13764865 256 1
794000 0 13765121 256 1
795000 0 13765377 256 1
796000 0 13765633 4096 0
797000 0 13769729 4096 0
798000 0 13773825 4096 0
799000 0 13777921 32768 0
800000 0 13810689 4096 0
801000 0 13814785 65536 1
802000 0 13880321 256 1
803000 0 13880577 256 1
804000 0 13880833 256 1
805000 0 13881089 4096 0
806000 0 13885185 4096 0
807000 0 13889281 4096 0
808000 0 13893377 32768 0
809000 0 13926145 4096 0
810000 0 13930241 65536 1
811000 0 13995777 256 1
812000 0 13996033 256 1
813000 0 13996289 256 1
814000 0 13996545 4096 0
815000 0 14000641 4096 0
816000 0 14004737 4096 0
817000 0 14008833 32768 0
818000 0 14041601 4096 0
819000 0 14045697 65536 1
820000 0 14111233 256 1
821000 0 14111489 256 1
822000 0 14111745 256 1
823000 0 14112001 4096 0
824000 0 14116097 4096 0
825000 0 14120193 4096 0
826000 0 14124289 32768 0
827000 0 14157057 4096 0
828000 0 14161153 65536 1
829000 0 14226689 256 1
830000 0 14226945 256 1
831000 0 14227201 256 1
832000 0 14227457 4096 0
833000 0 14231553 4096 0
834000 0 14235649 4096 0
835000 0 14239745 32768 0
836000 0 14272513 4096 0
837000 0 14276609 65536 1
838000 0 14342145 256 1
839000 0 14342401 256 1
840000 0 14342657 256 1
841000 0 14342913 4096 0
842000 0 14347009 4096 0
843000 0 14351105 4096 0
844000 0 14355201 32768 0
845000 0 14387969 4096 0
846000 0 14392065 65536 1
847000 0 14457601 256 1
848000 0 14457857 256 1
849000 0 14458113 256 1
850000 0 14458369 4096 0
851000 0 14462465 4096 0
852000 0 14466561 4096 0
853000 0 14470657 32768 0
854000 0 14503425 4096 0
855000 0 14507521 65536 1
856000 0 14573057 256 1
857000 0 14573313 256 1
858000 0 14573569 256 1
859000 0 14573825 4096 0
860000 0 14577921 4096 0
861000 0 14582017 4096 0
862000 0 14586113 32768 0
863000 0 14618881 4096 0
864000 0 14622977 65536 1
865000 0 14688513 256 1
866000 0 14688769 256 1
867000 0 14689025 256 1
868000 0 14689281 4096 0
869000 0 14693377 4096 0
870000 0 14697473 4096 0
871000 0 14701569 32768 0
872000 0 14734337 4096 0
873000 0 14738433 65536 1
874000 0 14803969 256 1
875000 0 14804225 256 1
876000 0 14804481 256 1
877000 0 14804737 4096 0
878000 0 14808833 4096 0
879000 0 14812929 4096 0
880000 0 14817025 32768 0
881000 0 14849793 4096 0
882000 0 14853889 65536 1
883000 0 14919425 256 1
884000 0 14919681 256 1
885000 0 14919937 256 1
886000 0 14920193 4096 0
887000 0 14924289 4096 0
888000 0 14928385 4096 0
889000 0 14932481 32768 0
890000 0 14965249 4096 0
891000 0 14969345 65536 1
892000 0 15034881 256 1
893000 0 15035137 256 1
894000 0 15035393 256 1
895000 0 15035649 4096 0
896000 0 15039745 4096 0
897000 0 15043841 4096 0
898000 0 15047937 32768 0
899000 0 15080705 4096 0
900000 0 15084801 65536 1
901000 0 15150337 256 1
902000 0 15150593 256 1
903000 0 15150849 256 1
904000 0 15151105 4096 0
905000 0 15155201 4096 0
906000 0 15159297 4096 0
907000 0 15163393 32768 0
908000 0 15196161 4096 0
909000 0 15200257 65536 1
910000 0 15265793 4096 1
911000 0 15269889 65536 0
912000 0 15335425 65536 1
913000 0 15400961 16384 1
914000 0 15417345 262144 0
915000 0 15679489 262144 0
916000 0 15941633 16384 1
917000 0 15958017 65536 0
918000 0 16023553 65536 1
919000 0 16089089 256 1
920000 0 16089345 256 1
921000 0 16089601 256 1
922000 0 16089857 4096 0
923000 0 16093953 4096 0
924000 0 16098049 4096 0
925000 0 16102145 32768 0
926000 0 16134913 4096 0
927000 0 16139009 65536 1
928000 0 16204545 256 1
929000 0 16204801 256 1
930000 0 16205057 256 1
931000 0 16205313 4096 0
932000 0 16209409 4096 0
933000 0 16213505 4096 0
934000 0 16217601 32768 0
935000 0 16250369 4096 0
936000 0 16254465 65536 1
937000 0 16320001 256 1
938000 0 16320257 256 1
939000 0 16320513 256 1
940000 0 16320769 4096 0
941000 0 16324865 4096 0
942000 0 16328961 4096 0
943000 0 16333057 32768 0
944000 0 16365825 4096 0
945000 0 16369921 65536 1
946000 0 16435457 256 1
947000 0 16435713 256 1
948000 0 16435969 256 1
949000 0 16436225 4096 0
950000 0 16440321 4096 0
951000 0 16444417 4096 0
952000 0 16448513 32768 0
953000 0 16481281 4096 0
954000 0 16485377 65536 1
955000 0 16550913 256 1
956000 0 16551169 256 1
957000 0 16551425 256 1
958000 0 16551681 4096 0
959000 0 16555777 4096 0
960000 0 16559873 4096 0
961000 0 16563969 32768 0
962000 0 16596737 4096 0
963000 0 16600833 65536 1
964000 0 16666369 256 1
965000 0 16666625 256 1
966000 0 16666881 256 1
967000 0 16667137 4096 0
968000 0 16671233 4096 0
969000 0 16675329 4096 0
970000 0 16679425 32768 0
971000 0 16712193 4096 0
972000 0 16716289 65536 1
973000 0 16781825 256 1
974000 0 16782081 256 1
975000 0 16782337 256 1
976000 0 16782593 4096 0
977000 0 16786689 4096 0
978000 0 16790785 4096 0
979000 0 16794881 32768 0
980000 0 16827649 4096 0
981000 0 16831745 65536 1
982000 0 16897281 256 1
983000 0 16897537 256 1
984000 0 16897793 256 1
985000 0 16898049 4096 0
986000 0 16902145 4096 0
987000 0 16906241 4096 0
988000 0 16910337 32768 0
989000 0 16943105 4096 0
990000 0 16947201 65536 1
991000 0 17012737 256 1
992000 0 17012993 256 1
993000 0 17013249 256 1
994000 0 17013505 4096 0
995000 0 17017601 4096 0
996000 0 17021697 4096 0
997000 0 17025793 32768 0
998000 0 17058561 4096 0
999000 0 17062657 65536 1
1000000 0 17128193 256 1
1001000 0 17128449 256 1
1002000 0 17128705 256 1
1003000 0 17128961 4096 0
1004000 0 17133057 4096 0
1005000 0 17137153 4096 0
1006000 0 17141249 32768 0
1007000 0 17174017 4096 0
1008000 0 17178113 65536 1
1009000 0 17243649 256 1
1010000 0 17243905 256 1
1011000 0 17244161 256 1
1012000 0 17244417 4096 0
1013000 0 17248513 4096 0
1014000 0 17252609 4096 0
1015000 0 17256705 32768 0
1016000 0 17289473 4096 0
1017000 0 17293569 65536 1
1018000 0 17359105 256 1
1019000 0 17359361 256 1
1020000 0 17359617 256 1
1021000 0 17359873 4096 0
1022000 0 17363969 4096 0
1023000 0 17368065 4096 0
1024000 0 17372161 32768 0
1025000 0 17404929 4096 0
1026000 0 17409025 65536 1
1027000 0 17474561 256 1
1028000 0 17474817 256 1
1029000 0 17475073 256 1
1030000 0 17475329 4096 0
1031000 0 17479425 4096 0
1032000 0 17483521 4096 0
1033000 0 17487617 32768 0
1034000 0 17520385 4096 0
1035000 0 17524481 65536 1
1036000 0 17590017 256 1
1037000 0 17590273 256 1
1038000 0 17590529 256 1
1039000 0 17590785 4096 0
1040000 0 17594881 4096 0
1041000 0 17598977 4096 0
1042000 0 17603073 32768 0
1043000 0 17635841 4096 0
1044000 0 17639937 65536 1
1045000 0 17705473 256 1
1046000 0 17705729 256 1
1047000 0 17705985 256 1
1048000 0 17706241 4096 0
1049000 0 17710337 4096 0
1050000 0 17714433 4096 0
1051000 0 17718529 32768 0
1052000 0 17751297 4096 0
1053000 0 17755393 65536 1
1054000 0 17820929 256 1
1055000 0 17821185 256 1
1056000 0 17821441 256 1
1057000 0 17821697 4096 0
1058000 0 17825793 4096 0
1059000 0 17829889 4096 0
1060000 0 17833985 32768 0
1061000 0 17866753 4096 0
1062000 0 17870849 65536 1
1063000 0 17936385 4096 1
1064000 0 17940481 65536 0
1065000 0 18006017 65536 1
1066000 0 18071553 16384 1
1067000 0 18087937 262144 0
1068000 0 18350081 262144 0
1069000 0 18612225 16384 1
1070000 0 18628609 65536 0
1071000 0 18694145 65536 1
1072000 0 18759681 256 1
1073000 0 18759937 256 1
1074000 0 18760193 256 1
1075000 0 18760449 4096 0
1076000 0 18764545 4096 0
1077000 0 18768641 4096 0
1078000 0 18772737 32768 0
1079000 0 18805505 4096 0
1080000 0 18809601 65536 1
1081000 0 18875137 256 1
1082000 0 18875393 256 1
1083000 0 18875649 256 1
1084000 0 18875905 4096 0
1085000 0 18880001 4096 0
1086000 0 18884097 4096 0
1087000 0 18888193 32768 0
1088000 0 18920961 4096 0
1089000 0 18925057 65536 1
1090000 0 18990593 256 1
1091000 0 18990849 256 1
1092000 0 18991105 256 1
1093000 0 18991361 4096 0
1094000 0 18995457 4096 0
1095000 0 18999553 4096 0
1096000 0 19003649 32768 0
1097000 0 19036417 4096 0
1098000 0 19040513 65536 1
1099000 0 19106049 256 1
1100000 0 19106305 256 1
1101000 0 19106561 256 1
1102000 0 19106817 4096 0
1103000 0 19110913 4096 0
1104000 0 19115009 4096 0
1105000 0 19119105 32768 0
1106000 0 19151873 4096 0
1107000 0 19155969 65536 1
1108000 0 19221505 256 1
1109000 0 19221761 256 1
1110000 0 19222017 256 1
1111000 0 19222273 4096 0
1112000 0 19226369 4096 0
1113000 0 19230465 4096 0
1114000 0 19234561 32768 0
1115000 0 19267329 4096 0
1116000 0 19271425 65536 1
1117000 0 19336961 256 1
1118000 0 19337217 256 1
1119000 0 19337473 256 1
1120000 0 19337729 4096 0
1121000 0 19341825 4096 0
1122000 0 19345921 4096 0
1123000 0 19350017 32768 0
1124000 0 19382785 4096 0
1125000 0 19386881 65536 1
1126000 0 19452417 256 1
1127000 0 19452673 256 1
1128000 0 19452929 256 1
1129000 0 19453185 4096 0
1130000 0 19457281 4096 0
1131000 0 19461377 4096 0
1132000 0 19465473 32768 0
1133000 0 19498241 4096 0
1134000 0 19502337 65536 1
1135000 0 19567873 256 1
1136000 0 19568129 256 1
1137000 0 19568385 256 1
1138000 0 19568641 4096 0
1139000 0 19572737 4096 0
1140000 0 19576833 4096 0
1141000 0 19580929 32768 0
1142000 0 19613697 4096 0
1143000 0 19617793 65536 1
1144000 0 19683329 256 1
1145000 0 19683585 256 1
1146000 0 19683841 256 1
1147000 0 19684097 4096 0
1148000 0 19688193 4096 0
1149000 0 19692289 4096 0
1150000 0 19696385 32768 0
1151000 0 19729153 4096 0
1152000 0 19733249 65536 1
1153000 0 19798785 256 1
1154000 0 19799041 256 1
1155000 0 19799297 256 1
1156000 0 19799553 4096 0
1157000 0 19803649 4096 0
1158000 0 19807745 4096 0
1159000 0 19811841 32768 0
1160000 0 19844609 4096 0
1161000 0 19848705 65536 1
1162000 0 19914241 256 1
1163000 0 19914497 256 1
1164000 0 19914753 256 1
1165000 0 19915009 4096 0
1166000 0 19919105 4096 0
1167000 0 19923201 4096 0
1168000 0 19927297 32768 0
1169000 0 19960065 4096 0
1170000 0 19964161 65536 1
1171000 0 20029697 256 1
1172000 0 20029953 256 1
1173000 0 20030209 256 1
1174000 0 20030465 4096 0
1175000 0 20034561 4096 0
1176000 0 20038657 4096 0
1177000 0 20042753 32768 0
1178000 0 20075521 4096 0
1179000 0 20079617 65536 1
1180000 0 20145153 256 1
1181000 0 20145409 256 1
1182000 0 20145665 256 1
1183000 0 20145921 4096 0
1184000 0 20150017 4096 0
1185000 0 20154113 4096 0
1186000 0 20158209 32768 0
1187000 0 20190977 4096 0
1188000 0 20195073 65536 1
1189000 0 20260609 256 1
1190000 0 20260865 256 1
1191000 0 20261121 256 1
1192000 0 20261377 4096 0
1193000 0 20265473 4096 0
1194000 0 20269569 4096 0
1195000 0 20273665 32768 0
1196000 0 20306433 4096 0
1197000 0 20310529 65536 1
1198000 0 20376065 256 1
1199000 0 20376321 256 1
1200000 0 20376577 256 1
1201000 0 20376833 4096 0
1202000 0 20380929 4096 0
1203000 0 20385025 4096 0
1204000 0 20389121 32768 0
1205000 0 20421889 4096 0
1206000 0 20425985 65536 1
1207000 0 20491521 256 1
1208000 0 20491777 256 1
1209000 0 20492033 256 1
1210000 0 20492289 4096 0
1211000 0 20496385 4096 0
1212000 0 20500481 4096 0
1213000 0 20504577 32768 0
1214000 0 20537345 4096 0
1215000 0 20541441 65536 1
1216000 0 20606977 4096 1
1217000 0 20611073 65536 0
1218000 0 20676609 65536 1
1219000 0 20742145 16384 1
1220000 0 20758529 262144 0
1221000 0 21020673 262144 0
1222000 0 21282817 16384 1
1223000 0 21299201 65536 0
1224000 0 21364737 65536 1
1225000 0 21430273 256 1
1226000 0 21430529 256 1
1227000 0 21430785 256 1
1228000 0 21431041 4096 0
1229000 0 21435137 4096 0
1230000 0 21439233 4096 0
1231000 0 21443329 32768 0
1232000 0 21476097 4096 0
1233000 0 21480193 65536 1
1234000 0 21545729 256 1
1235000 0 21545985 256 1
1236000 0 21546241 256 1
1237000 0 21546497 4096 0
1238000 0 21550593 4096 0
1239000 0 21554689 4096 0
1240000 0 21558785 32768 0
1241000 0 21591553 4096 0
1242000 0 21595649 65536 1
1243000 0 21661185 256 1
1244000 0 21661441 256 1
1245000 0 21661697 256 1
1246000 0 21661953 4096 0
1247000 0 21666049 4096 0
1248000 0 21670145 4096 0
1249000 0 21674241 32768 0
1250000 0 21707009 4096 0
1251000 0 21711105 65536 1
1252000 0 21776641 256 1
1253000 0 21776897 256 1
1254000 0 21777153 256 1
1255000 0 21777409 4096 0
1256000 0 21781505 4096 0
1257000 0 21785601 4096 0
1258000 0 21789697 32768 0
1259000 0 21822465 4096 0
1260000 0 21826561 65536 1
1261000 0 21892097 256 1
1262000 0 21892353 256 1
1263000 0 21892609 256 1
1264000 0 21892865 4096 0
1265000 0 21896961 4096 0
1266000 0 21901057 4096 0
1267000 0 21905153 32768 0
1268000 0 21937921 4096 0
1269000 0 21942017 65536 1
1270000 0 22007553 256 1
1271000 0 22007809 256 1
1272000 0 22008065 256 1
1273000 0 22008321 4096 0
1274000 0 22012417 4096 0
1275000 0 22016513 4096 0
1276000 0 22020609 32768 0
1277000 0 22053377 4096 0
1278000 0 22057473 65536 1
1279000 0 22123009 256 1
1280000 0 22123265 256 1
1281000 0 22123521 256 1
1282000 0 22123777 4096 0
1283000 0 22127873 4096 0
1284000 0 22131969 4096 0
1285000 0 22136065 32768 0
1286000 0 22168833 4096 0
1287000 0 22172929 65536 1
1288000 0 22238465 256 1
1289000 0 22238721 256 1
1290000 0 22238977 256 1
1291000 0 22239233 4096 0
1292000 0 22243329 4096 0
1293000 0 22247425 4096 0
1294000 0 22251521 32768 0
1295000 0 22284289 4096 0
1296000 0 22288385 65536 1
1297000 0 22353921 256 1
1298000 0 22354177 256 1
1299000 0 22354433 256 1
1300000 0 22354689 4096 0
1301000 0 22358785 4096 0
1302000 0 22362881 4096 0
1303000 0 22366977 32768 0
1304000 0 22399745 4096 0
1305000 0 22403841 65536 1
1306000 0 22469377 256 1
1307000 0 22469633 256 1
1308000 0 22469889 256 1
1309000 0 22470145 4096 0
1310000 0 22474241 4096 0
1311000 0 22478337 4096 0
1312000 0 22482433 32768 0
1313000 0 22515201 4096 0
1314000 0 22519297 65536 1
1315000 0 22584833 256 1
1316000 0 22585089 256 1
1317000 0 22585345 256 1
1318000 0 22585601 4096 0
1319000 0 22589697 4096 0
1320000 0 22593793 4096 0
1321000 0 22597889 32768 0
1322000 0 22630657 4096 0
1323000 0 22634753 65536 1
1324000 0 22700289 256 1
1325000 0 22700545 256 1
1326000 0 22700801 256 1
1327000 0 22701057 4096 0
1328000 0 22705153 4096 0
1329000 0 22709249 4096 0
1330000 0 22713345 32768 0
1331000 0 22746113 4096 0
1332000 0 22750209 65536 1
1333000 0 22815745 256 1
1334000 0 22816001 256 1
1335000 0 22816257 256 1
1336000 0 22816513 4096 0
1337000 0 22820609 4096 0
1338000 0 22824705 4096 0
1339000 0 22828801 32768 0
1340000 0 22861569 4096 0
1341000 0 22865665 65536 1
1342000 0 22931201 256 1
1343000 0 22931457 256 1
1344000 0 22931713 256 1
1345000 0 22931969 4096 0
1346000 0 22936065 4096 0
1347000 0 22940161 4096 0
1348000 0 22944257 32768 0
1349000 0 22977025 4096 0
1350000 0 22981121 65536 1
1351000 0 23046657 256 1
1352000 0 23046913 256 1
1353000 0 23047169 256 1
1354000 0 23047425 4096 0
1355000 0 23051521 4096 0
1356000 0 23055617 4096 0
1357000 0 23059713 32768 0
1358000 0 23092481 4096 0
1359000 0 23096577 65536 1
1360000 0 23162113 256 1
1361000 0 23162369 256 1
1362000 0 23162625 256 1
1363000 0 23162881 4096 0
1364000 0 23166977 4096 0
1365000 0 23171073 4096 0
1366000 0 23175169 32768 0
1367000 0 23207937 4096 0
1368000 0 23212033 65536 1
1369000 0 23277569 4096 1
1370000 0 23281665 65536 0
1371000 0 23347201 65536 1
1372000 0 23412737 16384 1
1373000 0 23429121 262144 0
1374000 0 23691265 262144 0
1375000 0 23953409 16384 1
1376000 0 23969793 65536 0
1377000 0 24035329 65536 1
1378000 0 24100865 256 1
1379000 0 24101121 256 1
1380000 0 24101377 256 1
1381000 0 24101633 4096 0
1382000 0 24105729 4096 0
1383000 0 24109825 4096 0
1384000 0 24113921 32768 0
1385000 0 24146689 4096 0
1386000 0 24150785 65536 1
1387000 0 24216321 256 1
1388000 0 24216577 256 1
1389000 0 24216833 256 1
1390000 0 24217089 4096 0
1391000 0 24221185 4096 0
1392000 0 24225281 4096 0
1393000 0 24229377 32768 0
1394000 0 24262145 4096 0
1395000 0 24266241 65536 1
1396000 0 24331777 256 1
1397000 0 24332033 256 1
1398000 0 24332289 256 1
1399000 0 24332545 4096 0
1400000 0 24336641 4096 0
1401000 0 24340737 4096 0
1402000 0 24344833 32768 0
1403000 0 24377601 4096 0
1404000 0 24381697 65536 1
1405000 0 24447233 256 1
1406000 0 24447489 256 1
1407000 0 24447745 256 1
1408000 0 24448001 4096 0
1409000 0 24452097 4096 0
1410000 0 24456193 4096 0
1411000 0 24460289 32768 0
1412000 0 24493057 4096 0
1413000 0 24497153 65536 1
1414000 0 24562689 256 1
1415000 0 24562945 256 1
1416000 0 24563201 256 1
1417000 0 24563457 4096 0
1418000 0 24567553 4096 0
1419000 0 24571649 4096 0
1420000 0 24575745 32768 0
1421000 0 24608513 4096 0
1422000 0 24612609 65536 1
1423000 0 24678145 256 1
1424000 0 24678401 256 1
1425000 0 24678657 256 1
1426000 0 24678913 4096 0
1427000 0 24683009 4096 0
1428000 0 24687105 4096 0
1429000 0 24691201 32768 0
1430000 0 24723969 4096 0
1431000 0 24728065 65536 1
1432000 0 24793601 256 1
1433000 0 24793857 256 1
1434000 0 24794113 256 1
1435000 0 24794369 4096 0
1436000 0 24798465 4096 0
1437000 0 24802561 4096 0
1438000 0 24806657 32768 0
1439000 0 24839425 4096 0
1440000 0 24843521 65536 1
1441000 0 24909057 256 1
1442000 0 24909313 256 1
1443000 0 24909569 256 1
1444000 0 24909825 4096 0
1445000 0 24913921 4096 0
1446000 0 24918017 4096 0
1447000 0 24922113 32768 0
1448000 0 24954881 4096 0
1449000 0 24958977 65536 1
1450000 0 25024513 256 1
1451000 0 25024769 256 1
1452000 0 25025025 256 1
1453000 0 25025281 4096 0
1454000 0 25029377 4096 0
1455000 0 25033473 4096 0
1456000 0 25037569 32768 0
1457000 0 25070337 4096 0
1458000 0 25074433 65536 1
1459000 0 25139969 256 1
1460000 0 25140225 256 1
1461000 0 25140481 256 1
1462000 0 25140737 4096 0
1463000 0 25144833 4096 0
1464000 0 25148929 4096 0
1465000 0 25153025 32768 0
1466000 0 25185793 4096 0
1467000 0 25189889 65536 1
1468000 0 25255425 256 1
1469000 0 25255681 256 1
1470000 0 25255937 256 1
1471000 0 25256193 4096 0
1472000 0 25260289 4096 0
1473000 0 25264385 4096 0
1474000 0 25268481 32768 0
1475000 0 25301249 4096 0
1476000 0 25305345 65536 1
1477000 0 25370881 256 1
1478000 0 25371137 256 1
1479000 0 25371393 256 1
1480000 0 25371649 4096 0
1481000 0 25375745 4096 0
1482000 0 25379841 4096 0
1483000 0 25383937 32768 0
1484000 0 25416705 4096 0
1485000 0 25420801 65536 1
1486000 0 25486337 256 1
1487000 0 25486593 256 1
1488000 0 25486849 256 1
1489000 0 25487105 4096 0
1490000 0 25491201 4096 0
1491000 0 25495297 4096 0
1492000 0 25499393 32768 0
1493000 0 25532161 4096 0
1494000 0 25536257 65536 1
1495000 0 25601793 256 1
1496000 0 25602049 256 1
1497000 0 25602305 256 1
1498000 0 25602561 4096 0
1499000 0 25606657 4096 0
1500000 0 25610753 4096 0
1501000 0 25614849 32768 0
1502000 0 25647617 4096 0
1503000 0 25651713 65536 1
1504000 0 25717249 256 1
1505000 0 25717505 256 1
1506000 0 25717761 256 1
1507000 0 25718017 4096 0
1508000 0 25722113 4096 0
1509000 0 25726209 4096 0
1510000 0 25730305 32768 0
1511000 0 25763073 4096 0
1512000 0 25767169 65536 1
1513000 0 25832705 256 1
1514000 0 25832961 256 1
1515000 0 25833217 256 1
1516000 0 25833473 4096 0
1517000 0 25837569 4096 0
1518000 0 25841665 4096 0
1519000 0 25845761 32768 0
1520000 0 25878529 4096 0
1521000 0 25882625 65536 1
1522000 0 25948161 4096 1
1523000 0 25952257 65536 0
1524000 0 26017793 65536 1
1525000 0 26083329 16384 1
1526000 0 26099713 262144 0
1527000 0 26361857 262144 0
1528000 0 26624001 16384 1
1529000 0 26640385 65536 0
1530000 0 26705921 65536 1
1531000 0 26771457 256 1
1532000 0 26771713 256 1
1533000 0 26771969 256 1
1534000 0 26772225 4096 0
1535000 0 26776321 4096 0
1536000 0 26780417 4096 0
1537000 0 26784513 32768 0
1538000 0 26817281 4096 0
1539000 0 26821377 65536 1
1540000 0 26886913 256 1
1541000 0 26887169 256 1
1542000 0 26887425 256 1
1543000 0 26887681 4096 0
1544000 0 26891777 4096 0
1545000 0 26895873 4096 0
1546000 0 26899969 32768 0
1547000 0 26932737 4096 0
1548000 0 26936833 65536 1
1549000 0 27002369 256 1
1550000 0 27002625 256 1
1551000 0 27002881 256 1
1552000 0 27003137 4096 0
1553000 0 27007233 4096 0
1554000 0 27011329 4096 0
1555000 0 27015425 32768 0
1556000 0 27048193 4096 0
1557000 0 27052289 65536 1
1558000 0 27117825 256 1
1559000 0 27118081 256 1
1560000 0 27118337 256 1
1561000 0 27118593 4096 0
1562000 0 27122689 4096 0
1563000 0 27126785 4096 0
1564000 0 27130881 32768 0
1565000 0 27163649 4096 0
1566000 0 27167745 65536 1
1567000 0 27233281 256 1
1568000 0 27233537 256 1
1569000 0 27233793 256 1
1570000 0 27234049 4096 0
1571000 0 27238145 4096 0
1572000 0 27242241 4096 0
1573000 0 27246337 32768 0
1574000 0 27279105 4096 0
1575000 0 27283201 65536 1
1576000 0 27348737 256 1
1577000 0 27348993 256 1
1578000 0 27349249 256 1
1579000 0 27349505 4096 0
1580000 0 27353601 4096 0
1581000 0 27357697 4096 0
1582000 0 27361793 32768 0
1583000 0 27394561 4096 0
1584000 0 27398657 65536 1
1585000 0 27464193 256 1
1586000 0 27464449 256 1
1587000 0 27464705 256 1
1588000 0 27464961 4096 0
1589000 0 27469057 4096 0
1590000 0 27473153 4096 0
1591000 0 27477249 32768 0
1592000 0 27510017 4096 0
1593000 0 27514113 65536 1
1594000 0 27579649 256 1
1595000 0 27579905 256 1
1596000 0 27580161 256 1
1597000 0 27580417 4096 0
1598000 0 27584513 4096 0
1599000 0 27588609 4096 0
1600000 0 27592705 32768 0
1601000 0 27625473 4096 0
1602000 0 27629569 65536 1
1603000 0 27695105 256 1
1604000 0 27695361 256 1
1605000 0 27695617 256 1
1606000 0 27695873 4096 0
1607000 0 27699969 4096 0
1608000 0 27704065 4096 0
1609000 0 27708161 32768 0
1610000 0 27740929 4096 0
1611000 0 27745025 65536 1
1612000 0 27810561 256 1
1613000 0 27810817 256 1
1614000 0 27811073 256 1
1615000 0 27811329 4096 0
1616000 0 27815425 4096 0
1617000 0 27819521 4096 0
1618000 0 27823617 32768 0
1619000 0 27856385 4096 0
1620000 0 27860481 65536 1
1621000 0 27926017 256 1
1622000 0 27926273 256 1
1623000 0 27926529 256 1
1624000 0 27926785 4096 0
1625000 0 27930881 4096 0
1626000 0 27934977 4096 0
1627000 0 27939073 32768 0
1628000 0 27971841 4096 0
1629000 0 27975937 65536 1
1630000 0 28041473 256 1
1631000 0 28041729 256 1
1632000 0 28041985 256 1
1633000 0 28042241 4096 0
1634000 0 28046337 4096 0
1635000 0 28050433 4096 0
1636000 0 28054529 32768 0
1637000 0 28087297 4096 0
1638000 0 28091393 65536 1
1639000 0 28156929 256 1
1640000 0 28157185 256 1
1641000 0 28157441 256 1
1642000 0 28157697 4096 0
1643000 0 28161793 4096 0
1644000 0 28165889 4096 0
1645000 0 28169985 32768 0
1646000 0 28202753 4096 0
1647000 0 28206849 65536 1
1648000 0 28272385 256 1
1649000 0 28272641 256 1
1650000 0 28272897 256 1
1651000 0 28273153 4096 0
1652000 0 28277249 4096 0
1653000 0 28281345 4096 0
1654000 0 28285441 32768 0
1655000 0 28318209 4096 0
1656000 0 28322305 65536 1
1657000 0 28387841 256 1
1658000 0 28388097 256 1
1659000 0 28388353 256 1
1660000 0 28388609 4096 0
1661000 0 28392705 4096 0
1662000 0 28396801 4096 0
1663000 0 28400897 32768 0
1664000 0 28433665 4096 0
1665000 0 28437761 65536 1
1666000 0 28503297 256 1
1667000 0 28503553 256 1
1668000 0 28503809 256 1
1669000 0 28504065 4096 0
1670000 0 28508161 4096 0
1671000 0 28512257 4096 0
1672000 0 28516353 32768 0
1673000 0 28549121 4096 0
1674000 0 28553217 65536 1
1675000 0 28618753 4096 1
1676000 0 28622849 65536 0
1677000 0 28688385 65536 1
1678000 0 28753921 16384 1
1679000 0 28770305 262144 0
1680000 0 29032449 262144 0
1681000 0 29294593 16384 1
1682000 0 29310977 65536 0
1683000 0 29376513 65536 1
1684000 0 29442049 256 1
1685000 0 29442305 256 1
1686000 0 29442561 256 1
1687000 0 29442817 4096 0
1688000 0 29446913 4096 0
1689000 0 29451009 4096 0
1690000 0 29455105 32768 0
1691000 0 29487873 4096 0
1692000 0 29491969 65536 1
1693000 0 29557505 256 1
1694000 0 29557761 256 1
1695000 0 29558017 256 1
1696000 0 29558273 4096 0
1697000 0 29562369 4096 0
1698000 0 29566465 4096 0
1699000 0 29570561 32768 0
1700000 0 29603329 4096 0
1701000 0 29607425 65536 1
1702000 0 29672961 256 1
1703000 0 29673217 256 1
1704000 0 29673473 256 1
1705000 0 29673729 4096 0
1706000 0 29677825 4096 0
1707000 0 29681921 4096 0
1708000 0 29686017 32768 0
1709000 0 29718785 4096 0
1710000 0 29722881 65536 1
1711000 0 29788417 256 1
1712000 0 29788673 256 1
1713000 0 29788929 256 1
1714000 0 29789185 4096 0
1715000 0 29793281 4096 0
1716000 0 29797377 4096 0
1717000 0 29801473 32768 0
1718000 0 29834241 4096 0
1719000 0 29838337 65536 1
1720000 0 29903873 256 1
1721000 0 29904129 256 1
1722000 0 29904385 256 1
1723000 0 29904641 4096 0
1724000 0 29908737 4096 0
1725000 0 29912833 4096 0
1726000 0 29916929 32768 0
1727000 0 29949697 4096 0
1728000 0 29953793 65536 1
1729000 0 30019329 256 1
1730000 0 30019585 256 1
1731000 0 30019841 256 1
1732000 0 30020097 4096 0
1733000 0 30024193 4096 0
1734000 0 30028289 4096 0
1735000 0 30032385 32768 0
1736000 0 30065153 4096 0
1737000 0 30069249 65536 1
1738000 0 30134785 256 1
1739000 0 30135041 256 1
1740000 0 30135297 256 1
1741000 0 30135553 4096 0
1742000 0 30139649 4096 0
1743000 0 30143745 4096 0
1744000 0 30147841 32768 0
1745000 0 30180609 4096 0
1746000 0 30184705 65536 1
1747000 0 30250241 256 1
1748000 0 30250497 256 1
1749000 0 30250753 256 1
1750000 0 30251009 4096 0
1751000 0 30255105 4096 0
1752000 0 30259201 4096 0
1753000 0 30263297 32768 0
1754000 0 30296065 4096 0
1755000 0 30300161 65536 1
1756000 0 30365697 256 1
1757000 0 30365953 256 1
1758000 0 30366209 256 1
1759000 0 30366465 4096 0
1760000 0 30370561 4096 0
1761000 0 30374657 4096 0
1762000 0 30378753 32768 0
1763000 0 30411521 4096 0
1764000 0 30415617 65536 1
1765000 0 30481153 256 1
1766000 0 30481409 256 1
1767000 0 30481665 256 1
1768000 0 30481921 4096 0
1769000 0 30486017 4096 0
1770000 0 30490113 4096 0
1771000 0 30494209 32768 0
1772000 0 30526977 4096 0
1773000 0 30531073 65536 1
1774000 0 30596609 256 1
1775000 0 30596865 256 1
1776000 0 30597121 256 1
1777000 0 30597377 4096 0
1778000 0 30601473 4096 0
1779000 0 30605569 4096 0
1780000 0 30609665 32768 0
1781000 0 30642433 4096 0
1782000 0 30646529 65536 1
1783000 0 30712065 256 1
1784000 0 30712321 256 1
1785000 0 30712577 256 1
1786000 0 30712833 4096 0
1787000 0 30716929 4096 0
1788000 0 30721025 4096 0
1789000 0 30725121 32768 0
1790000 0 30757889 4096 0
1791000 0 30761985 65536 1
1792000 0 30827521 256 1
1793000 0 30827777 256 1
1794000 0 30828033 256 1
1795000 0 30828289 4096 0
1796000 0 30832385 4096 0
1797000 0 30836481 4096 0
1798000 0 30840577 32768 0
1799000 0 30873345 4096 0
1800000 0 30877441 65536 1
1801000 0 30942977 256 1
1802000 0 30943233 256 1
1803000 0 30943489 256 1
1804000 0 30943745 4096 0
1805000 0 30947841 4096 0
1806000 0 30951937 4096 0
1807000 0 30956033 32768 0
1808000 0 30988801 4096 0
1809000 0 30992897 65536 1
1810000 0 31058433 256 1
1811000 0 31058689 256 1
1812000 0 31058945 256 1
1813000 0 31059201 4096 0
1814000 0 31063297 4096 0
1815000 0 31067393 4096 0
1816000 0 31071489 32768 0
1817000 0 31104257 4096 0
1818000 0 31108353 65536 1
1819000 0 31173889 256 1
1820000 0 31174145 256 1
1821000 0 31174401 256 1
1822000 0 31174657 4096 0
1823000 0 31178753 4096 0
1824000 0 31182849 4096 0
1825000 0 31186945 32768 0
1826000 0 31219713 4096 0
1827000 0 31223809 65536 1
1828000 0 31289345 4096 1
1829000 0 31293441 65536 0
1830000 0 31358977 65536 1
1831000 0 31424513 16384 1
1832000 0 31440897 262144 0
1833000 0 31703041 262144 0
1834000 0 31965185 16384 1
1835000 0 31981569 65536 0
1836000 0 32047105 65536 1
1837000 0 32112641 256 1
1838000 0 32112897 256 1
1839000 0 32113153 256 1
1840000 0 32113409 4096 0
1841000 0 32117505 4096 0
1842000 0 32121601 4096 0
1843000 0 32125697 32768 0
1844000 0 32158465 4096 0
1845000 0 32162561 65536 1
1846000 0 32228097 256 1
1847000 0 32228353 256 1
1848000 0 32228609 256 1
1849000 0 32228865 4096 0
1850000 0 32232961 4096 0
1851000 0 32237057 4096 0
1852000 0 32241153 32768 0
1853000 0 32273921 4096 0
1854000 0 32278017 65536 1
1855000 0 32343553 256 1
1856000 0 32343809 256 1
1857000 0 32344065 256 1
1858000 0 32344321 4096 0
1859000 0 32348417 4096 0
1860000 0 32352513 4096 0
1861000 0 32356609 32768 0
1862000 0 32389377 4096 0
1863000 0 32393473 65536 1
1864000 0 32459009 256 1
1865000 0 32459265 256 1
1866000 0 32459521 256 1
1867000 0 32459777 4096 0
1868000 0 32463873 4096 0
1869000 0 32467969 4096 0
1870000 0 32472065 32768 0
1871000 0 32504833 4096 0
1872000 0 32508929 65536 1
1873000 0 32574465 256 1
1874000 0 32574721 256 1
1875000 0 32574977 256 1
1876000 0 32575233 4096 0
1877000 0 32579329 4096 0
1878000 0 32583425 4096 0
1879000 0 32587521 32768 0
1880000 0 32620289 4096 0
1881000 0 32624385 65536 1
1882000 0 32689921 256 1
1883000 0 32690177 256 1
1884000 0 32690433 256 1
1885000 0 32690689 4096 0
1886000 0 32694785 4096 0
1887000 0 32698881 4096 0
1888000 0 32702977 32768 0
1889000 0 32735745 4096 0
1890000 0 32739841 65536 1
1891000 0 32805377 256 1
1892000 0 32805633 256 1
1893000 0 32805889 256 1
1894000 0 32806145 4096 0
1895000 0 32810241 4096 0
1896000 0 32814337 4096 0
1897000 0 32818433 32768 0
1898000 0 32851201 4096 0
1899000 0 32855297 65536 1
1900000 0 32920833 256 1
1901000 0 32921089 256 1
1902000 0 32921345 256 1
1903000 0 32921601 4096 0
1904000 0 32925697 4096 0
1905000 0 32929793 4096 0
1906000 0 32933889 32768 0
1907000 0 32966657 4096 0
1908000 0 32970753 65536 1
1909000 0 33036289 256 1
1910000 0 33036545 256 1
1911000 0 33036801 256 1
1912000 0 33037057 4096 0
1913000 0 33041153 4096 0
1914000 0 33045249 4096 0
1915000 0 33049345 32768 0
1916000 0 33082113 4096 0
1917000 0 33086209 65536 1
1918000 0 33151745 256 1
1919000 0 33152001 256 1
1920000 0 33152257 256 1
1921000 0 33152513 4096 0
1922000 0 33156609 4096 0
1923000 0 33160705 4096 0
1924000 0 33164801 32768 0
1925000 0 33197569 4096 0
1926000 0 33201665 65536 1
1927000 0 33267201 256 1
1928000 0 33267457 256 1
1929000 0 33267713 256 1
1930000 0 33267969 4096 0
1931000 0 33272065 4096 0
1932000 0 33276161 4096 0
1933000 0 33280257 32768 0
1934000 0 33313025 4096 0
1935000 0 33317121 65536 1
1936000 0 33382657 256 1
1937000 0 33382913 256 1
1938000 0 33383169 256 1
1939000 0 33383425 4096 0
1940000 0 33387521 4096 0
1941000 0 33391617 4096 0
1942000 0 33395713 32768 0
1943000 0 33428481 4096 0
1944000 0 33432577 65536 1
1945000 0 33498113 256 1
1946000 0 33498369 256 1
1947000 0 33498625 256 1
1948000 0 33498881 4096 0
1949000 0 33502977 4096 0
1950000 0 33507073 4096 0
1951000 0 33511169 32768 0
1952000 0 33543937 4096 0
1953000 0 33548033 65536 1
1954000 0 33613569 256 1
1955000 0 33613825 256 1
1956000 0 33614081 256 1
1957000 0 33614337 4096 0
1958000 0 33618433 4096 0
1959000 0 33622529 4096 0
1960000 0 33626625 32768 0
1961000 0 33659393 4096 0
1962000 0 33663489 65536 1
1963000 0 33729025 256 1
1964000 0 33729281 256 1
1965000 0 33729537 256 1
1966000 0 33729793 4096 0
1967000 0 33733889 4096 0
1968000 0 33737985 4096 0
1969000 0 33742081 32768 0
1970000 0 33774849 4096 0
1971000 0 33778945 65536 1
1972000 0 33844481 256 1
1973000 0 33844737 256 1
1974000 0 33844993 256 1
1975000 0 33845249 4096 0
1976000 0 33849345 4096 0
1977000 0 33853441 4096 0
1978000 0 33857537 32768 0
1979000 0 33890305 4096 0
1980000 0 33894401 65536 1
1981000 0 33959937 4096 1
1982000 0 33964033 65536 0
1983000 0 34029569 65536 1
1984000 0 34095105 16384 1
1985000 0 34111489 262144 0
1986000 0 34373633 262144 0
1987000 0 34635777 16384 1
1988000 0 34652161 65536 0
1989000 0 34717697 65536 1
1990000 0 34783233 256 1
1991000 0 34783489 256 1
1992000 0 34783745 256 1
1993000 0 34784001 4096 0
1994000 0 34788097 4096 0
1995000 0 34792193 4096 0
1996000 0 34796289 32768 0
1997000 0 34829057 4096 0
1998000 0 34833153 65536 1
1999000 0 34898689 256 1
2000000 0 34898945 256 1
2001000 0 34899201 256 1
2002000 0 34899457 4096 0
2003000 0 34903553 4096 0
2004000 0 34907649 4096 0
2005000 0 34911745 32768 0
2006000 0 34944513 4096 0
2007000 0 34948609 65536 1
2008000 0 35014145 256 1
2009000 0 35014401 256 1
2010000 0 35014657 256 1
2011000 0 35014913 4096 0
2012000 0 35019009 4096 0
2013000 0 35023105 4096 0
2014000 0 35027201 32768 0
2015000 0 35059969 4096 0
2016000 0 35064065 65536 1
2017000 0 35129601 256 1
2018000 0 35129857 256 1
2019000 0 35130113 256 1
2020000 0 35130369 4096 0
2021000 0 35134465 4096 0
2022000 0 35138561 4096 0
2023000 0 35142657 32768 0
2024000 0 35175425 4096 0
2025000 0 35179521 65536 1
2026000 0 35245057 256 1
2027000 0 35245313 256 1
2028000 0 35245569 256 1
2029000 0 35245825 4096 0
2030000 0 35249921 4096 0
2031000 0 35254017 4096 0
2032000 0 35258113 32768 0
2033000 0 35290881 4096 0
2034000 0 35294977 65536 1
2035000 0 35360513 256 1
2036000 0 35360769 256 1
2037000 0 35361025 256 1
2038000 0 35361281 4096 0
2039000 0 35365377 4096 0
2040000 0 35369473 4096 0
2041000 0 35373569 32768 0
2042000 0 35406337 4096 0
2043000 0 35410433 65536 1
2044000 0 35475969 256 1
2045000 0 35476225 256 1
2046000 0 35476481 256 1
2047000 0 35476737 4096 0
2048000 0 35480833 4096 0
2049000 0 35484929 4096 0
2050000 0 35489025 32768 0
2051000 0 35521793 4096 0
2052000 0 35525889 65536 1
2053000 0 35591425 256 1
2054000 0 35591681 256 1
2055000 0 35591937 256 1
2056000 0 35592193 4096 0
2057000 0 35596289 4096 0
2058000 0 35600385 4096 0
2059000 0 35604481 32768 0
2060000 0 35637249 4096 0
2061000 0 35641345 65536 1
2062000 0 35706881 256 1
2063000 0 35707137 256 1
2064000 0 35707393 256 1
2065000 0 35707649 4096 0
2066000 0 35711745 4096 0
2067000 0 35715841 4096 0
2068000 0 35719937 32768 0
2069000 0 35752705 4096 0
2070000 0 35756801 65536 1
2071000 0 35822337 256 1
2072000 0 35822593 256 1
2073000 0 35822849 256 1
2074000 0 35823105 4096 0
2075000 0 35827201 4096 0
2076000 0 35831297 4096 0
2077000 0 35835393 32768 0
2078000 0 35868161 4096 0
2079000 0 35872257 65536 1
2080000 0 35937793 256 1
2081000 0 35938049 256 1
2082000 0 35938305 256 1
2083000 0 35938561 4096 0
2084000 0 35942657 4096 0
2085000 0 35946753 4096 0
2086000 0 35950849 32768 0
2087000 0 35983617 4096 0
2088000 0 35987713 65536 1
2089000 0 36053249 256 1
2090000 0 36053505 256 1
2091000 0 36053761 256 1
2092000 0 36054017 4096 0
2093000 0 36058113 4096 0
2094000 0 36062209 4096 0
2095000 0 36066305 32768 0
2096000 0 36099073 4096 0
2097000 0 36103169 65536 1
2098000 0 36168705 256 1
2099000 0 36168961 256 1
2100000 0 36169217 256 1
2101000 0 36169473 4096 0
2102000 0 36173569 4096 0
2103000 0 36177665 4096 0
2104000 0 36181761 32768 0
2105000 0 36214529 4096 0
2106000 0 36218625 65536 1
2107000 0 36284161 256 1
2108000 0 36284417 256 1
2109000 0 36284673 256 1
2110000 0 36284929 4096 0
2111000 0 36289025 4096 0
2112000 0 36293121 4096 0
2113000 0 36297217 32768 0
2114000 0 36329985 4096 0
2115000 0 36334081 65536 1
2116000 0 36399617 256 1
2117000 0 36399873 256 1
2118000 0 36400129 256 1
2119000 0 36400385 4096 0
2120000 0 36404481 4096 0
2121000 0 36408577 4096 0
2122000 0 36412673 32768 0
2123000 0 36445441 4096 0
2124000 0 36449537 65536 1
2125000 0 36515073 256 1
2126000 0 36515329 256 1
2127000 0 36515585 256 1
2128000 0 36515841 4096 0
2129000 0 36519937 4096 0
2130000 0 36524033 4096 0
2131000 0 36528129 32768 0
2132000 0 36560897 4096 0
2133000 0 36564993 65536 1
2134000 0 36630529 4096 1
2135000 0 36634625 65536 0
2136000 0 36700161 65536 1
2137000 0 36765697 16384 1
2138000 0 36782081 262144 0
2139000 0 37044225 262144 0
2140000 0 37306369 16384 1
2141000 0 37322753 65536 0
2142000 0 37388289 65536 1
2143000 0 37453825 256 1
2144000 0 37454081 256 1
2145000 0 37454337 256 1
2146000 0 37454593 4096 0
2147000 0 37458689 4096 0
2148000 0 37462785 4096 0
2149000 0 37466881 32768 0
2150000 0 37499649 4096 0
2151000 0 37503745 65536 1
2152000 0 37569281 256 1
2153000 0 37569537 256 1
2154000 0 37569793 256 1
2155000 0 37570049 4096 0
2156000 0 37574145 4096 0
2157000 0 37578241 4096 0
2158000 0 37582337 32768 0
2159000 0 37615105 4096 0
2160000 0 37619201 65536 1
2161000 0 37684737 256 1
2162000 0 37684993 256 1
2163000 0 37685249 256 1
2164000 0 37685505 4096 0
2165000 0 37689601 4096 0
2166000 0 37693697 4096 0
2167000 0 37697793 32768 0
2168000 0 37730561 4096 0
2169000 0 37734657 65536 1
2170000 0 37800193 256 1
2171000 0 37800449 256 1
2172000 0 37800705 256 1
2173000 0 37800961 4096 0
2174000 0 37805057 4096 0
2175000 0 37809153 4096 0
2176000 0 37813249 32768 0
2177000 0 37846017 4096 0
2178000 0 37850113 65536 1
2179000 0 37915649 256 1
2180000 0 37915905 256 1
2181000 0 37916161 256 1
2182000 0 37916417 4096 0
2183000 0 37920513 4096 0
2184000 0 37924609 4096 0
2185000 0 37928705 32768 0
2186000 0 37961473 4096 0
2187000 0 37965569 65536 1
2188000 0 38031105 256 1
2189000 0 38031361 256 1
2190000 0 38031617 256 1
2191000 0 38031873 4096 0
2192000 0 38035969 4096 0
2193000 0 38040065 4096 0
2194000 0 38044161 32768 0
2195000 0 38076929 4096 0
2196000 0 38081025 65536 1
2197000 0 38146561 256 1
2198000 0 38146817 256 1
2199000 0 38147073 256 1
2200000 0 38147329 4096 0
2201000 0 38151425 4096 0
2202000 0 38155521 4096 0
2203000 0 38159617 32768 0
2204000 0 38192385 4096 0
2205000 0 38196481 65536 1
2206000 0 38262017 256 1
2207000 0 38262273 256 1
2208000 0 38262529 256 1
2209000 0 38262785 4096 0
2210000 0 38266881 4096 0
2211000 0 38270977 4096 0
2212000 0 38275073 32768 0
2213000 0 38307841 4096 0
2214000 0 38311937 65536 1
2215000 0 38377473 256 1
2216000 0 38377729 256 1
2217000 0 38377985 256 1
2218000 0 38378241 4096 0
2219000 0 38382337 4096 0
2220000 0 38386433 4096 0
2221000 0 38390529 32768 0
2222000 0 38423297 4096 0
2223000 0 38427393 65536 1
2224000 0 38492929 256 1
2225000 0 38493185 256 1
2226000 0 38493441 256 1
2227000 0 38493697 4096 0
2228000 0 38497793 4096 0
2229000 0 38501889 4096 0
2230000 0 38505985 32768 0
2231000 0 38538753 4096 0
2232000 0 38542849 65536 1
2233000 0 38608385 256 1
2234000 0 38608641 256 1
2235000 0 38608897 256 1
2236000 0 38609153 4096 0
2237000 0 38613249 4096 0
2238000 0 38617345 4096 0
2239000 0 38621441 32768 0
2240000 0 38654209 4096 0
2241000 0 38658305 65536 1
2242000 0 38723841 256 1
2243000 0 38724097 256 1
2244000 0 38724353 256 1
2245000 0 38724609 4096 0
2246000 0 38728705 4096 0
2247000 0 38732801 4096 0
2248000 0 38736897 32768 0
2249000 0 38769665 4096 0
2250000 0 38773761 65536 1
2251000 0 38839297 256 1
2252000 0 38839553 256 1
2253000 0 38839809 256 1
2254000 0 38840065 4096 0
2255000 0 38844161 4096 0
2256000 0 38848257 4096 0
2257000 0 38852353 32768 0
2258000 0 38885121 4096 0
2259000 0 38889217 65536 1
2260000 0 38954753 256 1
2261000 0 38955009 256 1
2262000 0 38955265 256 1
2263000 0 38955521 4096 0
2264000 0 38959617 4096 0
2265000 0 38963713 4096 0
2266000 0 38967809 32768 0
2267000 0 39000577 4096 0
2268000 0 39004673 65536 1
2269000 0 39070209 256 1
2270000 0 39070465 256 1
2271000 0 39070721 256 1
2272000 0 39070977 4096 0
2273000 0 39075073 4096 0
2274000 0 39079169 4096 0
2275000 0 39083265 32768 0
2276000 0 39116033 4096 0
2277000 0 39120129 65536 1
2278000 0 39185665 256 1
2279000 0 39185921 256 1
2280000 0 39186177 256 1
2281000 0 39186433 4096 0
2282000 0 39190529 4096 0
2283000 0 39194625 4096 0
2284000 0 39198721 32768 0
2285000 0 39231489 4096 0
2286000 0 39235585 65536 1
2287000 0 39301121 4096 1
2288000 0 39305217 65536 0
2289000 0 39370753 65536 1
2290000 0 39436289 16384 1
2291000 0 39452673 262144 0
2292000 0 39714817 262144 0
2293000 0 39976961 16384 1
2294000 0 39993345 65536 0
2295000 0 40058881 65536 1
2296000 0 40124417 256 1
2297000 0 40124673 256 1
2298000 0 40124929 256 1
2299000 0 40125185 4096 0
2300000 0 40129281 4096 0
2301000 0 40133377 4096 0
2302000 0 40137473 32768 0
2303000 0 40170241 4096 0
2304000 0 40174337 65536 1
2305000 0 40239873 256 1
2306000 0 40240129 256 1
2307000 0 40240385 256 1
2308000 0 40240641 4096 0
2309000 0 40244737 4096 0
2310000 0 40248833 4096 0
2311000 0 40252929 32768 0
2312000 0 40285697 4096 0
2313000 0 40289793 65536 1
2314000 0 40355329 256 1
2315000 0 40355585 256 1
2316000 0 40355841 256 1
2317000 0 40356097 4096 0
2318000 0 40360193 4096 0
2319000 0 40364289 4096 0
2320000 0 40368385 32768 0
2321000 0 40401153 4096 0
2322000 0 40405249 65536 1
2323000 0 40470785 256 1
2324000 0 40471041 256 1
2325000 0 40471297 256 1
2326000 0 40471553 4096 0
2327000 0 40475649 4096 0
2328000 0 40479745 4096 0
2329000 0 40483841 32768 0
2330000 0 40516609 4096 0
2331000 0 40520705 65536 1
2332000 0 40586241 256 1
2333000 0 40586497 256 1
2334000 0 40586753 256 1
2335000 0 40587009 4096 0
2336000 0 40591105 4096 0
2337000 0 40595201 4096 0
2338000 0 40599297 32768 0
2339000 0 40632065 4096 0
2340000 0 40636161 65536 1
2341000 0 40701697 256 1
2342000 0 40701953 256 1
2343000 0 40702209 256 1
2344000 0 40702465 4096 0
2345000 0 40706561 4096 0
2346000 0 40710657 4096 0
2347000 0 40714753 32768 0
2348000 0 40747521 4096 0
2349000 0 40751617 65536 1
2350000 0 40817153 256 1
2351000 0 40817409 256 1
2352000 0 40817665 256 1
2353000 0 40817921 4096 0
2354000 0 40822017 4096 0
2355000 0 40826113 4096 0
2356000 0 40830209 32768 0
2357000 0 40862977 4096 0
2358000 0 40867073 65536 1
2359000 0 40932609 256 1
2360000 0 40932865 256 1
2361000 0 40933121 256 1
2362000 0 40933377 4096 0
2363000 0 40937473 4096 0
2364000 0 40941569 4096 0
2365000 0 40945665 32768 0
2366000 0 40978433 4096 0
2367000 0 40982529 65536 1
2368000 0 41048065 256 1
2369000 0 41048321 256 1
2370000 0 41048577 256 1
2371000 0 41048833 4096 0
2372000 0 41052929 4096 0
2373000 0 41057025 4096 0
2374000 0 41061121 32768 0
2375000 0 41093889 4096 0
2376000 0 41097985 65536 1
2377000 0 41163521 256 1
2378000 0 41163777 256 1
2379000 0 41164033 256 1
2380000 0 41164289 4096 0
2381000 0 41168385 4096 0
2382000 0 41172481 4096 0
2383000 0 41176577 32768 0
2384000 0 41209345 4096 0
2385000 0 41213441 65536 1
2386000 0 41278977 256 1
2387000 0 41279233 256 1
2388000 0 41279489 256 1
2389000 0 41279745 4096 0
2390000 0 41283841 4096 0
2391000 0 41287937 4096 0
2392000 0 41292033 32768 0
2393000 0 41324801 4096 0
2394000 0 41328897 65536 1
2395000 0 41394433 256 1
2396000 0 41394689 256 1
2397000 0 41394945 256 1
2398000 0 41395201 4096 0
2399000 0 41399297 4096 0
2400000 0 41403393 4096 0
2401000 0 41407489 32768 0
2402000 0 41440257 4096 0
2403000 0 41444353 65536 1
2404000 0 41509889 256 1
2405000 0 41510145 256 1
2406000 0 41510401 256 1
2407000 0 41510657 4096 0
2408000 0 41514753 4096 0
2409000 0 41518849 4096 0
2410000 0 41522945 32768 0
2411000 0 41555713 4096 0
2412000 0 41559809 65536 1
2413000 0 41625345 256 1
2414000 0 41625601 256 1
2415000 0 41625857 256 1
2416000 0 41626113 4096 0
2417000 0 41630209 4096 0
2418000 0 41634305 4096 0
2419000 0 41638401 32768 0
2420000 0 41671169 4096 0
2421000 0 41675265 65536 1
2422000 0 41740801 256 1
2423000 0 41741057 256 1
2424000 0 41741313 256 1
2425000 0 41741569 4096 0
2426000 0 41745665 4096 0
2427000 0 41749761 4096 0
2428000 0 41753857 32768 0
2429000 0 41786625 4096 0
2430000 0 41790721 65536 1
2431000 0 41856257 256 1
2432000 0 41856513 256 1
2433000 0 41856769 256 1
2434000 0 41857025 4096 0
2435000 0 41861121 4096 0
2436000 0 41865217 4096 0
2437000 0 41869313 32768 0
2438000 0 41902081 4096 0
2439000 0 41906177 65536 1
2440000 0 41971713 4096 1
2441000 0 41975809 65536 0
2442000 0 42041345 65536 1
2443000 0 42106881 16384 1
2444000 0 42123265 262144 0
2445000 0 42385409 262144 0
2446000 0 42647553 16384 1
2447000 0 42663937 65536 0
2448000 0 42729473 65536 1
2449000 0 42795009 256 1
2450000 0 42795265 256 1
2451000 0 42795521 256 1
2452000 0 42795777 4096 0
2453000 0 42799873 4096 0
2454000 0 42803969 4096 0
2455000 0 42808065 32768 0
2456000 0 42840833 4096 0
2457000 0 42844929 65536 1
2458000 0 42910465 256 1
2459000 0 42910721 256 1
2460000 0 42910977 256 1
2461000 0 42911233 4096 0
2462000 0 42915329 4096 0
2463000 0 42919425 4096 0
2464000 0 42923521 32768 0
2465000 0 42956289 4096 0
2466000 0 42960385 65536 1
2467000 0 43025921 256 1
2468000 0 43026177 256 1
2469000 0 43026433 256 1
2470000 0 43026689 4096 0
2471000 0 43030785 4096 0
2472000 0 43034881 4096 0
2473000 0 43038977 32768 0
2474000 0 43071745 4096 0
2475000 0 43075841 65536 1
2476000 0 43141377 256 1
2477000 0 43141633 256 1
2478000 0 43141889 256 1
2479000 0 43142145 4096 0
2480000 0 43146241 4096 0
2481000 0 43150337 4096 0
2482000 0 43154433 32768 0
2483000 0 43187201 4096 0
2484000 0 43191297 65536 1
2485000 0 43256833 256 1
2486000 0 43257089 256 1
2487000 0 43257345 256 1
2488000 0 43257601 4096 0
2489000 0 43261697 4096 0
2490000 0 43265793 4096 0
2491000 0 43269889 32768 0
2492000 0 43302657 4096 0
2493000 0 43306753 65536 1
2494000 0 43372289 256 1
2495000 0 43372545 256 1
2496000 0 43372801 256 1
2497000 0 43373057 4096 0
2498000 0 43377153 4096 0
2499000 0 43381249 4096 0
2500000 0 43385345 32768 0
2501000 0 43418113 4096 0
2502000 0 43422209 65536 1
2503000 0 43487745 256 1
2504000 0 43488001 256 1
2505000 0 43488257 256 1
2506000 0 43488513 4096 0
2507000 0 43492609 4096 0
2508000 0 43496705 4096 0
2509000 0 43500801 32768 0
2510000 0 43533569 4096 0
2511000 0 43537665 65536 1
2512000 0 43603201 256 1
2513000 0 43603457 256 1
2514000 0 43603713 256 1
2515000 0 43603969 4096 0
2516000 0 43608065 4096 0
2517000 0 43612161 4096 0
2518000 0 43616257 32768 0
2519000 0 43649025 4096 0
2520000 0 43653121 65536 1
2521000 0 43718657 256 1
2522000 0 43718913 256 1
2523000 0 43719169 256 1
2524000 0 43719425 4096 0
2525000 0 43723521 4096 0
2526000 0 43727617 4096 0
2527000 0 43731713 32768 0
2528000 0 43764481 4096 0
2529000 0 43768577 65536 1
2530000 0 43834113 256 1
2531000 0 43834369 256 1
2532000 0 43834625 256 1
2533000 0 43834881 4096 0
2534000 0 43838977 4096 0
2535000 0 43843073 4096 0
2536000 0 43847169 32768 0
2537000 0 43879937 4096 0
2538000 0 43884033 65536 1
2539000 0 43949569 256 1
2540000 0 43949825 256 1
2541000 0 43950081 256 1
2542000 0 43950337 4096 0
2543000 0 43954433 4096 0
2544000 0 43958529 4096 0
2545000 0 43962625 32768 0
2546000 0 43995393 4096 0
2547000 0 43999489 65536 1
2548000 0 44065025 256 1
2549000 0 44065281 256 1
2550000 0 44065537 256 1
2551000 0 44065793 4096 0
2552000 0 44069889 4096 0
2553000 0 44073985 4096 0
2554000 0 44078081 32768 0
2555000 0 44110849 4096 0
2556000 0 44114945 65536 1
2557000 0 44180481 256 1
2558000 0 44180737 256 1
2559000 0 44180993 256 1
2560000 0 44181249 4096 0
2561000 0 44185345 4096 0
2562000 0 44189441 4096 0
2563000 0 44193537 32768 0
2564000 0 44226305 4096 0
2565000 0 44230401 65536 1
2566000 0 44295937 256 1
2567000 0 44296193 256 1
2568000 0 44296449 256 1
2569000 0 44296705 4096 0
2570000 0 44300801 4096 0
2571000 0 44304897 4096 0
2572000 0 44308993 32768 0
2573000 0 44341761 4096 0
2574000 0 44345857 65536 1
2575000 0 44411393 256 1
2576000 0 44411649 256 1
2577000 0 44411905 256 1
2578000 0 44412161 4096 0
2579000 0 44416257 4096 0
2580000 0 44420353 4096 0
2581000 0 44424449 32768 0
2582000 0 44457217 4096 0
2583000 0 44461313 65536 1
2584000 0 44526849 256 1
2585000 0 44527105 256 1
2586000 0 44527361 256 1
2587000 0 44527617 4096 0
2588000 0 44531713 4096 0
2589000 0 44535809 4096 0
2590000 0 44539905 32768 0
2591000 0 44572673 4096 0
2592000 0 44576769 65536 1
2593000 0 44642305 4096 1
2594000 0 44646401 65536 0
2595000 0 44711937 65536 1
2596000 0 44777473 16384 1
2597000 0 44793857 262144 0
2598000 0 45056001 262144 0
2599000 0 45318145 16384 1
2600000 0 45334529 65536 0
2601000 0 45400065 65536 1
2602000 0 45465601 256 1
2603000 0 45465857 256 1
2604000 0 45466113 256 1
2605000 0 45466369 4096 0
2606000 0 45470465 4096 0
2607000 0 45474561 4096 0
2608000 0 45478657 32768 0
2609000 0 45511425 4096 0
2610000 0 45515521 65536 1
2611000 0 45581057 256 1
2612000 0 45581313 256 1
2613000 0 45581569 256 1
2614000 0 45581825 4096 0
2615000 0 45585921 4096 0
2616000 0 45590017 4096 0
2617000 0 45594113 32768 0
2618000 0 45626881 4096 0
2619000 0 45630977 65536 1
2620000 0 45696513 256 1
2621000 0 45696769 256 1
2622000 0 45697025 256 1
2623000 0 45697281 4096 0
2624000 0 45701377 4096 0
2625000 0 45705473 4096 0
2626000 0 45709569 32768 0
2627000 0 45742337 4096 0
2628000 0 45746433 65536 1
2629000 0 45811969 256 1
2630000 0 45812225 256 1
2631000 0 45812481 256 1
2632000 0 45812737 4096 0
2633000 0 45816833 4096 0
2634000 0 45820929 4096 0
2635000 0 45825025 32768 0
2636000 0 45857793 4096 0
2637000 0 45861889 65536 1
2638000 0 45927425 256 1
2639000 0 45927681 256 1
2640000 0 45927937 256 1
2641000 0 45928193 4096 0
2642000 0 45932289 4096 0
2643000 0 45936385 4096 0
2644000 0 45940481 32768 0
2645000 0 45973249 4096 0
2646000 0 45977345 65536 1
2647000 0 46042881 256 1
2648000 0 46043137 256 1
2649000 0 46043393 256 1
2650000 0 46043649 4096 0
2651000 0 46047745 4096 0
2652000 0 46051841 4096 0
2653000 0 46055937 32768 0
2654000 0 46088705 4096 0
2655000 0 46092801 65536 1
2656000 0 46158337 256 1
2657000 0 46158593 256 1
2658000 0 46158849 256 1
2659000 0 46159105 4096 0
2660000 0 46163201 4096 0
2661000 0 46167297 4096 0
2662000 0 46171393 32768 0
2663000 0 46204161 4096 0
2664000 0 46208257 65536 1
2665000 0 46273793 256 1
2666000 0 46274049 256 1
2667000 0 46274305 256 1
2668000 0 46274561 4096 0
2669000 0 46278657 4096 0
2670000 0 46282753 4096 0
2671000 0 46286849 32768 0
2672000 0 46319617 4096 0
2673000 0 46323713 65536 1
2674000 0 46389249 256 1
2675000 0 46389505 256 1
2676000 0 46389761 256 1
2677000 0 46390017 4096 0
2678000 0 46394113 4096 0
2679000 0 46398209 4096 0
2680000 0 46402305 32768 0
2681000 0 46435073 4096 0
2682000 0 46439169 65536 1
2683000 0 46504705 256 1
2684000 0 46504961 256 1
2685000 0 46505217 256 1
2686000 0 46505473 4096 0
2687000 0 46509569 4096 0
2688000 0 46513665 4096 0
2689000 0 46517761 32768 0
2690000 0 46550529 4096 0
2691000 0 46554625 65536 1
2692000 0 46620161 256 1
2693000 0 46620417 256 1
2694000 0 46620673 256 1
2695000 0 46620929 4096 0
2696000 0 46625025 4096 0
2697000 0 46629121 4096 0
2698000 0 46633217 32768 0
2699000 0 46665985 4096 0
2700000 0 46670081 65536 1
2701000 0 46735617 256 1
2702000 0 46735873 256 1
2703000 0 46736129 256 1
2704000 0 46736385 4096 0
2705000 0 46740481 4096 0
2706000 0 46744577 4096 0
2707000 0 46748673 32768 0
2708000 0 46781441 4096 0
2709000 0 46785537 65536 1
2710000 0 46851073 256 1
2711000 0 46851329 256 1
2712000 0 46851585 256 1
2713000 0 46851841 4096 0
2714000 0 46855937 4096 0
2715000 0 46860033 4096 0
2716000 0 46864129 32768 0
2717000 0 46896897 4096 0
2718000 0 46900993 65536 1
2719000 0 46966529 256 1
2720000 0 46966785 256 1
2721000 0 46967041 256 1
2722000 0 46967297 4096 0
2723000 0 46971393 4096 0
2724000 0 46975489 4096 0
2725000 0 46979585 32768 0
2726000 0 47012353 4096 0
2727000 0 47016449 65536 1
2728000 0 47081985 256 1
2729000 0 47082241 256 1
2730000 0 47082497 256 1
2731000 0 47082753 4096 0
2732000 0 47086849 4096 0
2733000 0 47090945 4096 0
2734000 0 47095041 32768 0
2735000 0 47127809 4096 0
2736000 0 47131905 65536 1
2737000 0 47197441 256 1
2738000 0 47197697 256 1
2739000 0 47197953 256 1
2740000 0 47198209 4096 0
2741000 0 47202305 4096 0
2742000 0 47206401 4096 0
2743000 0 47210497 32768 0
2744000 0 47243265 4096 0
2745000 0 47247361 65536 1
2746000 0 47312897 4096 1
2747000 0 47316993 65536 0
2748000 0 47382529 65536 1
2749000 0 47448065 16384 1
2750000 0 47464449 262144 0
2751000 0 47726593 262144 0
2752000 0 47988737 16384 1
2753000 0 48005121 65536 0
2754000 0 48070657 65536 1
2755000 0 48136193 256 1
2756000 0 48136449 256 1
2757000 0 48136705 256 1
2758000 0 48136961 4096 0
2759000 0 48141057 4096 0
2760000 0 48145153 4096 0
2761000 0 48149249 32768 0
2762000 0 48182017 4096 0
2763000 0 48186113 65536 1
2764000 0 48251649 256 1
2765000 0 48251905 256 1
2766000 0 48252161 256 1
2767000 0 48252417 4096 0
2768000 0 48256513 4096 0
2769000 0 48260609 4096 0
2770000 0 48264705 32768 0
2771000 0 48297473 4096 0
2772000 0 48301569 65536 1
2773000 0 48367105 256 1
2774000 0 48367361 256 1
2775000 0 48367617 256 1
2776000 0 48367873 4096 0
2777000 0 48371969 4096 0
2778000 0 48376065 4096 0
2779000 0 48380161 32768 0
2780000 0 48412929 4096 0
2781000 0 48417025 65536 1
2782000 0 48482561 256 1
2783000 0 48482817 256 1
2784000 0 48483073 256 1
2785000 0 48483329 4096 0
2786000 0 48487425 4096 0
2787000 0 48491521 4096 0
2788000 0 48495617 32768 0
2789000 0 48528385 4096 0
2790000 0 48532481 65536 1
2791000 0 48598017 256 1
2792000 0 48598273 256 1
2793000 0 48598529 256 1
2794000 0 48598785 4096 0
2795000 0 48602881 4096 0
2796000 0 48606977 4096 0
2797000 0 48611073 32768 0
2798000 0 48643841 4096 0
2799000 0 48647937 65536 1
2800000 0 48713473 256 1
2801000 0 48713729 256 1
2802000 0 48713985 256 1
2803000 0 48714241 4096 0
2804000 0 48718337 4096 0
2805000 0 48722433 4096 0
2806000 0 48726529 32768 0
2807000 0 48759297 4096 0
2808000 0 48763393 65536 1
2809000 0 48828929 256 1
2810000 0 48829185 256 1
2811000 0 48829441 256 1
2812000 0 48829697 4096 0
2813000 0 48833793 4096 0
2814000 0 48837889 4096 0
2815000 0 48841985 32768 0
2816000 0 48874753 4096 0
2817000 0 48878849 65536 1
2818000 0 48944385 256 1
2819000 0 48944641 256 1
2820000 0 48944897 256 1
2821000 0 48945153 4096 0
2822000 0 48949249 4096 0
2823000 0 48953345 4096 0
2824000 0 48957441 32768 0
2825000 0 48990209 4096 0
2826000 0 48994305 65536 1
2827000 0 49059841 256 1
2828000 0 49060097 256 1
2829000 0 49060353 256 1
2830000 0 49060609 4096 0
2831000 0 49064705 4096 0
2832000 0 49068801 4096 0
2833000 0 49072897 32768 0
2834000 0 49105665 4096 0
2835000 0 49109761 65536 1
2836000 0 49175297 256 1
2837000 0 49175553 256 1
2838000 0 49175809 256 1
2839000 0 49176065 4096 0
2840000 0 49180161 4096 0
2841000 0 49184257 4096 0
2842000 0 49188353 32768 0
2843000 0 49221121 4096 0
2844000 0 49225217 65536 1
2845000 0 49290753 256 1
2846000 0 49291009 256 1
2847000 0 49291265 256 1
2848000 0 49291521 4096 0
2849000 0 49295617 4096 0
2850000 0 49299713 4096 0
2851000 0 49303809 32768 0
2852000 0 49336577 4096 0
2853000 0 49340673 65536 1
2854000 0 49406209 256 1
2855000 0 49406465 256 1
2856000 0 49406721 256 1
2857000 0 49406977 4096 0
2858000 0 49411073 4096 0
2859000 0 49415169 4096 0
2860000 0 49419265 32768 0
2861000 0 49452033 4096 0
2862000 0 49456129 65536 1
2863000 0 49521665 256 1
2864000 0 49521921 256 1
2865000 0 49522177 256 1
2866000 0 49522433 4096 0
2867000 0 49526529 4096 0
2868000 0 49530625 4096 0
2869000 0 49534721 32768 0
2870000 0 49567489 4096 0
2871000 0 49571585 65536 1
2872000 0 49637121 256 1
2873000 0 49637377 256 1
2874000 0 49637633 256 1
2875000 0 49637889 4096 0
2876000 0 49641985 4096 0
2877000 0 49646081 4096 0
2878000 0 49650177 32768 0
2879000 0 49682945 4096 0
2880000 0 49687041 65536 1
2881000 0 49752577 256 1
2882000 0 49752833 256 1
2883000 0 49753089 256 1
2884000 0 49753345 4096 0
2885000 0 49757441 4096 0
2886000 0 49761537 4096 0
2887000 0 49765633 32768 0
2888000 0 49798401 4096 0
2889000 0 49802497 65536 1
2890000 0 49868033 256 1
2891000 0 49868289 256 1
2892000 0 49868545 256 1
2893000 0 49868801 4096 0
2894000 0 49872897 4096 0
2895000 0 49876993 4096 0
2896000 0 49881089 32768 0
2897000 0 49913857 4096 0
2898000 0 49917953 65536 1
2899000 0 49983489 4096 1
2900000 0 49987585 65536 0
2901000 0 50053121 65536 1
2902000 0 50118657 16384 1
2903000 0 50135041 262144 0
2904000 0 50397185 262144 0
2905000 0 50659329 16384 1
2906000 0 50675713 65536 0
2907000 0 50741249 65536 1
2908000 0 50806785 256 1
2909000 0 50807041 256 1
2910000 0 50807297 256 1
2911000 0 50807553 4096 0
2912000 0 50811649 4096 0
2913000 0 50815745 4096 0
2914000 0 50819841 32768 0
2915000 0 50852609 4096 0
2916000 0 50856705 65536 1
2917000 0 50922241 256 1
2918000 0 50922497 256 1
2919000 0 50922753 256 1
2920000 0 50923009 4096 0
2921000 0 50927105 4096 0
2922000 0 50931201 4096 0
2923000 0 50935297 32768 0
2924000 0 50968065 4096 0
2925000 0 50972161 65536 1
2926000 0 51037697 256 1
2927000 0 51037953 256 1
2928000 0 51038209 256 1
2929000 0 51038465 4096 0
2930000 0 51042561 4096 0
2931000 0 51046657 4096 0
2932000 0 51050753 32768 0
2933000 0 51083521 4096 0
2934000 0 51087617 65536 1
2935000 0 51153153 256 1
2936000 0 51153409 256 1
2937000 0 51153665 256 1
2938000 0 51153921 4096 0
2939000 0 51158017 4096 0
2940000 0 51162113 4096 0
2941000 0 51166209 32768 0
2942000 0 51198977 4096 0
2943000 0 51203073 65536 1
2944000 0 51268609 256 1
2945000 0 51268865 256 1
2946000 0 51269121 256 1
2947000 0 51269377 4096 0
2948000 0 51273473 4096 0
2949000 0 51277569 4096 0
2950000 0 51281665 32768 0
2951000 0 51314433 4096 0
2952000 0 51318529 65536 1
2953000 0 51384065 256 1
2954000 0 51384321 256 1
2955000 0 51384577 256 1
2956000 0 51384833 4096 0
2957000 0 51388929 4096 0
2958000 0 51393025 4096 0
2959000 0 51397121 32768 0
2960000 0 51429889 4096 0
2961000 0 51433985 65536 1
2962000 0 51499521 256 1
2963000 0 51499777 256 1
2964000 0 51500033 256 1
2965000 0 51500289 4096 0
2966000 0 51504385 4096 0
2967000 0 51508481 4096 0
2968000 0 51512577 32768 0
2969000 0 51545345 4096 0
2970000 0 51549441 65536 1
2971000 0 51614977 256 1
2972000 0 51615233 256 1
2973000 0 51615489 256 1
2974000 0 51615745 4096 0
2975000 0 51619841 4096 0
2976000 0 51623937 4096 0
2977000 0 51628033 32768 0
2978000 0 51660801 4096 0
2979000 0 51664897 65536 1
2980000 0 51730433 256 1
2981000 0 51730689 256 1
2982000 0 51730945 256 1
2983000 0 51731201 4096 0
2984000 0 51735297 4096 0
2985000 0 51739393 4096 0
2986000 0 51743489 32768 0
2987000 0 51776257 4096 0
2988000 0 51780353 65536 1
2989000 0 51845889 256 1
2990000 0 51846145 256 1
2991000 0 51846401 256 1
2992000 0 51846657 4096 0
2993000 0 51850753 4096 0
2994000 0 51854849 4096 0
2995000 0 51858945 32768 0
2996000 0 51891713 4096 0
2997000 0 51895809 65536 1
2998000 0 51961345 256 1
2999000 0 51961601 256 1
3000000 0 51961857 256 1
3001000 0 51962113 4096 0
3002000 0 51966209 4096 0
3003000 0 51970305 4096 0
3004000 0 51974401 32768 0
3005000 0 52007169 4096 0
3006000 0 52011265 65536 1
3007000 0 52076801 256 1
3008000 0 52077057 256 1
3009000 0 52077313 256 1
3010000 0 52077569 4096 0
3011000 0 52081665 4096 0
3012000 0 52085761 4096 0
3013000 0 52089857 32768 0
3014000 0 52122625 4096 0
3015000 0 52126721 65536 1
3016000 0 52192257 256 1
3017000 0 52192513 256 1
3018000 0 52192769 256 1
3019000 0 52193025 4096 0
3020000 0 52197121 4096 0
3021000 0 52201217 4096 0
3022000 0 52205313 32768 0
3023000 0 52238081 4096 0
3024000 0 52242177 65536 1
3025000 0 52307713 256 1
3026000 0 52307969 256 1
3027000 0 52308225 256 1
3028000 0 52308481 4096 0
3029000 0 52312577 4096 0
3030000 0 52316673 4096 0
3031000 0 52320769 32768 0
3032000 0 52353537 4096 0
3033000 0 52357633 65536 1
3034000 0 52423169 256 1
3035000 0 52423425 256 1
3036000 0 52423681 256 1
3037000 0 52423937 4096 0
3038000 0 52428033 4096 0
3039000 0 52432129 4096 0
3040000 0 52436225 32768 0
3041000 0 52468993 4096 0
3042000 0 52473089 65536 1
3043000 0 52538625 256 1
3044000 0 52538881 256 1
3045000 0 52539137 256 1
3046000 0 52539393 4096 0
3047000 0 52543489 4096 0
3048000 0 52547585 4096 0
3049000 0 52551681 32768 0
3050000 0 52584449 4096 0
3051000 0 52588545 65536 1
3052000 0 52654081 4096 1
3053000 0 52658177 65536 0
3054000 0 52723713 65536 1
3055000 0 52789249 16384 1
3056000 0 52805633 262144 0
3057000 0 53067777 262144 0
3058000 0 53329921 16384 1
3059000 0 53346305 65536 0
3060000 0 53411841 65536 1
3061000 0 53477377 256 1
3062000 0 53477633 256 1
3063000 0 53477889 256 1
3064000 0 53478145 4096 0
3065000 0 53482241 4096 0
3066000 0 53486337 4096 0
3067000 0 53490433 32768 0
3068000 0 53523201 4096 0
3069000 0 53527297 65536 1
3070000 0 53592833 256 1
3071000 0 53593089 256 1
3072000 0 53593345 256 1
3073000 0 53593601 4096 0
3074000 0 53597697 4096 0
3075000 0 53601793 4096 0
3076000 0 53605889 32768 0
3077000 0 53638657 4096 0
3078000 0 53642753 65536 1
3079000 0 53708289 256 1
3080000 0 53708545 256 1
3081000 0 53708801 256 1
3082000 0 53709057 4096 0
3083000 0 53713153 4096 0
3084000 0 53717249 4096 0
3085000 0 53721345 32768 0
3086000 0 53754113 4096 0
3087000 0 53758209 65536 1
3088000 0 53823745 256 1
3089000 0 53824001 256 1
3090000 0 53824257 256 1
3091000 0 53824513 4096 0
3092000 0 53828609 4096 0
3093000 0 53832705 4096 0
3094000 0 53836801 32768 0
3095000 0 53869569 4096 0
3096000 0 53873665 65536 1
3097000 0 53939201 256 1
3098000 0 53939457 256 1
3099000 0 53939713 256 1
3100000 0 53939969 4096 0
3101000 0 53944065 4096 0
3102000 0 53948161 4096 0
3103000 0 53952257 32768 0
3104000 0 53985025 4096 0
3105000 0 53989121 65536 1
3106000 0 54054657 256 1
3107000 0 54054913 256 1
3108000 0 54055169 256 1
3109000 0 54055425 4096 0
3110000 0 54059521 4096 0
3111000 0 54063617 4096 0
3112000 0 54067713 32768 0
3113000 0 54100481 4096 0
3114000 0 54104577 65536 1
3115000 0 54170113 256 1
3116000 0 54170369 256 1
3117000 0 54170625 256 1
3118000 0 54170881 4096 0
3119000 0 54174977 4096 0
3120000 0 54179073 4096 0
3121000 0 54183169 32768 0
3122000 0 54215937 4096 0
3123000 0 54220033 65536 1
3124000 0 54285569 256 1
3125000 0 54285825 256 1
3126000 0 54286081 256 1
3127000 0 54286337 4096 0
3128000 0 54290433 4096 0
3129000 0 54294529 4096 0
3130000 0 54298625 32768 0
3131000 0 54331393 4096 0
3132000 0 54335489 65536 1
3133000 0 54401025 256 1
3134000 0 54401281 256 1
3135000 0 54401537 256 1
3136000 0 54401793 4096 0
3137000 0 54405889 4096 0
3138000 0 54409985 4096 0
3139000 0 54414081 32768 0
3140000 0 54446849 4096 0
3141000 0 54450945 65536 1
3142000 0 54516481 256 1
3143000 0 54516737 256 1
3144000 0 54516993 256 1
3145000 0 54517249 4096 0
3146000 0 54521345 4096 0
3147000 0 54525441 4096 0
3148000 0 54529537 32768 0
3149000 0 54562305 4096 0
3150000 0 54566401 65536 1
3151000 0 54631937 256 1
3152000 0 54632193 256 1
3153000 0 54632449 256 1
3154000 0 54632705 4096 0
3155000 0 54636801 4096 0
3156000 0 54640897 4096 0
3157000 0 54644993 32768 0
3158000 0 54677761 4096 0
3159000 0 54681857 65536 1
3160000 0 54747393 256 1
3161000 0 54747649 256 1
3162000 0 54747905 256 1
3163000 0 54748161 4096 0
3164000 0 54752257 4096 0
3165000 0 54756353 4096 0
3166000 0 54760449 32768 0
3167000 0 54793217 4096 0
3168000 0 54797313 65536 1
3169000 0 54862849 256 1
3170000 0 54863105 256 1
3171000 0 54863361 256 1
3172000 0 54863617 4096 0
3173000 0 54867713 4096 0
3174000 0 54871809 4096 0
3175000 0 54875905 32768 0
3176000 0 54908673 4096 0
3177000 0 54912769 65536 1
3178000 0 54978305 256 1
3179000 0 54978561 256 1
3180000 0 54978817 256 1
3181000 0 54979073 4096 0
3182000 0 54983169 4096 0
3183000 0 54987265 4096 0
3184000 0 54991361 32768 0
3185000 0 55024129 4096 0
3186000 0 55028225 65536 1
3187000 0 55093761 256 1
3188000 0 55094017 256 1
3189000 0 55094273 256 1
3190000 0 55094529 4096 0
3191000 0 55098625 4096 0
3192000 0 55102721 4096 0
3193000 0 55106817 32768 0
3194000 0 55139585 4096 0
3195000 0 55143681 65536 1
3196000 0 55209217 256 1
3197000 0 55209473 256 1
3198000 0 55209729 256 1
3199000 0 55209985 4096 0
3200000 0 55214081 4096 0
3201000 0 55218177 4096 0
3202000 0 55222273 32768 0
3203000 0 55255041 4096 0
3204000 0 55259137 65536 1
3205000 0 55324673 4096 1
3206000 0 55328769 65536 0
3207000 0 55394305 65536 1
3208000 0 55459841 16384 1
3209000 0 55476225 262144 0
3210000 0 55738369 262144 0
3211000 0 56000513 16384 1
3212000 0 56016897 65536 0
3213000 0 56082433 65536 1
3214000 0 56147969 256 1
3215000 0 56148225 256 1
3216000 0 56148481 256 1
3217000 0 56148737 4096 0
3218000 0 56152833 4096 0
3219000 0 56156929 4096 0
3220000 0 56161025 32768 0
3221000 0 56193793 4096 0
3222000 0 56197889 65536 1
3223000 0 56263425 256 1
3224000 0 56263681 256 1
3225000 0 56263937 256 1
3226000 0 56264193 4096 0
3227000 0 56268289 4096 0
3228000 0 56272385 4096 0
3229000 0 56276481 32768 0
3230000 0 56309249 4096 0
3231000 0 56313345 65536 1
3232000 0 56378881 256 1
3233000 0 56379137 256 1
3234000 0 56379393 256 1
3235000 0 56379649 4096 0
3236000 0 56383745 4096 0
3237000 0 56387841 4096 0
3238000 0 56391937 32768 0
3239000 0 56424705 4096 0
3240000 0 56428801 65536 1
3241000 0 56494337 256 1
3242000 0 56494593 256 1
3243000 0 56494849 256 1
3244000 0 56495105 4096 0
3245000 0 56499201 4096 0
3246000 0 56503297 4096 0
3247000 0 56507393 32768 0
3248000 0 56540161 4096 0
3249000 0 56544257 65536 1
3250000 0 56609793 256 1
3251000 0 56610049 256 1
3252000 0 56610305 256 1
3253000 0 56610561 4096 0
3254000 0 56614657 4096 0
3255000 0 56618753 4096 0
3256000 0 56622849 32768 0
3257000 0 56655617 4096 0
3258000 0 56659713 65536 1
3259000 0 56725249 256 1
3260000 0 56725505 256 1
3261000 0 56725761 256 1
3262000 0 56726017 4096 0
3263000 0 56730113 4096 0
3264000 0 56734209 4096 0
3265000 0 56738305 32768 0
3266000 0 56771073 4096 0
3267000 0 56775169 65536 1
3268000 0 56840705 256 1
3269000 0 56840961 256 1
3270000 0 56841217 256 1
3271000 0 56841473 4096 0
3272000 0 56845569 4096 0
3273000 0 56849665 4096 0
3274000 0 56853761 32768 0
3275000 0 56886529 4096 0
3276000 0 56890625 65536 1
3277000 0 56956161 256 1
3278000 0 56956417 256 1
3279000 0 56956673 256 1
3280000 0 56956929 4096 0
3281000 0 56961025 4096 0
3282000 0 56965121 4096 0
3283000 0 56969217 32768 0
3284000 0 57001985 4096 0
3285000 0 57006081 65536 1
3286000 0 57071617 256 1
3287000 0 57071873 256 1
3288000 0 57072129 256 1
3289000 0 57072385 4096 0
3290000 0 57076481 4096 0
3291000 0 57080577 4096 0
3292000 0 57084673 32768 0
3293000 0 57117441 4096 0
3294000 0 57121537 65536 1
3295000 0 57187073 256 1
3296000 0 57187329 256 1
3297000 0 57187585 256 1
3298000 0 57187841 4096 0
3299000 0 57191937 4096 0
3300000 0 57196033 4096 0
3301000 0 57200129 32768 0
3302000 0 57232897 4096 0
3303000 0 57236993 65536 1
3304000 0 57302529 256 1
3305000 0 57302785 256 1
3306000 0 57303041 256 1
3307000 0 57303297 4096 0
3308000 0 57307393 4096 0
3309000 0 57311489 4096 0
3310000 0 57315585 32768 0
3311000 0 57348353 4096 0
3312000 0 57352449 65536 1
3313000 0 57417985 256 1
3314000 0 57418241 256 1
3315000 0 57418497 256 1
3316000 0 57418753 4096 0
3317000 0 57422849 4096 0
3318000 0 57426945 4096 0
3319000 0 57431041 32768 0
3320000 0 57463809 4096 0
3321000 0 57467905 65536 1
3322000 0 57533441 256 1
3323000 0 57533697 256 1
3324000 0 57533953 256 1
3325000 0 57534209 4096 0
3326000 0 57538305 4096 0
3327000 0 57542401 4096 0
3328000 0 57546497 32768 0
3329000 0 57579265 4096 0
3330000 0 57583361 65536 1
3331000 0 57648897 256 1
3332000 0 57649153 256 1
3333000 0 57649409 256 1
3334000 0 57649665 4096 0
3335000 0 57653761 4096 0
3336000 0 57657857 4096 0
3337000 0 57661953 32768 0
3338000 0 57694721 4096 0
3339000 0 57698817 65536 1
3340000 0 57764353 256 1
3341000 0 57764609 256 1
3342000 0 57764865 256 1
3343000 0 57765121 4096 0
3344000 0 57769217 4096 0
3345000 0 57773313 4096 0
3346000 0 57777409 32768 0
3347000 0 57810177 4096 0
3348000 0 57814273 65536 1
3349000 0 57879809 256 1
3350000 0 57880065 256 1
3351000 0 57880321 256 1
3352000 0 57880577 4096 0
3353000 0 57884673 4096 0
3354000 0 57888769 4096 0
3355000 0 57892865 32768 0
3356000 0 57925633 4096 0
3357000 0 57929729 65536 1
3358000 0 57995265 4096 1
3359000 0 57999361 65536 0
3360000 0 58064897 65536 1
3361000 0 58130433 16384 1
3362000 0 58146817 262144 0
3363000 0 58408961 262144 0
3364000 0 58671105 16384 1
3365000 0 58687489 65536 0
3366000 0 58753025 65536 1
3367000 0 58818561 256 1
3368000 0 58818817 256 1
3369000 0 58819073 256 1
3370000 0 58819329 4096 0
3371000 0 58823425 4096 0
3372000 0 58827521 4096 0
3373000 0 58831617 32768 0
3374000 0 58864385 4096 0
3375000 0 58868481 65536 1
3376000 0 58934017 256 1
3377000 0 58934273 256 1
3378000 0 58934529 256 1
3379000 0 58934785 4096 0
3380000 0 58938881 4096 0
3381000 0 58942977 4096 0
3382000 0 58947073 32768 0
3383000 0 58979841 4096 0
3384000 0 58983937 65536 1
3385000 0 59049473 256 1
3386000 0 59049729 256 1
3387000 0 59049985 256 1
3388000 0 59050241 4096 0
3389000 0 59054337 4096 0
3390000 0 59058433 4096 0
3391000 0 59062529 32768 0
3392000 0 59095297 4096 0
3393000 0 59099393 65536 1
3394000 0 59164929 256 1
3395000 0 59165185 256 1
3396000 0 59165441 256 1
3397000 0 59165697 4096 0
3398000 0 59169793 4096 0
3399000 0 59173889 4096 0
3400000 0 59177985 32768 0
3401000 0 59210753 4096 0
3402000 0 59214849 65536 1
3403000 0 59280385 256 1
3404000 0 59280641 256 1
3405000 0 59280897 256 1
3406000 0 59281153 4096 0
3407000 0 59285249 4096 0
3408000 0 59289345 4096 0
3409000 0 59293441 32768 0
3410000 0 59326209 4096 0
3411000 0 59330305 65536 1
3412000 0 59395841 256 1
3413000 0 59396097 256 1
3414000 0 59396353 256 1
3415000 0 59396609 4096 0
3416000 0 59400705 4096 0
3417000 0 59404801 4096 0
3418000 0 59408897 32768 0
3419000 0 59441665 4096 0
3420000 0 59445761 65536 1
3421000 0 59511297 256 1
3422000 0 59511553 256 1
3423000 0 59511809 256 1
3424000 0 59512065 4096 0
3425000 0 59516161 4096 0
3426000 0 59520257 4096 0
3427000 0 59524353 32768 0
3428000 0 59557121 4096 0
3429000 0 59561217 65536 1
3430000 0 59626753 256 1
3431000 0 59627009 256 1
3432000 0 59627265 256 1
3433000 0 59627521 4096 0
3434000 0 59631617 4096 0
3435000 0 59635713 4096 0
3436000 0 59639809 32768 0
3437000 0 59672577 4096 0
3438000 0 59676673 65536 1
3439000 0 59742209 256 1
3440000 0 59742465 256 1
3441000 0 59742721 256 1
3442000 0 59742977 4096 0
3443000 0 59747073 4096 0
3444000 0 59751169 4096 0
3445000 0 59755265 32768 0
3446000 0 59788033 4096 0
3447000 0 59792129 65536 1
3448000 0 59857665 256 1
3449000 0 59857921 256 1
3450000 0 59858177 256 1
3451000 0 59858433 4096 0
3452000 0 59862529 4096 0
3453000 0 59866625 4096 0
3454000 0 59870721 32768 0
3455000 0 59903489 4096 0
3456000 0 59907585 65536 1
3457000 0 59973121 256 1
3458000 0 59973377 256 1
3459000 0 59973633 256 1
3460000 0 59973889 4096 0
3461000 0 59977985 4096 0
3462000 0 59982081 4096 0
3463000 0 59986177 32768 0
3464000 0 60018945 4096 0
3465000 0 60023041 65536 1
3466000 0 60088577 256 1
3467000 0 60088833 256 1
3468000 0 60089089 256 1
3469000 0 60089345 4096 0
3470000 0 60093441 4096 0
3471000 0 60097537 4096 0
3472000 0 60101633 32768 0
3473000 0 60134401 4096 0
3474000 0 60138497 65536 1
3475000 0 60204033 256 1
3476000 0 60204289 256 1
3477000 0 60204545 256 1
3478000 0 60204801 4096 0
3479000 0 60208897 4096 0
3480000 0 60212993 4096 0
3481000 0 60217089 32768 0
3482000 0 60249857 4096 0
3483000 0 60253953 65536 1
3484000 0 60319489 256 1
3485000 0 60319745 256 1
3486000 0 60320001 256 1
3487000 0 60320257 4096 0
3488000 0 60324353 4096 0
3489000 0 60328449 4096 0
3490000 0 60332545 32768 0
3491000 0 60365313 4096 0
3492000 0 60369409 65536 1
3493000 0 60434945 256 1
3494000 0 60435201 256 1
3495000 0 60435457 256 1
3496000 0 60435713 4096 0
3497000 0 60439809 4096 0
3498000 0 60443905 4096 0
3499000 0 60448001 32768 0
3500000 0 60480769 4096 0
3501000 0 60484865 65536 1
3502000 0 60550401 256 1
3503000 0 60550657 256 1
3504000 0 60550913 256 1
3505000 0 60551169 4096 0
3506000 0 60555265 4096 0
3507000 0 60559361 4096 0
3508000 0 60563457 32768 0
3509000 0 60596225 4096 0
3510000 0 60600321 65536 1
3511000 0 60665857 4096 1
3512000 0 60669953 65536 0
3513000 0 60735489 65536 1
3514000 0 60801025 16384 1
3515000 0 60817409 262144 0
3516000 0 61079553 262144 0
3517000 0 61341697 16384 1
3518000 0 61358081 65536 0
3519000 0 61423617 65536 1
3520000 0 61489153 256 1
3521000 0 61489409 256 1
3522000 0 61489665 256 1
3523000 0 61489921 4096 0
3524000 0 61494017 4096 0
3525000 0 61498113 4096 0
3526000 0 61502209 32768 0
3527000 0 61534977 4096 0
3528000 0 61539073 65536 1
3529000 0 61604609 256 1
3530000 0 61604865 256 1
3531000 0 61605121 256 1
3532000 0 61605377 4096 0
3533000 0 61609473 4096 0
3534000 0 61613569 4096 0
3535000 0 61617665 32768 0
3536000 0 61650433 4096 0
3537000 0 61654529 65536 1
3538000 0 61720065 256 1
3539000 0 61720321 256 1
3540000 0 61720577 256 1
3541000 0 61720833 4096 0
3542000 0 61724929 4096 0
3543000 0 61729025 4096 0
3544000 0 61733121 32768 0
3545000 0 61765889 4096 0
3546000 0 61769985 65536 1
3547000 0 61835521 256 1
3548000 0 61835777 256 1
3549000 0 61836033 256 1
3550000 0 61836289 4096 0
3551000 0 61840385 4096 0
3552000 0 61844481 4096 0
3553000 0 61848577 32768 0
3554000 0 61881345 4096 0
3555000 0 61885441 65536 1
3556000 0 61950977 256 1
3557000 0 61951233 256 1
3558000 0 61951489 256 1
3559000 0 61951745 4096 0
3560000 0 61955841 4096 0
3561000 0 61959937 4096 0
3562000 0 61964033 32768 0
3563000 0 61996801 4096 0
3564000 0 62000897 65536 1
3565000 0 62066433 256 1
3566000 0 62066689 256 1
3567000 0 62066945 256 1
3568000 0 62067201 4096 0
3569000 0 62071297 4096 0
3570000 0 62075393 4096 0
3571000 0 62079489 32768 0
3572000 0 62112257 4096 0
3573000 0 62116353 65536 1
3574000 0 62181889 256 1
3575000 0 62182145 256 1
3576000 0 62182401 256 1
3577000 0 62182657 4096 0
3578000 0 62186753 4096 0
3579000 0 62190849 4096 0
3580000 0 62194945 32768 0
3581000 0 62227713 4096 0
3582000 0 62231809 65536 1
3583000 0 62297345 256 1
3584000 0 62297601 256 1
3585000 0 62297857 256 1
3586000 0 62298113 4096 0
3587000 0 62302209 4096 0
3588000 0 62306305 4096 0
3589000 0 62310401 32768 0
3590000 0 62343169 4096 0
3591000 0 62347265 65536 1
3592000 0 62412801 256 1
3593000 0 62413057 256 1
3594000 0 62413313 256 1
3595000 0 62413569 4096 0
3596000 0 62417665 4096 0
3597000 0 62421761 4096 0
3598000 0 62425857 32768 0
3599000 0 62458625 4096 0
3600000 0 62462721 65536 1
3601000 0 62528257 256 1
3602000 0 62528513 256 1
3603000 0 62528769 256 1
3604000 0 62529025 4096 0
3605000 0 62533121 4096 0
3606000 0 62537217 4096 0
3607000 0 62541313 32768 0
3608000 0 62574081 4096 0
3609000 0 62578177 65536 1
3610000 0 62643713 256 1
3611000 0 62643969 256 1
3612000 0 62644225 256 1
3613000 0 62644481 4096 0
3614000 0 62648577 4096 0
3615000 0 62652673 4096 0
3616000 0 62656769 32768 0
3617000 0 62689537 4096 0
3618000 0 62693633 65536 1
3619000 0 62759169 256 1
3620000 0 62759425 256 1
3621000 0 62759681 256 1
3622000 0 62759937 4096 0
3623000 0 62764033 4096 0
3624000 0 62768129 4096 0
3625000 0 62772225 32768 0
3626000 0 62804993 4096 0
3627000 0 62809089 65536 1
3628000 0 62874625 256 1
3629000 0 62874881 256 1
3630000 0 62875137 256 1
3631000 0 62875393 4096 0
3632000 0 62879489 4096 0
3633000 0 62883585 4096 0
3634000 0 62887681 32768 0
3635000 0 62920449 4096 0
3636000 0 62924545 65536 1
3637000 0 62990081 256 1
3638000 0 62990337 256 1
3639000 0 62990593 256 1
3640000 0 62990849 4096 0
3641000 0 62994945 4096 0
3642000 0 62999041 4096 0
3643000 0 63003137 32768 0
3644000 0 63035905 4096 0
3645000 0 63040001 65536 1
3646000 0 63105537 256 1
3647000 0 63105793 256 1
3648000 0 63106049 256 1
3649000 0 63106305 4096 0
3650000 0 63110401 4096 0
3651000 0 63114497 4096 0
3652000 0 63118593 32768 0
3653000 0 63151361 4096 0
3654000 0 63155457 65536 1
3655000 0 63220993 256 1
3656000 0 63221249 256 1
3657000 0 63221505 256 1
3658000 0 63221761 4096 0
3659000 0 63225857 4096 0
3660000 0 63229953 4096 0
3661000 0 63234049 32768 0
3662000 0 63266817 4096 0
3663000 0 63270913 65536 1
3664000 0 63336449 4096 1
3665000 0 63340545 65536 0
3666000 0 63406081 65536 1
3667000 0 63471617 16384 1
3668000 0 63488001 262144 0
3669000 0 63750145 262144 0
3670000 0 64012289 16384 1
3671000 0 64028673 65536 0
